11:21:55.474 INFO  Post /login 
11:21:58.534 INFO  User login: qwe@gmail.com 
11:21:58.644 INFO  Post /login 
11:21:58.659 INFO  User login: qwe@gmail.com 
11:21:59.116 INFO  Post /login 
11:21:59.116 INFO  User login: qwe@gmail.com 
11:21:59.241 INFO  Post /login 
11:21:59.257 INFO  User login: qwe@gmail.com 
11:21:59.601 INFO  Post /login 
11:21:59.616 INFO  User login: qwe@gmail.com 
11:21:59.788 INFO  Post /login 
11:21:59.838 INFO  User login: qwe@gmail.com 
11:22:00.104 INFO  Post /login 
11:22:00.135 INFO  User login: qwe@gmail.com 
11:22:00.260 INFO  Post /login 
11:22:00.275 INFO  User login: qwe@gmail.com 
11:22:00.320 INFO  Post /login 
11:22:00.329 INFO  User login: qwe@gmail.com 
11:22:00.415 INFO  Post /login 
11:22:00.431 INFO  User login: qwe@gmail.com 
11:22:00.446 INFO  /admin/courses/addTrainingProgram: Add Training Program :test create name of new training program 
11:22:00.634 INFO  Post /login 
11:22:00.649 INFO  User login: qwe@gmail.com 
11:22:00.821 INFO  /admin/courses/addTrainingProgram: Add Training Program :Linux Programming 
11:22:00.837 INFO  Post /login 
11:22:00.884 INFO  User login: qwe@gmail.com 
11:22:00.918 INFO  /admin/updateTrainingProgram: Update Training Program :undefined 
11:22:01.458 INFO  Post /login 
11:22:01.458 INFO  User login: qwe@gmail.com 
11:22:01.646 INFO  /admin/updateTrainingProgram: Update Training Program :undefined 
11:22:01.661 INFO  Post /login 
11:22:01.677 INFO  User login: qwe@gmail.com 
11:22:01.774 INFO  Get Delete Command 
11:22:02.073 INFO  Post /login 
11:22:02.088 INFO  User login: qwe@gmail.com 
11:22:02.104 INFO  Get Delete Command 
11:22:02.119 INFO  Post /login 
11:22:02.151 INFO  User login: qwe@gmail.com 
11:22:02.182 INFO  Post /login 
11:22:02.204 INFO  User login: qwe@gmail.com 
11:22:02.235 INFO  Post /login 
11:22:02.251 INFO  User login: qwe@gmail.com 
11:22:02.282 INFO  Post /login 
11:22:02.282 INFO  User login: qwe@gmail.com 
11:22:02.866 INFO  Post /login 
11:22:02.866 INFO  User login: qwe@gmail.com 
11:22:03.976 INFO  Post /login 
11:22:03.992 INFO  User login: qwe@gmail.com 
11:22:05.133 INFO  Post /login 
11:22:05.148 INFO  User login: qwe@gmail.com 
11:22:05.570 INFO  /admin/updateClass: update Class :undefined 
11:22:05.836 INFO  Post /login 
11:22:05.851 INFO  User login: qwe@gmail.com 
11:22:06.772 INFO  Post /login 
11:22:06.804 INFO  User login: qwe@gmail.com 
11:22:06.851 INFO  Post /login 
11:22:06.882 INFO  User login: qwe@gmail.com 
11:22:06.913 INFO  Post /login 
11:22:06.929 INFO  User login: qwe@gmail.com 
11:22:08.017 INFO  Post /login 
11:22:08.048 INFO  User login: qwe@gmail.com 
11:22:09.463 INFO  Post /login 
11:22:09.479 INFO  User login: qwe@gmail.com 
11:22:09.647 INFO  Post /login 
11:22:09.659 INFO  User login: qwe@gmail.com 
11:22:09.709 INFO  Post /login 
11:22:09.724 INFO  User login: qwe@gmail.com 
11:22:09.771 INFO  Post /login 
11:22:09.787 INFO  User login: qwe@gmail.com 
11:22:09.818 INFO  Post /login 
11:22:09.834 INFO  User login: qwe@gmail.com 
11:22:09.865 INFO  Post /login 
11:22:09.896 INFO  User login: qwe@gmail.com 
11:22:09.943 INFO  Post /login 
11:22:09.959 INFO  User login: qwe@gmail.com 
11:22:09.974 INFO  Post /login 
11:22:09.990 INFO  User login: qwe@gmail.com 
11:22:10.037 INFO  Post /login 
11:22:10.037 INFO  User login: qwe@gmail.com 
11:22:10.084 INFO  Post /login 
11:22:10.099 INFO  User login: qwe@gmail.com 
11:22:10.115 INFO  Post /login 
11:22:10.131 INFO  User login: qwe@gmail.com 
11:22:10.162 INFO  Post /login 
11:22:10.177 INFO  User login: qwe@gmail.com 
11:22:10.224 INFO  Post /login 
11:22:10.240 INFO  User login: qwe@gmail.com 
11:22:10.287 INFO  Post /login 
11:22:10.302 INFO  User login: qwe@gmail.com 
11:22:10.349 INFO  Post /login 
11:22:10.396 INFO  User login: qwe@gmail.com 
11:22:10.427 INFO  Post /login 
11:22:10.443 INFO  User login: qwe@gmail.com 
11:22:10.474 INFO  Post /login 
11:22:10.506 INFO  User login: qwe@gmail.com 
11:22:10.537 INFO  Post /login 
11:22:10.552 INFO  User login: qwe@gmail.com 
11:22:10.584 INFO  Post /login 
11:22:10.599 INFO  User login: qwe@gmail.com 
11:22:10.615 INFO  Post /login 
11:22:10.662 INFO  User login: qwe@gmail.com 
11:22:10.740 INFO  Post /login 
11:22:10.756 INFO  User login: qwe@gmail.com 
11:22:10.787 INFO  Post /login 
11:22:10.802 INFO  User login: qwe@gmail.com 
11:22:10.834 INFO  Post /login 
11:22:10.849 INFO  User login: qwe@gmail.com 
11:22:10.881 INFO  Post /login 
11:22:10.912 INFO  User login: qwe@gmail.com 
11:22:10.927 INFO  Post /login 
11:22:10.959 INFO  User login: qwe@gmail.com 
11:22:10.990 INFO  Post /login 
11:22:11.006 INFO  User login: qwe@gmail.com 
11:22:11.021 INFO  Post /login 
11:22:11.052 INFO  User login: qwe@gmail.com 
11:22:11.084 INFO  Post /login 
11:22:11.099 INFO  User login: qwe@gmail.com 
11:22:11.302 INFO  Post /login 
11:22:11.318 INFO  User login: qwe@gmail.com 
11:22:11.601 INFO  Post /login 
11:22:11.618 INFO  User login: qwe@gmail.com 
