09:42:34.697 INFO  /common/course/getClassByCourseID:  
09:42:34.729 INFO  /common/course/getClassByCourseID:  
09:42:34.941 INFO  /common/course/getClassByCourseID:  
09:42:35.447 INFO  /common/course/getClassByCourseID:  
09:42:35.505 INFO  /common/course/getClassByCourseID:  
09:42:55.583 INFO  /common/course/getClassByCourseID:  
09:42:55.677 INFO  /common/course/getClassByCourseID:  
09:42:55.798 INFO  /common/course/getClassByCourseID:  
09:42:56.802 INFO  /common/course/getClassByCourseID:  
09:42:56.843 INFO  /common/course/getClassByCourseID:  
09:48:24.166 INFO  /common/course/getClassByCourseID:  
09:48:24.236 INFO  /common/course/getClassByCourseID:  
09:48:24.326 INFO  /common/course/getClassByCourseID:  
09:48:25.125 INFO  /common/course/getClassByCourseID:  
09:48:25.151 INFO  /common/course/getClassByCourseID:  
09:48:41.332 INFO  /common/course/getClassByCourseID:  
09:48:41.398 INFO  /common/course/getClassByCourseID:  
09:48:41.558 INFO  /common/course/getClassByCourseID:  
09:48:42.303 INFO  /common/course/getClassByCourseID:  
09:48:42.333 INFO  /common/course/getClassByCourseID:  
09:55:45.766 INFO  /common/course/getClassByCourseID:  
09:55:45.789 INFO  /common/course/getClassByCourseID:  
09:55:46.111 INFO  /common/course/getClassByCourseID:  
09:55:46.791 INFO  /common/course/getClassByCourseID:  
09:55:46.858 INFO  /common/course/getClassByCourseID:  
09:56:55.799 INFO  /common/course/getClassByCourseID:  
09:56:55.830 INFO  /common/course/getClassByCourseID:  
09:56:56.010 INFO  /common/course/getClassByCourseID:  
09:56:56.896 INFO  /common/course/getClassByCourseID:  
09:56:57.017 INFO  /common/course/getClassByCourseID:  
09:58:16.785 INFO  /common/course/getClassByCourseID:  
09:58:16.852 INFO  /common/course/getClassByCourseID:  
09:58:16.985 INFO  /common/course/getClassByCourseID:  
09:58:17.729 INFO  /common/course/getClassByCourseID:  
09:58:17.753 INFO  /common/course/getClassByCourseID:  
09:59:19.842 INFO  /common/course/getClassByCourseID:  
09:59:19.917 INFO  /common/course/getClassByCourseID:  
09:59:20.216 INFO  /common/course/getClassByCourseID:  
09:59:20.985 INFO  /common/course/getClassByCourseID:  
09:59:21.029 INFO  /common/course/getClassByCourseID:  
10:00:32.826 INFO  /common/course/getClassByCourseID:  
10:00:32.873 INFO  /common/course/getClassByCourseID:  
10:00:32.989 INFO  /common/course/getClassByCourseID:  
10:00:33.873 INFO  /common/course/getClassByCourseID:  
10:00:33.886 INFO  /common/course/getClassByCourseID:  
10:06:10.728 INFO  /common/course/getClassByCourseID:  
10:06:10.735 INFO  /common/course/getClassByCourseID:  
10:06:10.875 INFO  /common/course/getClassByCourseID:  
10:06:11.711 INFO  /common/course/getClassByCourseID:  
10:06:11.738 INFO  /common/course/getClassByCourseID:  
10:07:57.846 INFO  /common/course/getClassByCourseID:  
10:07:57.903 INFO  /common/course/getClassByCourseID:  
10:07:58.030 INFO  /common/course/getClassByCourseID:  
10:07:59.078 INFO  /common/course/getClassByCourseID:  
10:07:59.153 INFO  /common/course/getClassByCourseID:  
10:08:12.752 INFO  /common/course/getClassByCourseID:  
10:08:12.774 INFO  /common/course/getClassByCourseID:  
10:08:12.978 INFO  /common/course/getClassByCourseID:  
10:08:15.001 INFO  /common/course/getClassByCourseID:  
10:08:15.053 INFO  /common/course/getClassByCourseID:  
10:08:55.513 INFO  /common/course/getClassByCourseID:  
10:08:55.564 INFO  /common/course/getClassByCourseID:  
10:08:55.685 INFO  /common/course/getClassByCourseID:  
10:08:56.408 INFO  /common/course/getClassByCourseID:  
10:08:56.423 INFO  /common/course/getClassByCourseID:  
10:16:17.962 INFO  Post /login 
10:16:18.012 INFO  User login: qwe@gmail.com 
10:16:24.852 INFO  /common/course/getClassByCourseID:  
10:16:24.885 INFO  /common/course/getClassByCourseID:  
10:16:25.007 INFO  /common/course/getClassByCourseID:  
10:16:25.534 INFO  /common/course/getClassByCourseID:  
10:16:25.594 INFO  /common/course/getClassByCourseID:  
10:28:53.234 INFO  /common/course/getClassByCourseID:  
10:28:53.280 INFO  /common/course/getClassByCourseID:  
10:28:53.537 INFO  /common/course/getClassByCourseID:  
10:28:54.394 INFO  /common/course/getClassByCourseID:  
10:28:54.465 INFO  /common/course/getClassByCourseID:  
10:45:15.683 INFO  /common/course/getClassByCourseID:  
10:45:15.699 INFO  /common/course/getClassByCourseID:  
10:45:15.821 INFO  /common/course/getClassByCourseID:  
10:45:16.837 INFO  /common/course/getClassByCourseID:  
10:45:16.861 INFO  /common/course/getClassByCourseID:  
10:46:04.936 INFO  /common/course/getClassByCourseID:  
10:46:04.989 INFO  /common/course/getClassByCourseID:  
10:46:05.134 INFO  /common/course/getClassByCourseID:  
10:46:06.212 INFO  /common/course/getClassByCourseID:  
10:46:06.261 INFO  /common/course/getClassByCourseID:  
10:46:39.959 INFO  /common/course/getClassByCourseID:  
10:46:40.016 INFO  /common/course/getClassByCourseID:  
10:46:40.109 INFO  /common/course/getClassByCourseID:  
10:46:40.811 INFO  /common/course/getClassByCourseID:  
10:46:40.934 INFO  /common/course/getClassByCourseID:  
10:48:54.690 INFO  /common/course/getClassByCourseID:  
10:48:54.716 INFO  /common/course/getClassByCourseID:  
10:48:54.898 INFO  /common/course/getClassByCourseID:  
10:48:55.611 INFO  /common/course/getClassByCourseID:  
10:48:55.646 INFO  /common/course/getClassByCourseID:  
10:50:32.387 INFO  /common/course/getClassByCourseID:  
10:50:32.414 INFO  /common/course/getClassByCourseID:  
10:50:32.575 INFO  /common/course/getClassByCourseID:  
10:50:33.630 INFO  /common/course/getClassByCourseID:  
10:50:33.768 INFO  /common/course/getClassByCourseID:  
11:03:48.016 INFO  /common/course/getClassByCourseID:  
11:03:48.085 INFO  /common/course/getClassByCourseID:  
11:03:48.327 INFO  /common/course/getClassByCourseID:  
11:03:49.299 INFO  /common/course/getClassByCourseID:  
11:03:49.323 INFO  /common/course/getClassByCourseID:  
11:06:33.263 INFO  /common/course/getClassByCourseID:  
11:06:33.327 INFO  /common/course/getClassByCourseID:  
11:06:33.432 INFO  /common/course/getClassByCourseID:  
11:06:34.541 INFO  /common/course/getClassByCourseID:  
11:06:34.656 INFO  /common/course/getClassByCourseID:  
11:31:02.031 INFO  /common/course/getClassByCourseID:  
11:31:02.107 INFO  /common/course/getClassByCourseID:  
11:31:02.225 INFO  /common/course/getClassByCourseID:  
11:31:03.243 INFO  /common/course/getClassByCourseID:  
11:31:03.267 INFO  /common/course/getClassByCourseID:  
11:38:01.068 INFO  /common/course/getClassByCourseID:  
11:38:01.094 INFO  /common/course/getClassByCourseID:  
11:38:01.596 INFO  /common/course/getClassByCourseID:  
11:38:02.443 INFO  /common/course/getClassByCourseID:  
11:38:02.506 INFO  /common/course/getClassByCourseID:  
15:52:12.441 INFO  Post /login 
15:52:12.487 INFO  User login: qwe@gmail.com 
15:52:12.646 INFO  Post /login 
15:52:12.682 INFO  User login: qwe@gmail.com 
15:52:13.036 INFO  Post /login 
15:52:13.061 INFO  User login: qwe@gmail.com 
15:52:13.138 INFO  Post /login 
15:52:13.150 INFO  User login: qwe@gmail.com 
15:52:13.400 INFO  Post /login 
15:52:13.431 INFO  User login: qwe@gmail.com 
15:52:13.591 INFO  Post /login 
15:52:13.629 INFO  User login: qwe@gmail.com 
15:52:13.754 INFO  Post /login 
15:52:13.768 INFO  User login: qwe@gmail.com 
15:52:13.847 INFO  Post /login 
15:52:13.892 INFO  User login: qwe@gmail.com 
15:52:13.928 INFO  Post /login 
15:52:13.958 INFO  User login: qwe@gmail.com 
15:52:14.048 INFO  Post /login 
15:52:14.061 INFO  User login: qwe@gmail.com 
15:52:14.085 INFO  /admin/courses/addTrainingProgram: Add Training Program :test create name of new training program 
15:52:14.330 INFO  Post /login 
15:52:14.412 INFO  User login: qwe@gmail.com 
15:52:14.440 INFO  /admin/courses/addTrainingProgram: Add Training Program :Linux Programming 
15:52:14.455 INFO  Post /login 
15:52:14.471 INFO  User login: qwe@gmail.com 
15:52:14.498 INFO  /admin/updateTrainingProgram: Update Training Program :undefined 
15:52:14.696 INFO  Post /login 
15:52:14.763 INFO  User login: qwe@gmail.com 
15:52:14.787 INFO  /admin/updateTrainingProgram: Update Training Program :undefined 
15:52:14.801 INFO  Post /login 
15:52:14.828 INFO  User login: qwe@gmail.com 
15:52:14.855 INFO  Get Delete Command 
15:52:15.001 INFO  Post /login 
15:52:15.027 INFO  User login: qwe@gmail.com 
15:52:15.054 INFO  Get Delete Command 
15:52:15.067 INFO  Post /login 
15:52:15.084 INFO  User login: qwe@gmail.com 
15:52:15.128 INFO  Post /login 
15:52:15.144 INFO  User login: qwe@gmail.com 
15:52:15.183 INFO  Post /login 
15:52:15.197 INFO  User login: qwe@gmail.com 
15:52:15.232 INFO  Post /login 
15:52:15.245 INFO  User login: qwe@gmail.com 
15:52:15.667 INFO  Post /login 
15:52:15.712 INFO  User login: qwe@gmail.com 
15:52:16.485 INFO  Post /login 
15:52:16.521 INFO  User login: qwe@gmail.com 
15:52:17.168 INFO  Post /login 
15:52:17.257 INFO  User login: qwe@gmail.com 
15:52:17.483 INFO  /admin/updateClass: update Class :undefined 
15:52:17.777 INFO  Post /login 
15:52:17.792 INFO  User login: qwe@gmail.com 
15:52:18.315 INFO  Post /login 
15:52:18.387 INFO  User login: qwe@gmail.com 
15:52:18.454 INFO  Post /login 
15:52:18.472 INFO  User login: qwe@gmail.com 
15:52:18.508 INFO  Post /login 
15:52:18.521 INFO  User login: qwe@gmail.com 
15:52:19.355 INFO  Post /login 
15:52:19.382 INFO  User login: qwe@gmail.com 
15:52:19.850 INFO  Post /login 
15:52:19.896 INFO  User login: qwe@gmail.com 
15:52:20.038 INFO  Post /login 
15:52:20.056 INFO  User login: qwe@gmail.com 
15:52:20.092 INFO  Post /login 
15:52:20.125 INFO  User login: qwe@gmail.com 
15:52:20.166 INFO  Post /login 
15:52:20.183 INFO  User login: qwe@gmail.com 
15:52:20.222 INFO  Post /login 
15:52:20.254 INFO  User login: qwe@gmail.com 
15:52:20.289 INFO  Post /login 
15:52:20.304 INFO  User login: qwe@gmail.com 
15:52:20.346 INFO  Post /login 
15:52:20.357 INFO  User login: qwe@gmail.com 
15:52:20.390 INFO  Post /login 
15:52:20.407 INFO  User login: qwe@gmail.com 
15:52:20.445 INFO  Post /login 
15:52:20.456 INFO  User login: qwe@gmail.com 
15:52:20.499 INFO  Post /login 
15:52:20.513 INFO  User login: qwe@gmail.com 
15:52:20.545 INFO  Post /login 
15:52:20.558 INFO  User login: qwe@gmail.com 
15:52:20.592 INFO  Post /login 
15:52:20.618 INFO  User login: qwe@gmail.com 
15:52:20.654 INFO  Post /login 
15:52:20.667 INFO  User login: qwe@gmail.com 
15:52:20.702 INFO  Post /login 
15:52:20.718 INFO  User login: qwe@gmail.com 
15:52:20.753 INFO  Post /login 
15:52:20.768 INFO  User login: qwe@gmail.com 
15:52:20.802 INFO  Post /login 
15:52:20.817 INFO  User login: qwe@gmail.com 
15:52:20.853 INFO  Post /login 
15:52:20.866 INFO  User login: qwe@gmail.com 
15:52:20.886 INFO  /common/course/getClassByCourseID:  
15:52:20.929 INFO  Post /login 
15:52:20.963 INFO  User login: qwe@gmail.com 
15:52:20.999 INFO  Post /login 
15:52:21.085 INFO  User login: qwe@gmail.com 
15:52:21.119 INFO  Post /login 
15:52:21.151 INFO  User login: qwe@gmail.com 
15:52:21.173 INFO  /common/course/getClassByCourseID:  
15:52:21.192 INFO  Post /login 
15:52:21.208 INFO  User login: qwe@gmail.com 
15:52:21.248 INFO  Post /login 
15:52:21.271 INFO  User login: qwe@gmail.com 
15:52:21.304 INFO  Post /login 
15:52:21.329 INFO  User login: qwe@gmail.com 
15:52:21.362 INFO  Post /login 
15:52:21.378 INFO  User login: qwe@gmail.com 
15:52:21.415 INFO  Post /login 
15:52:21.439 INFO  User login: qwe@gmail.com 
15:52:21.591 INFO  Post /login 
15:52:21.646 INFO  User login: qwe@gmail.com 
15:52:21.696 INFO  Post /login 
15:52:21.743 INFO  User login: qwe@gmail.com 
15:52:21.775 INFO  Post /login 
15:52:21.845 INFO  User login: qwe@gmail.com 
15:52:21.905 INFO  Post /login 
15:52:21.946 INFO  User login failed. 
15:52:21.954 INFO  Post /login 
15:52:21.971 INFO  User login: s3595082@rmit.edu.vn 
15:52:21.994 INFO  Post /login 
15:52:22.011 INFO  User login failed. 
15:52:22.020 INFO  Post /login 
15:52:22.049 INFO  User login failed. 
15:52:22.056 INFO  Post /login 
15:52:22.075 INFO  User login: nam@gmail.com 
15:52:22.083 INFO  Post /login 
15:52:22.098 INFO  User login failed. 
15:52:22.107 INFO  Post /login 
15:52:22.132 INFO  User login failed. 
15:52:22.140 INFO  Post /login 
15:52:22.171 INFO  User login failed. 
15:52:22.191 INFO  Post /login 
15:52:22.207 INFO  User login failed. 
15:52:22.216 INFO  Post /login 
15:52:22.234 INFO  User login failed. 
15:52:22.242 INFO  Post /login 
15:52:22.258 INFO  User login failed. 
15:52:22.267 INFO  Post /login 
15:52:22.284 INFO  User login failed. 
15:52:22.294 INFO  GET /logout 
15:52:22.302 INFO  Post /login 
15:52:22.331 INFO  User login: qwe@gmail.com 
15:52:22.373 INFO  Post /login 
15:52:22.399 INFO  User login: qwe@gmail.com 
15:52:22.968 INFO  Post /login 
15:52:22.984 INFO  User login: qwe@gmail.com 
15:52:23.534 INFO  Post /login 
15:52:23.598 INFO  User login: qwe@gmail.com 
15:52:23.771 INFO  Post /login 
15:52:23.800 INFO  User login: qwe@gmail.com 
15:52:24.093 INFO  Post /login 
15:52:24.108 INFO  User login: qwe@gmail.com 
15:52:24.473 INFO  Post /login 
15:52:24.528 INFO  User login: qwe@gmail.com 
15:52:24.774 INFO  Post /login 
15:52:24.812 INFO  User login: qwe@gmail.com 
15:52:24.876 INFO  Post /login 
15:52:24.896 INFO  User login: qwe@gmail.com 
15:52:25.147 INFO  Post /login 
15:52:25.166 INFO  User login: qwe@gmail.com 
15:52:25.321 INFO  Post /login 
15:52:25.339 INFO  User login: qwe@gmail.com 
15:52:25.559 INFO  Post /login 
15:52:25.573 INFO  User login: qwe@gmail.com 
15:52:25.616 INFO  Post /login 
15:52:25.631 INFO  User login: qwe@gmail.com 
15:52:25.675 INFO  Post /login 
15:52:25.691 INFO  User login: qwe@gmail.com 
15:52:25.728 INFO  Post /login 
15:52:25.740 INFO  User login: qwe@gmail.com 
15:52:25.780 INFO  Post /login 
15:52:25.792 INFO  User login: qwe@gmail.com 
15:52:25.832 INFO  Post /login 
15:52:25.850 INFO  User login: qwe@gmail.com 
15:52:25.885 INFO  Post /login 
15:52:25.900 INFO  User login: qwe@gmail.com 
15:52:25.935 INFO  Post /login 
15:52:25.948 INFO  User login: qwe@gmail.com 
15:52:26.212 INFO  Post /login 
15:52:26.225 INFO  User login: qwe@gmail.com 
15:52:26.547 INFO  Post /login 
15:52:26.562 INFO  User login: qwe@gmail.com 
15:52:26.678 INFO  Post /login 
15:52:26.698 INFO  User login: qwe@gmail.com 
15:52:26.909 INFO  Post /login 
15:52:27.008 INFO  User login: qwe@gmail.com 
15:52:27.084 INFO  Post /login 
15:52:27.166 INFO  User login: qwe@gmail.com 
15:52:27.230 INFO  Post /login 
15:52:27.277 INFO  User login: qwe@gmail.com 
15:52:27.333 INFO  Post /login 
15:52:27.404 INFO  User login: qwe@gmail.com 
15:52:27.463 INFO  Post /login 
15:52:27.517 INFO  User login: qwe@gmail.com 
15:52:27.604 INFO  Post /login 
15:52:27.619 INFO  User login: qwe@gmail.com 
15:52:27.710 INFO  Post /login 
15:52:27.735 INFO  User login: qwe@gmail.com 
15:52:27.816 INFO  Post /login 
15:52:27.831 INFO  User login: qwe@gmail.com 
15:52:27.903 INFO  Post /login 
15:52:27.927 INFO  User login: qwe@gmail.com 
15:52:28.001 INFO  Post /login 
15:52:28.014 INFO  User login: qwe@gmail.com 
15:52:28.354 INFO  Post /login 
15:52:28.399 INFO  User login: qwe@gmail.com 
15:52:28.693 INFO  Post /login 
15:52:28.711 INFO  User login: qwe@gmail.com 
15:52:29.004 INFO  Post /login 
15:52:29.023 INFO  User login: qwe@gmail.com 
15:52:29.237 INFO  Post /login 
15:52:29.257 INFO  User login: qwe@gmail.com 
15:52:29.374 INFO  Post /login 
15:52:29.416 INFO  User login: qwe@gmail.com 
15:52:29.708 INFO  Post /login 
15:52:29.779 INFO  User login: qwe@gmail.com 
15:52:29.929 INFO  Post /login 
15:52:29.950 INFO  User login: qwe@gmail.com 
15:52:30.292 INFO  Post /login 
15:52:30.320 INFO  User login: qwe@gmail.com 
15:52:30.713 INFO  Post /login 
15:52:30.731 INFO  User login: qwe@gmail.com 
15:52:30.873 INFO  Post /login 
15:52:30.899 INFO  User login: qwe@gmail.com 
15:52:31.000 INFO  Post /login 
15:52:31.019 INFO  User login: qwe@gmail.com 
15:52:31.123 INFO  Post /login 
15:52:31.140 INFO  User login: qwe@gmail.com 
15:52:31.185 INFO  Post /login 
15:52:31.222 INFO  User login: qwe@gmail.com 
15:52:31.272 INFO  Post /login 
15:52:31.307 INFO  User login: qwe@gmail.com 
15:52:31.359 INFO  Post /login 
15:52:31.372 INFO  User login: qwe@gmail.com 
15:52:31.405 INFO  Post /login 
15:52:31.419 INFO  User login: qwe@gmail.com 
15:52:31.451 INFO  Post /login 
15:52:31.471 INFO  User login: qwe@gmail.com 
15:52:31.505 INFO  Post /login 
15:52:31.531 INFO  User login: qwe@gmail.com 
15:52:31.565 INFO  Post /login 
15:52:31.619 INFO  User login: qwe@gmail.com 
15:52:31.673 INFO  Post /login 
15:52:31.687 INFO  User login: qwe@gmail.com 
15:52:31.752 INFO  Post /login 
15:52:31.772 INFO  User login: qwe@gmail.com 
15:52:31.808 INFO  Post /login 
15:52:31.821 INFO  User login: qwe@gmail.com 
15:52:31.853 INFO  Post /login 
15:52:31.871 INFO  User login: qwe@gmail.com 
15:52:31.902 INFO  Post /login 
15:52:31.921 INFO  User login: qwe@gmail.com 
15:52:31.951 INFO  Post /login 
15:52:31.978 INFO  User login: qwe@gmail.com 
15:52:32.014 INFO  Post /login 
15:52:32.027 INFO  User login: qwe@gmail.com 
15:52:32.063 INFO  Post /login 
15:52:32.079 INFO  User login: qwe@gmail.com 
15:52:32.112 INFO  Post /login 
15:52:32.189 INFO  User login: qwe@gmail.com 
15:52:32.242 INFO  Post /login 
15:52:32.265 INFO  User login: qwe@gmail.com 
15:52:32.299 INFO  Post /login 
15:52:32.329 INFO  User login: qwe@gmail.com 
15:52:32.503 INFO  Post /login 
15:52:32.516 INFO  User login: qwe@gmail.com 
15:52:32.746 INFO  Post /login 
15:52:32.775 INFO  User login: qwe@gmail.com 
15:52:32.949 INFO  Post /login 
15:52:32.966 INFO  User login: qwe@gmail.com 
15:52:33.096 INFO  Post /login 
15:52:33.110 INFO  User login: qwe@gmail.com 
15:52:33.239 INFO  Post /login 
15:52:33.255 INFO  User login: qwe@gmail.com 
15:52:33.330 INFO  Post /login 
15:52:33.356 INFO  User login: qwe@gmail.com 
15:52:33.485 INFO  Post /login 
15:52:33.513 INFO  User login: qwe@gmail.com 
15:52:33.573 INFO  Post /login 
15:52:33.598 INFO  User login: qwe@gmail.com 
15:52:33.633 INFO  Post /login 
15:52:33.645 INFO  User login: qwe@gmail.com 
15:52:33.796 INFO  Post /login 
15:52:33.824 INFO  User login: qwe@gmail.com 
15:52:33.868 INFO  Post /login 
15:52:33.900 INFO  User login: qwe@gmail.com 
15:52:33.934 INFO  Post /login 
15:52:33.986 INFO  User login: qwe@gmail.com 
15:52:34.021 INFO  Post /login 
15:52:34.055 INFO  User login: qwe@gmail.com 
15:52:34.156 INFO  Post /login 
15:52:34.175 INFO  User login: qwe@gmail.com 
