09:51:56.209 INFO  Post /login 
09:51:56.267 INFO  User login: qwe@gmail.com 
09:51:56.347 INFO  Ensure authenticated middleware 
09:51:56.347 INFO  Ensure admin middleware 
09:51:56.391 INFO  Post /login 
09:51:56.412 INFO  User login: qwe@gmail.com 
09:51:56.446 INFO  Ensure authenticated middleware 
09:51:56.446 INFO  Ensure admin middleware 
09:51:56.517 INFO  Post /login 
09:51:56.537 INFO  User login: qwe@gmail.com 
09:51:56.568 INFO  Ensure authenticated middleware 
09:51:56.568 INFO  Ensure admin middleware 
09:51:56.625 INFO  Post /login 
09:51:56.643 INFO  User login: qwe@gmail.com 
09:51:56.671 INFO  Ensure authenticated middleware 
09:51:56.671 INFO  Ensure admin middleware 
09:51:56.721 INFO  Post /login 
09:51:56.744 INFO  User login: qwe@gmail.com 
09:51:56.764 INFO  Ensure authenticated middleware 
09:51:56.764 INFO  Ensure admin middleware 
09:51:56.808 INFO  Post /login 
09:51:56.819 INFO  User login: qwe@gmail.com 
09:51:56.841 INFO  Ensure authenticated middleware 
09:51:56.841 INFO  Ensure admin middleware 
09:51:56.868 INFO  Post /login 
09:51:56.880 INFO  User login: qwe@gmail.com 
09:51:56.916 INFO  Ensure authenticated middleware 
09:51:56.916 INFO  Ensure admin middleware 
09:51:56.986 INFO  Post /login 
09:51:57.005 INFO  User login: qwe@gmail.com 
09:51:57.030 INFO  Ensure authenticated middleware 
09:51:57.030 INFO  Ensure admin middleware 
09:51:57.037 INFO  /admin/courses/addTrainingProgram: Add Training Program :test creat name of new training program 
09:51:57.071 INFO  Post /login 
09:51:57.080 INFO  User login: qwe@gmail.com 
09:51:57.112 INFO  Ensure authenticated middleware 
09:51:57.112 INFO  Ensure admin middleware 
09:51:57.119 INFO  /admin/courses/addTrainingProgram: Add Training Program :Linux Programming 
09:51:57.128 INFO  Post /login 
09:51:57.140 INFO  User login: qwe@gmail.com 
09:51:57.174 INFO  Ensure authenticated middleware 
09:51:57.174 INFO  Ensure admin middleware 
09:51:57.182 INFO  /admin/: Update Training Program :test update name of new training program 
09:51:57.217 INFO  Post /login 
09:51:57.227 INFO  User login: qwe@gmail.com 
09:51:57.250 INFO  Ensure authenticated middleware 
09:51:57.250 INFO  Ensure admin middleware 
09:51:57.259 INFO  Get Delete Command 
09:51:57.274 INFO  Post /login 
09:51:57.291 INFO  User login: qwe@gmail.com 
09:51:57.326 INFO  Ensure authenticated middleware 
09:51:57.326 INFO  Ensure admin middleware 
09:51:57.362 INFO  Post /login 
09:51:57.374 INFO  User login: qwe@gmail.com 
09:51:57.396 INFO  Ensure authenticated middleware 
09:51:57.396 INFO  Ensure admin middleware 
09:51:57.407 INFO  /admin/courses/addClass: Add Class :test creat loc 
09:51:57.435 INFO  Post /login 
09:51:57.442 INFO  User login: qwe@gmail.com 
09:51:57.464 INFO  Ensure authenticated middleware 
09:51:57.464 INFO  Ensure admin middleware 
09:51:57.476 INFO  /admin/updateClass: update Class :1 
09:51:57.518 INFO  Post /login 
09:51:57.530 INFO  User login: qwe@gmail.com 
09:51:57.567 INFO  Ensure authenticated middleware 
09:51:57.567 INFO  Ensure admin middleware 
09:51:57.573 INFO  Get Delete Command 
09:51:57.586 INFO  Post /login 
09:51:57.611 INFO  User login: qwe@gmail.com 
09:51:57.656 INFO  Ensure authenticated middleware 
09:51:57.656 INFO  Ensure admin middleware 
09:51:57.684 INFO  Post /login 
09:51:57.719 INFO  User login: qwe@gmail.com 
09:51:57.758 INFO  Ensure authenticated middleware 
09:51:57.758 INFO  Ensure admin middleware 
09:51:57.792 INFO  Post /login 
09:51:57.838 INFO  User login: qwe@gmail.com 
09:51:57.872 INFO  Post /login 
09:51:57.886 INFO  User login: qwe@gmail.com 
09:51:57.932 INFO  /common/course/getClassByCourseID:  
09:51:57.960 INFO  Post /login 
09:51:57.978 INFO  User login: qwe@gmail.com 
09:51:58.015 INFO  Post /login 
09:51:58.034 INFO  User login failed. 
09:51:58.040 INFO  Post /login 
09:51:58.054 INFO  User login: qwe@gmail.com 
09:51:58.088 INFO  Post /login 
09:51:58.149 INFO  User login failed. 
09:51:58.155 INFO  Post /login 
09:51:58.164 INFO  User login failed. 
09:51:58.172 INFO  Post /login 
09:51:58.181 INFO  User login failed. 
09:51:58.195 INFO  Post /login 
09:51:58.212 INFO  User login: bqd@gmail.com 
09:51:58.220 INFO  Post /login 
09:51:58.236 INFO  User login failed. 
09:51:58.244 INFO  Post /login 
09:51:58.261 INFO  User login failed. 
09:51:58.270 INFO  Post /login 
09:51:58.293 INFO  User login failed. 
09:51:58.302 INFO  GET /logout 
09:52:00.414 INFO  Post /login 
09:52:00.431 INFO  User login: qwe@gmail.com 
09:52:00.467 INFO  Post /login 
09:52:00.501 INFO  User login: qwe@gmail.com 
09:52:00.533 INFO  Ensure authenticated middleware 
09:52:00.533 INFO  Ensure trainee middleware 
09:52:00.596 INFO  Post /login 
09:52:00.626 INFO  User login: qwe@gmail.com 
09:52:00.667 INFO  Ensure authenticated middleware 
09:52:00.667 INFO  Ensure trainee middleware 
09:52:00.695 INFO  Post /login 
09:52:00.711 INFO  User login: qwe@gmail.com 
09:52:00.748 INFO  Ensure authenticated middleware 
09:52:00.748 INFO  Ensure trainee middleware 
09:52:00.775 INFO  Post /login 
09:52:00.806 INFO  User login: qwe@gmail.com 
09:52:00.831 INFO  Ensure authenticated middleware 
09:52:00.831 INFO  Ensure trainee middleware 
09:52:00.852 INFO  Post /login 
09:52:00.868 INFO  User login: qwe@gmail.com 
09:52:00.898 INFO  Ensure authenticated middleware 
09:52:00.898 INFO  Ensure trainee middleware 
09:52:00.939 INFO  Post /login 
09:52:00.955 INFO  User login: qwe@gmail.com 
09:52:00.977 INFO  Ensure authenticated middleware 
09:52:00.977 INFO  Ensure trainee middleware 
09:52:01.020 INFO  Post /login 
09:52:01.033 INFO  User login: qwe@gmail.com 
09:52:01.055 INFO  Ensure authenticated middleware 
09:52:01.055 INFO  Ensure trainee middleware 
09:52:01.085 INFO  Post /login 
09:52:01.100 INFO  User login: qwe@gmail.com 
09:52:01.123 INFO  Ensure authenticated middleware 
09:52:01.123 INFO  Ensure trainee middleware 
09:52:01.151 INFO  Post /login 
09:52:01.159 INFO  User login: qwe@gmail.com 
09:52:01.184 INFO  Ensure authenticated middleware 
09:52:01.184 INFO  Ensure trainee middleware 
09:52:01.226 INFO  Post /login 
09:52:01.236 INFO  User login: qwe@gmail.com 
09:52:01.262 INFO  Ensure authenticated middleware 
09:52:01.262 INFO  Ensure trainee middleware 
09:52:01.350 INFO  Post /login 
09:52:01.359 INFO  User login: qwe@gmail.com 
09:52:01.385 INFO  Ensure authenticated middleware 
09:52:01.385 INFO  Ensure trainee middleware 
09:52:01.476 INFO  Post /login 
09:52:01.514 INFO  User login: qwe@gmail.com 
09:52:01.537 INFO  Ensure authenticated middleware 
09:52:01.537 INFO  Ensure trainee middleware 
09:52:01.563 INFO  Post /login 
09:52:01.572 INFO  User login: qwe@gmail.com 
09:52:01.598 INFO  Ensure authenticated middleware 
09:52:01.598 INFO  Ensure trainee middleware 
09:52:01.618 INFO  Post /login 
09:52:01.630 INFO  User login: qwe@gmail.com 
09:52:01.651 INFO  Ensure authenticated middleware 
09:52:01.651 INFO  Ensure trainee middleware 
09:52:01.669 INFO  Post /login 
09:52:01.683 INFO  User login: qwe@gmail.com 
09:52:01.725 INFO  Ensure authenticated middleware 
09:52:01.725 INFO  Ensure trainee middleware 
09:52:01.755 INFO  Post /login 
09:52:01.812 INFO  User login: thach@gmail.com 
09:52:01.835 INFO  Ensure authenticated middleware 
09:52:01.835 INFO  Ensure trainee middleware 
09:52:01.863 INFO  Post /login 
09:52:01.872 INFO  User login: qwe@gmail.com 
09:52:01.894 INFO  Ensure authenticated middleware 
09:52:01.894 INFO  GET /users/getUserInfo 
09:52:01.920 INFO  Post /login 
09:52:01.982 INFO  User login: qwe@gmail.com 
09:52:02.020 INFO  Ensure authenticated middleware 
09:52:02.020 INFO  GET /users/getUserInfo 
09:52:02.034 INFO  Post /login 
09:52:02.067 INFO  User login: qwe@gmail.com 
09:52:02.089 INFO  Ensure authenticated middleware 
09:52:02.089 INFO  GET /users/getUserInfo 
09:52:02.112 INFO  Post /login 
09:52:02.122 INFO  User login: qwe@gmail.com 
09:52:02.150 INFO  Ensure authenticated middleware 
09:52:02.150 INFO  /routes/users: Save edit userprofile 
09:52:02.174 INFO  Post /login 
09:52:02.182 INFO  User login: qwe@gmail.com 
09:52:02.217 INFO  Ensure authenticated middleware 
09:52:02.218 INFO  /routes/users: Upload avatar 
09:52:02.278 INFO  Post /login 
09:52:02.293 INFO  User login: qwe@gmail.com 
09:52:02.314 INFO  Ensure authenticated middleware 
09:52:02.357 INFO  Post /login 
09:52:02.366 INFO  User login: qwe@gmail.com 
09:52:02.390 INFO  Ensure authenticated middleware 
09:52:02.418 INFO  Post /login 
09:52:02.444 INFO  User login: qwe@gmail.com 
09:52:02.465 INFO  Ensure authenticated middleware 
09:52:02.465 INFO  /routes/users: Save edit userprofile 
09:52:02.487 INFO  Post /login 
09:52:02.498 INFO  User login: qwe@gmail.com 
09:52:02.525 INFO  Ensure authenticated middleware 
09:52:02.549 INFO  Post /login 
09:52:02.575 INFO  User login: qwe@gmail.com 
09:52:02.606 INFO  Ensure authenticated middleware 
09:52:02.606 INFO  /routes/users: Save edit userprofile 
09:52:02.628 INFO  Post /login 
09:52:02.643 INFO  User login: tranhoangnam3108@gmail.com 
09:52:02.651 INFO  Ensure authenticated middleware 
09:52:02.651 INFO  /routes/users: Save edit userprofile 
09:53:25.854 INFO  Post /login 
09:53:25.905 INFO  User login: qwe@gmail.com 
09:53:26.053 INFO  Ensure authenticated middleware 
09:53:26.053 INFO  Ensure admin middleware 
09:53:27.342 INFO  /common/course/getClassByCourseID:  
09:53:27.359 INFO  /common/course/getClassByCourseID:  
09:53:31.417 INFO  Ensure authenticated middleware 
09:53:31.417 INFO  Ensure trainee middleware 
09:53:31.427 INFO  Ensure authenticated middleware 
09:53:31.427 INFO  Ensure trainee middleware 
09:53:31.427 INFO  Ensure authenticated middleware 
09:53:31.427 INFO  Ensure trainee middleware 
09:53:31.811 INFO  Ensure authenticated middleware 
09:53:31.811 INFO  Ensure trainee middleware 
09:53:41.210 INFO  Ensure authenticated middleware 
09:53:41.210 INFO  Ensure trainee middleware 
09:53:41.267 INFO  Ensure authenticated middleware 
09:53:41.267 INFO  Ensure trainee middleware 
09:53:41.272 INFO  Ensure authenticated middleware 
09:53:41.272 INFO  Ensure trainee middleware 
09:53:41.280 INFO  Ensure authenticated middleware 
09:53:41.280 INFO  Ensure trainee middleware 
09:54:00.261 INFO  Ensure authenticated middleware 
09:54:00.261 INFO  Ensure admin middleware 
09:54:02.819 INFO  /common/course/getClassByCourseID:  
09:54:02.840 INFO  /common/course/getClassByCourseID:  
09:54:05.111 INFO  Ensure authenticated middleware 
09:54:05.111 INFO  Ensure trainee middleware 
09:54:05.119 INFO  Ensure authenticated middleware 
09:54:05.119 INFO  Ensure trainee middleware 
09:54:05.124 INFO  Ensure authenticated middleware 
09:54:05.124 INFO  Ensure trainee middleware 
09:54:05.264 INFO  Ensure authenticated middleware 
09:54:05.264 INFO  Ensure trainee middleware 
09:54:08.658 INFO  Ensure authenticated middleware 
09:54:08.658 INFO  Ensure admin middleware 
09:54:29.792 INFO  Ensure authenticated middleware 
09:54:29.792 INFO  Ensure admin middleware 
09:54:29.979 INFO  Ensure authenticated middleware 
09:54:29.979 INFO  Ensure admin middleware 
09:54:30.039 INFO  Ensure authenticated middleware 
09:54:30.039 INFO  Ensure admin middleware 
09:54:30.060 INFO  Ensure authenticated middleware 
09:54:30.061 INFO  Ensure admin middleware 
09:54:35.634 INFO  /common/course/getClassByCourseID:  
09:54:35.647 INFO  /common/course/getClassByCourseID:  
09:55:12.374 INFO  Ensure authenticated middleware 
09:55:12.374 INFO  Ensure admin middleware 
09:55:12.603 INFO  Ensure authenticated middleware 
09:55:12.603 INFO  Ensure admin middleware 
09:55:12.611 INFO  Ensure authenticated middleware 
09:55:12.611 INFO  Ensure admin middleware 
09:55:12.672 INFO  Ensure authenticated middleware 
09:55:12.672 INFO  Ensure admin middleware 
09:55:20.335 INFO  /common/course/getClassByCourseID:  
09:55:20.347 INFO  /common/course/getClassByCourseID:  
09:55:43.000 INFO  /common/course/getClassByCourseID:  
09:55:43.011 INFO  /common/course/getClassByCourseID:  
09:55:52.750 INFO  Ensure authenticated middleware 
09:55:52.750 INFO  Ensure admin middleware 
09:55:52.982 INFO  Ensure authenticated middleware 
09:55:52.982 INFO  Ensure admin middleware 
09:55:52.988 INFO  Ensure authenticated middleware 
09:55:52.989 INFO  Ensure admin middleware 
09:55:53.035 INFO  Ensure authenticated middleware 
09:55:53.035 INFO  Ensure admin middleware 
09:55:57.551 INFO  /common/course/getClassByCourseID:  
09:55:57.564 INFO  /common/course/getClassByCourseID:  
10:05:01.551 INFO  Post /login 
10:05:01.784 INFO  Post /login 
10:05:01.834 INFO  User login: qwe@gmail.com 
10:05:02.337 INFO  Ensure authenticated middleware 
10:05:02.337 INFO  Receive unauthenticated request 
10:05:02.342 INFO  Ensure authenticated middleware 
10:05:02.343 INFO  Receive unauthenticated request 
10:05:02.356 INFO  Ensure authenticated middleware 
10:05:02.356 INFO  Receive unauthenticated request 
10:05:02.723 INFO  Ensure authenticated middleware 
10:05:02.723 INFO  Receive unauthenticated request 
10:05:04.575 INFO  User login: qwe@gmail.com 
10:05:13.766 INFO  Post /login 
10:05:13.795 INFO  User login: qwe@gmail.com 
10:05:13.895 INFO  Ensure authenticated middleware 
10:05:13.895 INFO  Ensure trainee middleware 
10:05:13.903 INFO  Ensure authenticated middleware 
10:05:13.903 INFO  Ensure trainee middleware 
10:05:13.913 INFO  Ensure authenticated middleware 
10:05:13.913 INFO  Ensure trainee middleware 
10:05:14.043 INFO  Ensure authenticated middleware 
10:05:14.043 INFO  Ensure trainee middleware 
10:05:16.247 INFO  Ensure authenticated middleware 
10:05:16.247 INFO  Ensure trainee middleware 
10:12:10.922 INFO  Post /login 
10:12:10.986 INFO  User login: qwe@gmail.com 
10:12:11.090 INFO  Ensure authenticated middleware 
10:12:11.090 INFO  Ensure admin middleware 
10:12:12.338 INFO  Ensure authenticated middleware 
10:12:12.338 INFO  Ensure admin middleware 
10:12:12.486 INFO  Ensure authenticated middleware 
10:12:12.486 INFO  Ensure admin middleware 
10:12:12.581 INFO  Ensure authenticated middleware 
10:12:12.581 INFO  Ensure admin middleware 
10:12:12.584 INFO  Ensure authenticated middleware 
10:12:12.584 INFO  Ensure admin middleware 
10:12:21.174 INFO  Ensure authenticated middleware 
10:12:21.175 INFO  GET /users/getUserInfo 
10:12:21.856 INFO  Ensure authenticated middleware 
10:12:21.856 INFO  Ensure admin middleware 
10:12:22.060 INFO  Ensure authenticated middleware 
10:12:22.060 INFO  Ensure admin middleware 
10:12:22.068 INFO  Ensure authenticated middleware 
10:12:22.068 INFO  Ensure admin middleware 
10:12:22.148 INFO  Ensure authenticated middleware 
10:12:22.148 INFO  Ensure admin middleware 
10:12:25.028 INFO  /common/course/getClassByCourseID:  
10:12:25.041 INFO  /common/course/getClassByCourseID:  
10:24:21.896 INFO  Ensure authenticated middleware 
10:24:21.896 INFO  Ensure admin middleware 
10:24:22.141 INFO  Ensure authenticated middleware 
10:24:22.141 INFO  Ensure admin middleware 
10:24:22.146 INFO  Ensure authenticated middleware 
10:24:22.146 INFO  Ensure admin middleware 
10:24:22.238 INFO  Ensure authenticated middleware 
10:24:22.238 INFO  Ensure admin middleware 
10:24:24.970 INFO  /common/course/getClassByCourseID:  
10:24:24.972 INFO  /common/course/getClassByCourseID:  
10:24:30.010 INFO  Ensure authenticated middleware 
10:24:30.011 INFO  Ensure trainee middleware 
10:24:30.019 INFO  Ensure authenticated middleware 
10:24:30.019 INFO  Ensure trainee middleware 
10:24:30.019 INFO  Ensure authenticated middleware 
10:24:30.019 INFO  Ensure trainee middleware 
10:24:30.318 INFO  Ensure authenticated middleware 
10:24:30.318 INFO  Ensure trainee middleware 
10:24:32.744 INFO  /common/course/getClassByCourseID:  
10:24:32.754 INFO  /common/course/getClassByCourseID:  
10:24:37.528 INFO  Ensure authenticated middleware 
10:24:37.528 INFO  Ensure trainee middleware 
10:24:37.558 INFO  Ensure authenticated middleware 
10:24:37.558 INFO  Ensure trainee middleware 
10:24:37.566 INFO  Ensure authenticated middleware 
10:24:37.566 INFO  Ensure trainee middleware 
10:24:37.566 INFO  Ensure authenticated middleware 
10:24:37.567 INFO  Ensure trainee middleware 
10:24:39.726 INFO  /common/course/getClassByCourseID:  
10:24:39.752 INFO  /common/course/getClassByCourseID:  
10:24:41.966 INFO  Ensure authenticated middleware 
10:24:41.966 INFO  Ensure admin middleware 
10:24:43.234 INFO  Ensure authenticated middleware 
10:24:43.235 INFO  Ensure admin middleware 
10:24:43.424 INFO  Ensure authenticated middleware 
10:24:43.424 INFO  Ensure admin middleware 
10:24:43.430 INFO  Ensure authenticated middleware 
10:24:43.430 INFO  Ensure admin middleware 
10:24:43.472 INFO  Ensure authenticated middleware 
10:24:43.472 INFO  Ensure admin middleware 
10:24:45.118 INFO  /common/course/getClassByCourseID:  
10:24:45.131 INFO  /common/course/getClassByCourseID:  
10:27:58.547 INFO  /common/course/getClassByCourseID:  
10:27:58.554 INFO  /common/course/getClassByCourseID:  
10:28:01.851 INFO  Ensure authenticated middleware 
10:28:01.851 INFO  Ensure admin middleware 
10:28:02.041 INFO  Ensure authenticated middleware 
10:28:02.041 INFO  Ensure admin middleware 
10:28:02.046 INFO  Ensure authenticated middleware 
10:28:02.046 INFO  Ensure admin middleware 
10:28:02.093 INFO  Ensure authenticated middleware 
10:28:02.093 INFO  Ensure admin middleware 
10:28:03.926 INFO  /common/course/getClassByCourseID:  
10:28:03.942 INFO  /common/course/getClassByCourseID:  
10:34:01.880 INFO  /common/course/getClassByCourseID:  
10:34:01.917 INFO  /common/course/getClassByCourseID:  
10:34:09.696 INFO  Post /login 
10:34:12.754 INFO  User login: qwe@gmail.com 
10:34:16.720 INFO  Post /login 
10:34:16.739 INFO  User login: qwe@gmail.com 
10:34:16.816 INFO  Ensure authenticated middleware 
10:34:16.816 INFO  Ensure admin middleware 
10:34:18.174 INFO  Ensure authenticated middleware 
10:34:18.174 INFO  Ensure admin middleware 
10:34:18.320 INFO  Ensure authenticated middleware 
10:34:18.320 INFO  Ensure admin middleware 
10:34:18.409 INFO  Ensure authenticated middleware 
10:34:18.409 INFO  Ensure admin middleware 
10:34:18.453 INFO  Ensure authenticated middleware 
10:34:18.453 INFO  Ensure admin middleware 
10:34:20.794 INFO  /common/course/getClassByCourseID:  
10:34:20.807 INFO  /common/course/getClassByCourseID:  
10:41:07.312 INFO  /common/course/getClassByCourseID:  
10:41:07.330 INFO  /common/course/getClassByCourseID:  
10:41:11.964 INFO  GET /logout 
10:41:14.081 INFO  Post /login 
10:41:14.110 INFO  User login: qwe@gmail.com 
10:41:14.191 INFO  Ensure authenticated middleware 
10:41:14.191 INFO  Ensure admin middleware 
10:41:15.298 INFO  Ensure authenticated middleware 
10:41:15.298 INFO  Ensure admin middleware 
10:41:15.521 INFO  Ensure authenticated middleware 
10:41:15.521 INFO  Ensure admin middleware 
10:41:15.600 INFO  Ensure authenticated middleware 
10:41:15.600 INFO  Ensure admin middleware 
10:41:15.668 INFO  Ensure authenticated middleware 
10:41:15.668 INFO  Ensure admin middleware 
10:41:17.441 INFO  /common/course/getClassByCourseID:  
10:41:17.453 INFO  /common/course/getClassByCourseID:  
10:41:21.619 INFO  Ensure authenticated middleware 
10:41:21.619 INFO  Ensure admin middleware 
10:41:21.625 INFO  Get Delete Command 
10:41:24.521 INFO  /common/course/getClassByCourseID:  
10:41:24.535 INFO  /common/course/getClassByCourseID:  
10:41:27.436 INFO  Ensure authenticated middleware 
10:41:27.437 INFO  Ensure admin middleware 
10:41:27.623 INFO  Ensure authenticated middleware 
10:41:27.623 INFO  Ensure admin middleware 
10:41:27.723 INFO  Ensure authenticated middleware 
10:41:27.723 INFO  Ensure admin middleware 
10:41:27.777 INFO  Ensure authenticated middleware 
10:41:27.777 INFO  Ensure admin middleware 
10:41:29.693 INFO  /common/course/getClassByCourseID:  
10:41:29.705 INFO  /common/course/getClassByCourseID:  
10:43:41.552 INFO  /common/course/getClassByCourseID:  
10:43:41.576 INFO  /common/course/getClassByCourseID:  
10:43:45.374 INFO  GET /logout 
10:43:47.769 INFO  Post /login 
10:43:47.797 INFO  User login: qwe@gmail.com 
10:43:47.874 INFO  Ensure authenticated middleware 
10:43:47.874 INFO  Ensure admin middleware 
10:43:49.289 INFO  Ensure authenticated middleware 
10:43:49.289 INFO  Ensure admin middleware 
10:43:49.506 INFO  Ensure authenticated middleware 
10:43:49.506 INFO  Ensure admin middleware 
10:43:49.564 INFO  Ensure authenticated middleware 
10:43:49.564 INFO  Ensure admin middleware 
10:43:49.792 INFO  Ensure authenticated middleware 
10:43:49.792 INFO  Ensure admin middleware 
10:43:51.249 INFO  /common/course/getClassByCourseID:  
10:43:51.266 INFO  /common/course/getClassByCourseID:  
10:43:57.225 INFO  Ensure authenticated middleware 
10:43:57.225 INFO  Ensure admin middleware 
10:43:57.231 INFO  Get Delete Command 
10:45:47.661 INFO  /common/course/getClassByCourseID:  
10:45:47.677 INFO  /common/course/getClassByCourseID:  
10:45:49.968 INFO  Ensure authenticated middleware 
10:45:49.968 INFO  Ensure admin middleware 
10:45:50.180 INFO  Ensure authenticated middleware 
10:45:50.180 INFO  Ensure admin middleware 
10:45:50.260 INFO  Ensure authenticated middleware 
10:45:50.260 INFO  Ensure admin middleware 
10:45:50.320 INFO  Ensure authenticated middleware 
10:45:50.320 INFO  Ensure admin middleware 
10:45:52.503 INFO  /common/course/getClassByCourseID:  
10:45:52.530 INFO  /common/course/getClassByCourseID:  
10:45:55.414 INFO  Ensure authenticated middleware 
10:45:55.414 INFO  Ensure admin middleware 
10:45:55.422 INFO  Get Delete Command 
10:45:55.438 INFO  /common/course/getClassByCourseID:  
10:50:11.729 INFO  /common/course/getClassByCourseID:  
10:50:11.749 INFO  /common/course/getClassByCourseID:  
10:50:12.886 INFO  Ensure authenticated middleware 
10:50:12.886 INFO  Ensure admin middleware 
10:50:13.184 INFO  Ensure authenticated middleware 
10:50:13.184 INFO  Ensure admin middleware 
10:50:13.238 INFO  Ensure authenticated middleware 
10:50:13.238 INFO  Ensure admin middleware 
10:50:13.298 INFO  Ensure authenticated middleware 
10:50:13.298 INFO  Ensure admin middleware 
10:50:15.066 INFO  /common/course/getClassByCourseID:  
10:50:15.076 INFO  /common/course/getClassByCourseID:  
10:50:17.892 INFO  Ensure authenticated middleware 
10:50:17.893 INFO  Ensure admin middleware 
10:50:17.897 INFO  Get Delete Command 
10:50:17.915 INFO  /common/course/getClassByCourseID:  
10:53:31.489 INFO  /common/course/getClassByCourseID:  
10:53:31.495 INFO  /common/course/getClassByCourseID:  
10:53:32.343 INFO  Ensure authenticated middleware 
10:53:32.343 INFO  Receive unauthenticated request 
10:53:32.535 INFO  Ensure authenticated middleware 
10:53:32.535 INFO  Receive unauthenticated request 
10:53:32.571 INFO  Ensure authenticated middleware 
10:53:32.571 INFO  Receive unauthenticated request 
10:53:32.636 INFO  Ensure authenticated middleware 
10:53:32.636 INFO  Receive unauthenticated request 
10:54:15.773 INFO  Ensure authenticated middleware 
10:54:15.773 INFO  Receive unauthenticated request 
10:54:16.053 INFO  Ensure authenticated middleware 
10:54:16.054 INFO  Receive unauthenticated request 
10:54:16.093 INFO  Ensure authenticated middleware 
10:54:16.093 INFO  Receive unauthenticated request 
10:54:16.174 INFO  Ensure authenticated middleware 
10:54:16.174 INFO  Receive unauthenticated request 
10:55:46.832 INFO  Ensure authenticated middleware 
10:55:46.832 INFO  Receive unauthenticated request 
10:55:47.077 INFO  Ensure authenticated middleware 
10:55:47.077 INFO  Receive unauthenticated request 
10:55:47.106 INFO  Ensure authenticated middleware 
10:55:47.106 INFO  Receive unauthenticated request 
10:55:47.195 INFO  Ensure authenticated middleware 
10:55:47.195 INFO  Receive unauthenticated request 
10:55:50.272 INFO  Ensure authenticated middleware 
10:55:50.272 INFO  Receive unauthenticated request 
10:55:50.900 INFO  Ensure authenticated middleware 
10:55:50.900 INFO  Receive unauthenticated request 
10:55:51.033 INFO  Ensure authenticated middleware 
10:55:51.033 INFO  Receive unauthenticated request 
10:55:51.045 INFO  Ensure authenticated middleware 
10:55:51.045 INFO  Receive unauthenticated request 
10:55:51.048 INFO  Ensure authenticated middleware 
10:55:51.048 INFO  Receive unauthenticated request 
10:55:53.582 INFO  GET /logout 
10:55:55.659 INFO  Post /login 
10:55:58.706 INFO  User login: qwe@gmail.com 
10:55:58.774 INFO  Ensure authenticated middleware 
10:55:58.774 INFO  Ensure admin middleware 
10:56:01.866 INFO  Ensure authenticated middleware 
10:56:01.866 INFO  Ensure admin middleware 
10:56:02.042 INFO  Ensure authenticated middleware 
10:56:02.042 INFO  Ensure admin middleware 
10:56:02.052 INFO  Ensure authenticated middleware 
10:56:02.052 INFO  Ensure admin middleware 
10:56:02.206 INFO  Ensure authenticated middleware 
10:56:02.206 INFO  Ensure admin middleware 
10:56:40.534 INFO  GET /logout 
10:56:50.419 INFO  Post /login 
10:56:50.458 INFO  User login: qwe@gmail.com 
10:56:50.557 INFO  Ensure authenticated middleware 
10:56:50.557 INFO  Ensure admin middleware 
10:56:51.532 INFO  Ensure authenticated middleware 
10:56:51.532 INFO  Ensure admin middleware 
10:56:51.658 INFO  Ensure authenticated middleware 
10:56:51.658 INFO  Ensure admin middleware 
10:56:51.754 INFO  Ensure authenticated middleware 
10:56:51.754 INFO  Ensure admin middleware 
10:56:51.808 INFO  Ensure authenticated middleware 
10:56:51.808 INFO  Ensure admin middleware 
10:56:53.545 INFO  /common/course/getClassByCourseID:  
10:56:53.556 INFO  /common/course/getClassByCourseID:  
10:56:57.142 INFO  Ensure authenticated middleware 
10:56:57.142 INFO  Ensure admin middleware 
10:56:57.151 INFO  Get Delete Command 
10:56:57.167 INFO  /common/course/getClassByCourseID:  
10:59:30.971 INFO  /common/course/getClassByCourseID:  
10:59:30.984 INFO  /common/course/getClassByCourseID:  
10:59:33.591 INFO  Ensure authenticated middleware 
10:59:33.591 INFO  Ensure admin middleware 
10:59:33.774 INFO  Ensure authenticated middleware 
10:59:33.774 INFO  Ensure admin middleware 
10:59:33.843 INFO  Ensure authenticated middleware 
10:59:33.843 INFO  Ensure admin middleware 
10:59:33.896 INFO  Ensure authenticated middleware 
10:59:33.896 INFO  Ensure admin middleware 
10:59:35.440 INFO  /common/course/getClassByCourseID:  
10:59:35.452 INFO  /common/course/getClassByCourseID:  
10:59:42.295 INFO  Ensure authenticated middleware 
10:59:42.295 INFO  Ensure admin middleware 
10:59:42.304 INFO  Get Delete Command 
10:59:42.317 INFO  /common/course/getClassByCourseID:  
10:59:44.672 INFO  Ensure authenticated middleware 
10:59:44.672 INFO  Ensure admin middleware 
10:59:44.891 INFO  Ensure authenticated middleware 
10:59:44.891 INFO  Ensure admin middleware 
10:59:44.900 INFO  Ensure authenticated middleware 
10:59:44.900 INFO  Ensure admin middleware 
10:59:45.001 INFO  Ensure authenticated middleware 
10:59:45.001 INFO  Ensure admin middleware 
10:59:47.566 INFO  /common/course/getClassByCourseID:  
10:59:47.581 INFO  /common/course/getClassByCourseID:  
10:59:50.135 INFO  Ensure authenticated middleware 
10:59:50.135 INFO  Ensure admin middleware 
10:59:50.139 INFO  Get Delete Command 
10:59:50.190 INFO  /common/course/getClassByCourseID:  
10:59:51.757 INFO  Ensure authenticated middleware 
10:59:51.757 INFO  Ensure admin middleware 
10:59:51.967 INFO  Ensure authenticated middleware 
10:59:51.967 INFO  Ensure admin middleware 
10:59:51.975 INFO  Ensure authenticated middleware 
10:59:51.975 INFO  Ensure admin middleware 
10:59:52.036 INFO  Ensure authenticated middleware 
10:59:52.036 INFO  Ensure admin middleware 
10:59:53.806 INFO  /common/course/getClassByCourseID:  
10:59:53.819 INFO  /common/course/getClassByCourseID:  
10:59:58.686 INFO  Ensure authenticated middleware 
10:59:58.686 INFO  Ensure admin middleware 
10:59:58.870 INFO  Ensure authenticated middleware 
10:59:58.870 INFO  Ensure admin middleware 
10:59:58.878 INFO  Ensure authenticated middleware 
10:59:58.878 INFO  Ensure admin middleware 
10:59:58.947 INFO  Ensure authenticated middleware 
10:59:58.948 INFO  Ensure admin middleware 
11:01:00.615 INFO  /common/course/getClassByCourseID:  
11:01:00.627 INFO  /common/course/getClassByCourseID:  
11:01:03.150 INFO  Ensure authenticated middleware 
11:01:03.150 INFO  Ensure admin middleware 
11:01:03.155 INFO  Get Delete Command 
11:01:03.181 INFO  /common/course/getClassByCourseID:  
11:07:11.363 INFO  GET /logout 
11:07:13.837 INFO  Post /login 
11:07:16.923 INFO  User login: qwe@gmail.com 
11:07:17.010 INFO  Ensure authenticated middleware 
11:07:17.010 INFO  Ensure admin middleware 
11:07:19.256 INFO  Ensure authenticated middleware 
11:07:19.256 INFO  Ensure admin middleware 
11:07:20.470 INFO  Ensure authenticated middleware 
11:07:20.470 INFO  Ensure admin middleware 
11:07:20.618 INFO  Ensure authenticated middleware 
11:07:20.618 INFO  Ensure admin middleware 
11:07:20.719 INFO  Ensure authenticated middleware 
11:07:20.719 INFO  Ensure admin middleware 
11:07:20.775 INFO  Ensure authenticated middleware 
11:07:20.775 INFO  Ensure admin middleware 
11:07:22.868 INFO  /common/course/getClassByCourseID:  
11:07:22.879 INFO  /common/course/getClassByCourseID:  
11:07:28.638 INFO  Ensure authenticated middleware 
11:07:28.638 INFO  Ensure admin middleware 
11:07:28.878 INFO  Ensure authenticated middleware 
11:07:28.879 INFO  Ensure admin middleware 
11:07:28.886 INFO  Ensure authenticated middleware 
11:07:28.886 INFO  Ensure admin middleware 
11:07:28.980 INFO  Ensure authenticated middleware 
11:07:28.980 INFO  Ensure admin middleware 
11:07:33.304 INFO  /common/course/getClassByCourseID:  
11:07:33.338 INFO  /common/course/getClassByCourseID:  
11:07:38.734 INFO  Ensure authenticated middleware 
11:07:38.735 INFO  Ensure admin middleware 
11:07:38.745 INFO  Get Delete Command 
11:07:38.766 INFO  /common/course/getClassByCourseID:  
11:08:30.198 INFO  /common/course/getClassByCourseID:  
11:08:30.214 INFO  /common/course/getClassByCourseID:  
11:08:42.372 INFO  GET /logout 
11:08:52.212 INFO  Post /login 
11:08:52.235 INFO  User login: qwe@gmail.com 
11:08:52.313 INFO  Ensure authenticated middleware 
11:08:52.313 INFO  Ensure admin middleware 
11:08:55.504 INFO  Ensure authenticated middleware 
11:08:55.504 INFO  Ensure admin middleware 
11:08:55.653 INFO  Ensure authenticated middleware 
11:08:55.653 INFO  Ensure admin middleware 
11:08:55.872 INFO  Ensure authenticated middleware 
11:08:55.872 INFO  Ensure admin middleware 
11:08:56.043 INFO  Ensure authenticated middleware 
11:08:56.043 INFO  Ensure admin middleware 
11:58:20.669 INFO  Post /login 
11:58:23.770 INFO  User login: bqd@gmail.com 
11:58:23.857 INFO  Ensure authenticated middleware 
11:58:23.858 INFO  Ensure trainee middleware 
11:58:23.858 INFO  Ensure authenticated middleware 
11:58:23.858 INFO  Ensure trainee middleware 
11:58:23.872 INFO  Ensure authenticated middleware 
11:58:23.872 INFO  Ensure trainee middleware 
11:58:24.077 INFO  Ensure authenticated middleware 
11:58:24.077 INFO  Ensure trainee middleware 
12:00:19.016 INFO  GET /logout 
12:00:29.618 INFO  Post /login 
12:00:29.726 INFO  User login failed. 
12:00:48.865 INFO  Post /login 
12:00:48.917 INFO  User login failed. 
12:01:39.817 INFO  Post /login 
12:01:39.903 INFO  User login: bqd@gmail.com 
12:01:39.987 INFO  Ensure authenticated middleware 
12:01:39.988 INFO  Ensure trainee middleware 
12:01:39.999 INFO  Ensure authenticated middleware 
12:01:39.999 INFO  Ensure trainee middleware 
12:01:40.000 INFO  Ensure authenticated middleware 
12:01:40.000 INFO  Ensure trainee middleware 
12:01:40.130 INFO  Ensure authenticated middleware 
12:01:40.130 INFO  Ensure trainee middleware 
