09:24:13.948 INFO  Post /login 
09:24:14.042 INFO  User login failed. 
09:24:18.142 INFO  Post /login 
09:24:18.157 INFO  User login: qwe@gmail.com 
13:37:46.528 INFO  Post /login 
13:37:46.587 INFO  User login: qwe@gmail.com 
13:37:46.706 INFO  Post /login 
13:37:46.733 INFO  User login: qwe@gmail.com 
13:37:46.871 INFO  Post /login 
13:37:46.889 INFO  User login: qwe@gmail.com 
13:37:47.049 INFO  Post /login 
13:37:47.075 INFO  User login: qwe@gmail.com 
13:37:47.300 INFO  Post /login 
13:37:47.323 INFO  User login: qwe@gmail.com 
13:37:47.425 INFO  Post /login 
13:37:47.448 INFO  User login: qwe@gmail.com 
13:37:47.637 INFO  Post /login 
13:37:47.670 INFO  User login: qwe@gmail.com 
13:37:47.942 INFO  Post /login 
13:37:47.963 INFO  User login: qwe@gmail.com 
13:37:48.007 INFO  Post /login 
13:37:48.043 INFO  User login: qwe@gmail.com 
13:37:48.281 INFO  Post /login 
13:37:48.304 INFO  User login: qwe@gmail.com 
13:37:48.352 INFO  /admin/courses/addTrainingProgram: Add Training Program :test create name of new training program 
13:37:48.455 INFO  Post /login 
13:37:48.491 INFO  User login: qwe@gmail.com 
13:37:48.539 INFO  /admin/courses/addTrainingProgram: Add Training Program :Linux Programming 
13:37:48.559 INFO  Post /login 
13:37:48.602 INFO  User login: qwe@gmail.com 
13:37:48.628 INFO  /admin/updateTrainingProgram: Update Training Program :undefined 
13:37:48.848 INFO  Post /login 
13:37:48.925 INFO  User login: qwe@gmail.com 
13:37:48.945 INFO  /admin/updateTrainingProgram: Update Training Program :undefined 
13:37:48.964 INFO  Post /login 
13:37:49.029 INFO  User login: qwe@gmail.com 
13:37:49.055 INFO  Get Delete Command 
13:37:49.234 INFO  Post /login 
13:37:49.253 INFO  User login: qwe@gmail.com 
13:37:49.276 INFO  Get Delete Command 
13:37:49.288 INFO  Post /login 
13:37:49.326 INFO  User login: qwe@gmail.com 
13:37:49.364 INFO  Post /login 
13:37:49.378 INFO  User login: qwe@gmail.com 
13:37:49.422 INFO  Post /login 
13:37:49.438 INFO  User login: qwe@gmail.com 
13:37:49.472 INFO  Post /login 
13:37:49.527 INFO  User login: qwe@gmail.com 
13:37:49.934 INFO  Post /login 
13:37:49.949 INFO  User login: qwe@gmail.com 
13:37:50.814 INFO  Post /login 
13:37:50.844 INFO  User login: qwe@gmail.com 
13:37:51.576 INFO  Post /login 
13:37:51.595 INFO  User login: qwe@gmail.com 
13:37:51.732 INFO  /admin/updateClass: update Class :undefined 
13:37:52.134 INFO  Post /login 
13:37:52.207 INFO  User login: qwe@gmail.com 
13:37:52.870 INFO  Post /login 
13:37:52.895 INFO  User login: qwe@gmail.com 
13:37:52.978 INFO  Post /login 
13:37:53.015 INFO  User login: qwe@gmail.com 
13:37:53.055 INFO  Post /login 
13:37:53.100 INFO  User login: qwe@gmail.com 
13:37:53.745 INFO  Post /login 
13:37:53.825 INFO  User login: qwe@gmail.com 
13:37:54.659 INFO  Post /login 
13:37:54.674 INFO  User login: qwe@gmail.com 
13:37:54.825 INFO  Post /login 
13:37:54.851 INFO  User login: qwe@gmail.com 
13:37:54.901 INFO  Post /login 
13:37:54.923 INFO  User login: qwe@gmail.com 
13:37:54.986 INFO  Post /login 
13:37:55.029 INFO  User login: qwe@gmail.com 
13:37:55.067 INFO  Post /login 
13:37:55.123 INFO  User login: qwe@gmail.com 
13:37:55.157 INFO  Post /login 
13:37:55.182 INFO  User login: qwe@gmail.com 
13:37:55.218 INFO  Post /login 
13:37:55.299 INFO  User login: qwe@gmail.com 
13:37:55.331 INFO  Post /login 
13:37:55.352 INFO  User login: qwe@gmail.com 
13:37:55.397 INFO  Post /login 
13:37:55.412 INFO  User login: qwe@gmail.com 
13:37:55.446 INFO  Post /login 
13:37:55.462 INFO  User login: qwe@gmail.com 
13:37:55.502 INFO  Post /login 
13:37:55.516 INFO  User login: qwe@gmail.com 
13:37:55.555 INFO  Post /login 
13:37:55.570 INFO  User login: qwe@gmail.com 
13:37:55.600 INFO  Post /login 
13:37:55.624 INFO  User login: qwe@gmail.com 
13:37:55.655 INFO  Post /login 
13:37:55.672 INFO  User login: qwe@gmail.com 
13:37:55.717 INFO  Post /login 
13:37:55.764 INFO  User login: qwe@gmail.com 
13:37:55.799 INFO  Post /login 
13:37:55.872 INFO  User login: qwe@gmail.com 
13:37:55.910 INFO  Post /login 
13:37:55.973 INFO  User login: qwe@gmail.com 
13:37:56.010 INFO  Post /login 
13:37:56.027 INFO  User login: qwe@gmail.com 
13:37:56.070 INFO  Post /login 
13:37:56.085 INFO  User login: qwe@gmail.com 
13:37:56.124 INFO  Post /login 
13:37:56.140 INFO  User login: qwe@gmail.com 
13:37:56.226 INFO  Post /login 
13:37:56.241 INFO  User login: qwe@gmail.com 
13:37:56.302 INFO  Post /login 
13:37:56.321 INFO  User login: qwe@gmail.com 
13:37:56.357 INFO  Post /login 
13:37:56.387 INFO  User login: qwe@gmail.com 
13:37:56.425 INFO  Post /login 
13:37:56.453 INFO  User login: qwe@gmail.com 
13:37:56.488 INFO  Post /login 
13:37:56.506 INFO  User login: qwe@gmail.com 
13:37:56.538 INFO  Post /login 
13:37:56.600 INFO  User login: qwe@gmail.com 
13:37:56.639 INFO  Post /login 
13:37:56.664 INFO  User login: qwe@gmail.com 
13:37:56.704 INFO  Post /login 
13:37:56.726 INFO  User login: qwe@gmail.com 
13:37:56.867 INFO  Post /login 
13:37:56.936 INFO  User login: qwe@gmail.com 
13:37:56.964 INFO  Post /login 
13:37:57.018 INFO  User login: qwe@gmail.com 
13:38:16.042 INFO  Post /login 
13:38:16.061 INFO  User login: qwe@gmail.com 
13:38:16.095 INFO  Post /login 
13:38:16.112 INFO  User login: qwe@gmail.com 
13:38:16.146 INFO  Post /login 
13:38:16.165 INFO  User login failed. 
13:38:16.175 INFO  Post /login 
13:38:16.190 INFO  User login: s3595082@rmit.edu.vn 
13:38:16.216 INFO  Post /login 
13:38:16.251 INFO  User login failed. 
13:38:16.264 INFO  Post /login 
13:38:16.294 INFO  User login failed. 
13:38:16.303 INFO  Post /login 
13:38:16.329 INFO  User login: nam@gmail.com 
13:38:16.349 INFO  Post /login 
13:38:16.382 INFO  User login failed. 
13:38:16.390 INFO  Post /login 
13:38:16.409 INFO  User login failed. 
13:38:16.426 INFO  Post /login 
13:38:16.458 INFO  User login failed. 
13:38:16.480 INFO  Post /login 
13:38:16.500 INFO  User login failed. 
13:38:16.509 INFO  Post /login 
13:38:16.547 INFO  User login failed. 
13:38:16.559 INFO  Post /login 
13:38:16.585 INFO  User login failed. 
13:38:16.603 INFO  Post /login 
13:38:16.620 INFO  User login failed. 
13:38:16.631 INFO  GET /logout 
13:38:16.640 INFO  Post /login 
13:38:16.698 INFO  User login: qwe@gmail.com 
13:38:16.771 INFO  Post /login 
13:38:16.798 INFO  User login: qwe@gmail.com 
13:38:17.273 INFO  Post /login 
13:38:17.293 INFO  User login: qwe@gmail.com 
13:38:17.750 INFO  Post /login 
13:38:17.781 INFO  User login: qwe@gmail.com 
13:38:17.950 INFO  Post /login 
13:38:17.993 INFO  User login: qwe@gmail.com 
13:38:18.420 INFO  Post /login 
13:38:18.442 INFO  User login: qwe@gmail.com 
13:38:18.784 INFO  Post /login 
13:38:18.839 INFO  User login: qwe@gmail.com 
13:38:19.141 INFO  Post /login 
13:38:19.160 INFO  User login: qwe@gmail.com 
13:38:19.322 INFO  Post /login 
13:38:19.341 INFO  User login: qwe@gmail.com 
13:38:19.591 INFO  Post /login 
13:38:19.627 INFO  User login: qwe@gmail.com 
13:38:19.757 INFO  Post /login 
13:38:19.780 INFO  User login: qwe@gmail.com 
13:38:20.002 INFO  Post /login 
13:38:20.027 INFO  User login: qwe@gmail.com 
13:38:20.066 INFO  Post /login 
13:38:20.152 INFO  User login: qwe@gmail.com 
13:38:20.179 INFO  Post /login 
13:38:20.193 INFO  User login: qwe@gmail.com 
13:38:20.221 INFO  Post /login 
13:38:20.268 INFO  User login: qwe@gmail.com 
13:38:20.381 INFO  Post /login 
13:38:20.398 INFO  User login: qwe@gmail.com 
13:38:20.448 INFO  Post /login 
13:38:20.464 INFO  User login: qwe@gmail.com 
13:38:20.498 INFO  Post /login 
13:38:20.570 INFO  User login: qwe@gmail.com 
13:38:20.586 INFO  Post /login 
13:38:20.626 INFO  User login: qwe@gmail.com 
13:38:20.951 INFO  Post /login 
13:38:20.969 INFO  User login: qwe@gmail.com 
13:38:21.276 INFO  Post /login 
13:38:21.292 INFO  User login: qwe@gmail.com 
13:38:21.414 INFO  Post /login 
13:38:21.432 INFO  User login: qwe@gmail.com 
13:38:21.792 INFO  Post /login 
13:38:21.824 INFO  User login: qwe@gmail.com 
13:38:21.888 INFO  Post /login 
13:38:21.945 INFO  User login: qwe@gmail.com 
13:38:22.012 INFO  Post /login 
13:38:22.031 INFO  User login: qwe@gmail.com 
13:38:22.079 INFO  Post /login 
13:38:22.182 INFO  User login: qwe@gmail.com 
13:38:22.228 INFO  Post /login 
13:38:22.247 INFO  User login: qwe@gmail.com 
13:38:22.378 INFO  Post /login 
13:38:22.413 INFO  User login: qwe@gmail.com 
13:38:22.557 INFO  Post /login 
13:38:22.597 INFO  User login: qwe@gmail.com 
13:38:22.706 INFO  Post /login 
13:38:22.722 INFO  User login: qwe@gmail.com 
13:38:22.824 INFO  Post /login 
13:38:22.841 INFO  User login: qwe@gmail.com 
13:38:22.918 INFO  Post /login 
13:38:22.933 INFO  User login: qwe@gmail.com 
13:38:23.176 INFO  Post /login 
13:38:23.189 INFO  User login: qwe@gmail.com 
13:38:23.608 INFO  Post /login 
13:38:23.632 INFO  User login: qwe@gmail.com 
13:38:23.935 INFO  Post /login 
13:38:23.956 INFO  User login: qwe@gmail.com 
13:38:24.219 INFO  Post /login 
13:38:24.253 INFO  User login: qwe@gmail.com 
13:38:24.406 INFO  Post /login 
13:38:24.439 INFO  User login: qwe@gmail.com 
13:38:24.762 INFO  Post /login 
13:38:24.806 INFO  User login: qwe@gmail.com 
13:38:25.023 INFO  Post /login 
13:38:25.051 INFO  User login: qwe@gmail.com 
13:38:25.447 INFO  Post /login 
13:38:25.462 INFO  User login: qwe@gmail.com 
13:38:25.847 INFO  Post /login 
13:38:25.879 INFO  User login: qwe@gmail.com 
13:38:26.013 INFO  Post /login 
13:38:26.030 INFO  User login: qwe@gmail.com 
13:38:26.145 INFO  Post /login 
13:38:26.186 INFO  User login: qwe@gmail.com 
13:38:26.306 INFO  Post /login 
13:38:26.324 INFO  User login: qwe@gmail.com 
13:38:26.441 INFO  Post /login 
13:38:26.480 INFO  User login: qwe@gmail.com 
13:38:26.518 INFO  Post /login 
13:38:26.584 INFO  User login: qwe@gmail.com 
13:38:26.716 INFO  Post /login 
13:38:26.734 INFO  User login: qwe@gmail.com 
13:38:26.779 INFO  Post /login 
13:38:26.801 INFO  User login: qwe@gmail.com 
13:38:26.858 INFO  Post /login 
13:38:26.891 INFO  User login: qwe@gmail.com 
13:38:26.952 INFO  Post /login 
13:38:26.990 INFO  User login: qwe@gmail.com 
13:38:27.021 INFO  Post /login 
13:38:27.074 INFO  User login: qwe@gmail.com 
13:38:27.113 INFO  Post /login 
13:38:27.129 INFO  User login: qwe@gmail.com 
13:38:27.166 INFO  Post /login 
13:38:27.199 INFO  User login: qwe@gmail.com 
13:38:27.229 INFO  Post /login 
13:38:27.274 INFO  User login: qwe@gmail.com 
13:38:27.307 INFO  Post /login 
13:38:27.324 INFO  User login: qwe@gmail.com 
13:38:27.376 INFO  Post /login 
13:38:27.412 INFO  User login: qwe@gmail.com 
13:38:27.441 INFO  Post /login 
13:38:27.455 INFO  User login: qwe@gmail.com 
13:38:27.491 INFO  Post /login 
13:38:27.524 INFO  User login: qwe@gmail.com 
13:38:27.553 INFO  Post /login 
13:38:27.571 INFO  User login: qwe@gmail.com 
13:38:27.608 INFO  Post /login 
13:38:27.622 INFO  User login: qwe@gmail.com 
13:38:27.655 INFO  Post /login 
13:38:27.693 INFO  User login: qwe@gmail.com 
13:38:27.729 INFO  Post /login 
13:38:27.744 INFO  User login: qwe@gmail.com 
13:38:27.778 INFO  Post /login 
13:38:27.836 INFO  User login: qwe@gmail.com 
13:38:27.875 INFO  Post /login 
13:38:27.897 INFO  User login: qwe@gmail.com 
13:38:27.941 INFO  Post /login 
13:38:27.960 INFO  User login: qwe@gmail.com 
13:38:28.124 INFO  Post /login 
13:38:28.141 INFO  User login: qwe@gmail.com 
13:38:28.455 INFO  Post /login 
13:38:28.474 INFO  User login: qwe@gmail.com 
13:38:28.782 INFO  Post /login 
13:38:28.933 INFO  User login: qwe@gmail.com 
13:38:29.003 INFO  Post /login 
13:38:29.025 INFO  User login: qwe@gmail.com 
13:38:29.153 INFO  Post /login 
13:38:29.215 INFO  User login: qwe@gmail.com 
13:38:29.262 INFO  Post /login 
13:38:29.278 INFO  User login: qwe@gmail.com 
13:38:29.387 INFO  Post /login 
13:38:29.403 INFO  User login: qwe@gmail.com 
13:38:29.499 INFO  Post /login 
13:38:29.555 INFO  User login: qwe@gmail.com 
13:38:29.596 INFO  Post /login 
13:38:29.612 INFO  User login: qwe@gmail.com 
13:38:29.700 INFO  Post /login 
13:38:29.803 INFO  User login: qwe@gmail.com 
13:38:29.887 INFO  Post /login 
13:38:29.910 INFO  User login: qwe@gmail.com 
13:38:29.940 INFO  Post /login 
13:38:29.981 INFO  User login: qwe@gmail.com 
13:38:30.012 INFO  Post /login 
13:38:30.033 INFO  User login: qwe@gmail.com 
13:38:30.233 INFO  Post /login 
13:38:30.505 INFO  User login: qwe@gmail.com 
13:39:13.301 INFO  Post /login 
13:39:13.457 INFO  User login: qwe@gmail.com 
13:39:13.582 INFO  Post /login 
13:39:13.686 INFO  User login: qwe@gmail.com 
13:39:14.017 INFO  Post /login 
13:39:14.116 INFO  User login: qwe@gmail.com 
13:39:14.195 INFO  Post /login 
13:39:14.216 INFO  User login: qwe@gmail.com 
13:39:14.533 INFO  Post /login 
13:39:14.665 INFO  User login: qwe@gmail.com 
13:39:14.741 INFO  Post /login 
13:39:14.758 INFO  User login: qwe@gmail.com 
13:39:15.267 INFO  Post /login 
13:39:15.311 INFO  User login: qwe@gmail.com 
13:39:15.487 INFO  Post /login 
13:39:15.546 INFO  User login: qwe@gmail.com 
13:39:15.620 INFO  Post /login 
13:39:15.732 INFO  User login: qwe@gmail.com 
13:39:15.928 INFO  Post /login 
13:39:15.997 INFO  User login: qwe@gmail.com 
13:39:16.035 INFO  /admin/courses/addTrainingProgram: Add Training Program :test create name of new training program 
13:39:16.139 INFO  Post /login 
13:39:16.286 INFO  User login: qwe@gmail.com 
13:39:16.317 INFO  /admin/courses/addTrainingProgram: Add Training Program :Linux Programming 
13:39:16.341 INFO  Post /login 
13:39:16.391 INFO  User login: qwe@gmail.com 
13:39:16.424 INFO  /admin/updateTrainingProgram: Update Training Program :undefined 
13:39:16.641 INFO  Post /login 
13:39:16.739 INFO  User login: qwe@gmail.com 
13:39:16.771 INFO  /admin/updateTrainingProgram: Update Training Program :undefined 
13:39:16.787 INFO  Post /login 
13:39:16.876 INFO  User login: qwe@gmail.com 
13:39:16.909 INFO  Get Delete Command 
13:39:17.063 INFO  Post /login 
13:39:17.178 INFO  User login: qwe@gmail.com 
13:39:17.209 INFO  Get Delete Command 
13:39:17.209 INFO  Post /login 
13:39:17.240 INFO  User login: qwe@gmail.com 
13:39:17.287 INFO  Post /login 
13:39:17.410 INFO  User login: qwe@gmail.com 
13:39:17.438 INFO  Post /login 
13:39:17.501 INFO  User login: qwe@gmail.com 
13:39:17.567 INFO  Post /login 
13:39:17.604 INFO  User login: qwe@gmail.com 
13:39:18.099 INFO  Post /login 
13:39:18.177 INFO  User login: qwe@gmail.com 
13:39:18.823 INFO  Post /login 
13:39:18.928 INFO  User login: qwe@gmail.com 
13:39:19.565 INFO  Post /login 
13:39:19.596 INFO  User login: qwe@gmail.com 
13:39:19.933 INFO  /admin/updateClass: update Class :undefined 
13:39:20.122 INFO  Post /login 
13:39:20.221 INFO  User login: qwe@gmail.com 
13:39:20.796 INFO  Post /login 
13:39:20.812 INFO  User login: qwe@gmail.com 
13:39:20.897 INFO  Post /login 
13:39:20.939 INFO  User login: qwe@gmail.com 
13:39:20.986 INFO  Post /login 
13:39:21.080 INFO  User login: qwe@gmail.com 
13:39:21.748 INFO  Post /login 
13:39:21.892 INFO  User login: qwe@gmail.com 
13:39:22.476 INFO  Post /login 
13:39:22.554 INFO  User login: qwe@gmail.com 
13:39:22.598 INFO  Post /login 
13:39:22.626 INFO  User login: qwe@gmail.com 
13:39:22.666 INFO  Post /login 
13:39:22.683 INFO  User login: qwe@gmail.com 
13:39:22.725 INFO  Post /login 
13:39:22.763 INFO  User login: qwe@gmail.com 
13:39:22.818 INFO  Post /login 
13:39:22.834 INFO  User login: qwe@gmail.com 
13:39:22.891 INFO  Post /login 
13:39:22.917 INFO  User login: qwe@gmail.com 
13:39:22.979 INFO  Post /login 
13:39:23.050 INFO  User login: qwe@gmail.com 
13:39:23.089 INFO  Post /login 
13:39:23.169 INFO  User login: qwe@gmail.com 
13:39:23.214 INFO  Post /login 
13:39:23.230 INFO  User login: qwe@gmail.com 
13:39:23.347 INFO  Post /login 
13:39:23.411 INFO  User login: qwe@gmail.com 
13:39:23.478 INFO  Post /login 
13:39:23.500 INFO  User login: qwe@gmail.com 
13:39:23.564 INFO  Post /login 
13:39:23.683 INFO  User login: qwe@gmail.com 
13:39:23.732 INFO  Post /login 
13:39:23.771 INFO  User login: qwe@gmail.com 
13:39:23.819 INFO  Post /login 
13:39:23.846 INFO  User login: qwe@gmail.com 
13:39:23.909 INFO  Post /login 
13:39:23.952 INFO  User login: qwe@gmail.com 
13:39:24.014 INFO  Post /login 
13:39:24.043 INFO  User login: qwe@gmail.com 
13:39:24.088 INFO  Post /login 
13:39:24.104 INFO  User login: qwe@gmail.com 
13:39:24.146 INFO  Post /login 
13:39:24.191 INFO  User login: qwe@gmail.com 
13:39:24.256 INFO  Post /login 
13:39:24.275 INFO  User login: qwe@gmail.com 
13:39:24.348 INFO  Post /login 
13:39:24.364 INFO  User login: qwe@gmail.com 
13:39:24.478 INFO  Post /login 
13:39:24.505 INFO  User login: qwe@gmail.com 
13:39:24.593 INFO  Post /login 
13:39:24.611 INFO  User login: qwe@gmail.com 
13:39:24.658 INFO  Post /login 
13:39:24.675 INFO  User login: qwe@gmail.com 
13:39:24.733 INFO  Post /login 
13:39:24.839 INFO  User login: qwe@gmail.com 
13:39:24.883 INFO  Post /login 
13:39:24.903 INFO  User login: qwe@gmail.com 
13:39:24.969 INFO  Post /login 
13:39:24.985 INFO  User login: qwe@gmail.com 
13:39:25.044 INFO  Post /login 
13:39:25.146 INFO  User login: qwe@gmail.com 
13:39:25.187 INFO  Post /login 
13:39:25.239 INFO  User login: qwe@gmail.com 
13:39:25.444 INFO  Post /login 
13:39:25.491 INFO  User login: qwe@gmail.com 
13:39:25.541 INFO  Post /login 
13:39:25.557 INFO  User login: qwe@gmail.com 
13:39:44.605 INFO  Post /login 
13:39:44.683 INFO  User login: qwe@gmail.com 
13:39:44.761 INFO  Post /login 
13:39:44.776 INFO  User login: qwe@gmail.com 
13:39:44.792 INFO  Post /login 
13:39:44.823 INFO  User login failed. 
13:39:44.839 INFO  Post /login 
13:39:44.886 INFO  User login: s3595082@rmit.edu.vn 
13:39:44.948 INFO  Post /login 
13:39:45.073 INFO  User login failed. 
13:39:45.105 INFO  Post /login 
13:39:45.151 INFO  User login failed. 
13:39:45.151 INFO  Post /login 
13:39:45.183 INFO  User login: nam@gmail.com 
13:39:45.183 INFO  Post /login 
13:39:45.198 INFO  User login failed. 
13:39:45.214 INFO  Post /login 
13:39:45.261 INFO  User login failed. 
13:39:45.261 INFO  Post /login 
13:39:45.355 INFO  User login failed. 
13:39:45.386 INFO  Post /login 
13:39:45.401 INFO  User login failed. 
13:39:45.417 INFO  Post /login 
13:39:45.464 INFO  User login failed. 
13:39:45.479 INFO  Post /login 
13:39:45.573 INFO  User login failed. 
13:39:45.589 INFO  Post /login 
13:39:45.651 INFO  User login failed. 
13:39:45.667 INFO  GET /logout 
13:39:45.683 INFO  Post /login 
13:39:45.698 INFO  User login: qwe@gmail.com 
13:39:45.729 INFO  Post /login 
13:39:45.761 INFO  User login: qwe@gmail.com 
13:39:46.276 INFO  Post /login 
13:39:46.417 INFO  User login: qwe@gmail.com 
13:39:46.718 INFO  Post /login 
13:39:46.874 INFO  User login: qwe@gmail.com 
13:39:47.121 INFO  Post /login 
13:39:47.138 INFO  User login: qwe@gmail.com 
13:39:47.582 INFO  Post /login 
13:39:47.646 INFO  User login: qwe@gmail.com 
13:39:47.950 INFO  Post /login 
13:39:47.967 INFO  User login: qwe@gmail.com 
13:39:48.224 INFO  Post /login 
13:39:48.255 INFO  User login: qwe@gmail.com 
13:39:48.302 INFO  Post /login 
13:39:48.349 INFO  User login: qwe@gmail.com 
13:39:48.552 INFO  Post /login 
13:39:48.568 INFO  User login: qwe@gmail.com 
13:39:48.747 INFO  Post /login 
13:39:48.950 INFO  User login: qwe@gmail.com 
13:39:49.012 INFO  Post /login 
13:39:49.043 INFO  User login: qwe@gmail.com 
13:39:49.075 INFO  Post /login 
13:39:49.090 INFO  User login: qwe@gmail.com 
13:39:49.125 INFO  Post /login 
13:39:49.265 INFO  User login: qwe@gmail.com 
13:39:49.328 INFO  Post /login 
13:39:49.375 INFO  User login: qwe@gmail.com 
13:39:49.437 INFO  Post /login 
13:39:49.468 INFO  User login: qwe@gmail.com 
13:39:49.515 INFO  Post /login 
13:39:49.656 INFO  User login: qwe@gmail.com 
13:39:49.734 INFO  Post /login 
13:39:49.812 INFO  User login: qwe@gmail.com 
13:39:49.890 INFO  Post /login 
13:39:49.971 INFO  User login: qwe@gmail.com 
13:39:50.440 INFO  Post /login 
13:39:50.565 INFO  User login: qwe@gmail.com 
13:39:50.794 INFO  Post /login 
13:39:50.841 INFO  User login: qwe@gmail.com 
13:39:50.966 INFO  Post /login 
13:39:51.044 INFO  User login: qwe@gmail.com 
13:39:51.287 INFO  Post /login 
13:39:51.303 INFO  User login: qwe@gmail.com 
13:39:51.334 INFO  Post /login 
13:39:51.615 INFO  User login: qwe@gmail.com 
13:39:51.690 INFO  Post /login 
13:39:51.737 INFO  User login: qwe@gmail.com 
13:39:51.768 INFO  Post /login 
13:39:51.799 INFO  User login: qwe@gmail.com 
13:39:51.846 INFO  Post /login 
13:39:51.909 INFO  User login: qwe@gmail.com 
13:39:52.034 INFO  Post /login 
13:39:52.131 INFO  User login: qwe@gmail.com 
13:39:52.318 INFO  Post /login 
13:39:52.443 INFO  User login: qwe@gmail.com 
13:39:52.615 INFO  Post /login 
13:39:52.778 INFO  User login: qwe@gmail.com 
13:39:52.903 INFO  Post /login 
13:39:52.950 INFO  User login: qwe@gmail.com 
13:39:53.062 INFO  Post /login 
13:39:53.155 INFO  User login: qwe@gmail.com 
13:39:53.549 INFO  Post /login 
13:39:53.580 INFO  User login: qwe@gmail.com 
13:39:53.903 INFO  Post /login 
13:39:54.043 INFO  User login: qwe@gmail.com 
13:39:54.309 INFO  Post /login 
13:39:54.387 INFO  User login: qwe@gmail.com 
13:39:54.575 INFO  Post /login 
13:39:54.672 INFO  User login: qwe@gmail.com 
13:39:54.813 INFO  Post /login 
13:39:54.828 INFO  User login: qwe@gmail.com 
13:39:55.188 INFO  Post /login 
13:39:55.297 INFO  User login: qwe@gmail.com 
13:39:55.422 INFO  Post /login 
13:39:55.500 INFO  User login: qwe@gmail.com 
13:39:55.860 INFO  Post /login 
13:39:55.922 INFO  User login: qwe@gmail.com 
13:39:56.297 INFO  Post /login 
13:39:56.344 INFO  User login: qwe@gmail.com 
13:39:56.438 INFO  Post /login 
13:39:56.516 INFO  User login: qwe@gmail.com 
13:39:56.641 INFO  Post /login 
13:39:56.864 INFO  User login: qwe@gmail.com 
13:39:57.083 INFO  Post /login 
13:39:57.216 INFO  User login: qwe@gmail.com 
13:39:57.356 INFO  Post /login 
13:39:57.419 INFO  User login: qwe@gmail.com 
13:39:57.497 INFO  Post /login 
13:39:57.528 INFO  User login: qwe@gmail.com 
13:39:57.669 INFO  Post /login 
13:39:57.731 INFO  User login: qwe@gmail.com 
13:39:57.794 INFO  Post /login 
13:39:57.828 INFO  User login: qwe@gmail.com 
13:39:57.906 INFO  Post /login 
13:39:57.999 INFO  User login: qwe@gmail.com 
13:39:58.093 INFO  Post /login 
13:39:58.187 INFO  User login: qwe@gmail.com 
13:39:58.218 INFO  Post /login 
13:39:58.312 INFO  User login: qwe@gmail.com 
13:39:58.390 INFO  Post /login 
13:39:58.531 INFO  User login: qwe@gmail.com 
13:39:58.578 INFO  Post /login 
13:39:58.656 INFO  User login: qwe@gmail.com 
13:39:58.725 INFO  Post /login 
13:39:58.913 INFO  User login: qwe@gmail.com 
13:39:58.975 INFO  Post /login 
13:39:59.100 INFO  User login: qwe@gmail.com 
13:39:59.256 INFO  Post /login 
13:39:59.366 INFO  User login: qwe@gmail.com 
13:39:59.428 INFO  Post /login 
13:39:59.569 INFO  User login: qwe@gmail.com 
13:39:59.647 INFO  Post /login 
13:39:59.753 INFO  User login: qwe@gmail.com 
13:39:59.799 INFO  Post /login 
13:39:59.878 INFO  User login: qwe@gmail.com 
13:39:59.940 INFO  Post /login 
13:40:00.143 INFO  User login: qwe@gmail.com 
13:40:00.221 INFO  Post /login 
13:40:00.299 INFO  User login: qwe@gmail.com 
13:40:00.362 INFO  Post /login 
13:40:00.393 INFO  User login: qwe@gmail.com 
13:40:00.440 INFO  Post /login 
13:40:00.503 INFO  User login: qwe@gmail.com 
13:40:00.549 INFO  Post /login 
13:40:00.581 INFO  User login: qwe@gmail.com 
13:40:00.612 INFO  Post /login 
13:40:00.700 INFO  User login: qwe@gmail.com 
13:40:00.856 INFO  Post /login 
13:40:00.903 INFO  User login: qwe@gmail.com 
13:40:01.090 INFO  Post /login 
13:40:01.215 INFO  User login: qwe@gmail.com 
13:40:01.371 INFO  Post /login 
13:40:01.465 INFO  User login: qwe@gmail.com 
13:40:01.559 INFO  Post /login 
13:40:01.579 INFO  User login: qwe@gmail.com 
13:40:01.701 INFO  Post /login 
13:40:01.717 INFO  User login: qwe@gmail.com 
13:40:01.826 INFO  Post /login 
13:40:01.842 INFO  User login: qwe@gmail.com 
13:40:01.938 INFO  Post /login 
13:40:01.954 INFO  User login: qwe@gmail.com 
13:40:02.048 INFO  Post /login 
13:40:02.063 INFO  User login: qwe@gmail.com 
13:40:02.095 INFO  Post /login 
13:40:02.128 INFO  User login: qwe@gmail.com 
13:40:02.347 INFO  Post /login 
13:40:02.363 INFO  User login: qwe@gmail.com 
13:40:02.394 INFO  Post /login 
13:40:02.445 INFO  User login: qwe@gmail.com 
13:40:02.476 INFO  Post /login 
13:40:02.507 INFO  User login: qwe@gmail.com 
13:40:02.538 INFO  Post /login 
13:40:02.554 INFO  User login: qwe@gmail.com 
13:40:02.663 INFO  Post /login 
13:40:02.763 INFO  User login: qwe@gmail.com 
13:42:37.196 INFO  Post /login 
13:42:37.243 INFO  User login: qwe@gmail.com 
13:42:37.337 INFO  Post /login 
13:42:37.368 INFO  User login: qwe@gmail.com 
13:42:37.524 INFO  Post /login 
13:42:37.556 INFO  User login: qwe@gmail.com 
13:42:37.649 INFO  Post /login 
13:42:37.700 INFO  User login: qwe@gmail.com 
13:42:37.997 INFO  Post /login 
13:42:38.122 INFO  User login: qwe@gmail.com 
13:42:38.169 INFO  Post /login 
13:42:38.203 INFO  User login: qwe@gmail.com 
13:42:38.328 INFO  Post /login 
13:42:38.343 INFO  User login: qwe@gmail.com 
13:42:38.531 INFO  Post /login 
13:42:38.562 INFO  User login: qwe@gmail.com 
13:42:38.611 INFO  Post /login 
13:42:38.643 INFO  User login: qwe@gmail.com 
13:42:38.731 INFO  Post /login 
13:42:38.841 INFO  User login: qwe@gmail.com 
13:42:38.888 INFO  /admin/courses/addTrainingProgram: Add Training Program :test create name of new training program 
13:42:39.078 INFO  Post /login 
13:42:39.109 INFO  User login: qwe@gmail.com 
13:42:39.125 INFO  /admin/courses/addTrainingProgram: Add Training Program :Linux Programming 
13:42:39.156 INFO  Post /login 
13:42:39.172 INFO  User login: qwe@gmail.com 
13:42:39.187 INFO  /admin/updateTrainingProgram: Update Training Program :undefined 
13:42:39.344 INFO  Post /login 
13:42:39.375 INFO  User login: qwe@gmail.com 
13:42:39.422 INFO  /admin/updateTrainingProgram: Update Training Program :undefined 
13:42:39.437 INFO  Post /login 
13:42:39.453 INFO  User login: qwe@gmail.com 
13:42:39.484 INFO  Get Delete Command 
13:42:39.640 INFO  Post /login 
13:42:39.656 INFO  User login: qwe@gmail.com 
13:42:39.684 INFO  Get Delete Command 
13:42:39.684 INFO  Post /login 
13:42:39.731 INFO  User login: qwe@gmail.com 
13:42:39.776 INFO  Post /login 
13:42:39.823 INFO  User login: qwe@gmail.com 
13:42:39.870 INFO  Post /login 
13:42:39.901 INFO  User login: qwe@gmail.com 
13:42:39.932 INFO  Post /login 
13:42:40.276 INFO  User login: qwe@gmail.com 
13:42:40.776 INFO  Post /login 
13:42:40.791 INFO  User login: qwe@gmail.com 
13:42:41.541 INFO  Post /login 
13:42:41.588 INFO  User login: qwe@gmail.com 
13:42:42.388 INFO  Post /login 
13:42:42.403 INFO  User login: qwe@gmail.com 
13:42:42.450 INFO  /admin/updateClass: update Class :undefined 
13:42:42.827 INFO  Post /login 
13:42:42.858 INFO  User login: qwe@gmail.com 
13:42:43.572 INFO  Post /login 
13:42:43.625 INFO  User login: qwe@gmail.com 
13:42:43.684 INFO  Post /login 
13:42:43.715 INFO  User login: qwe@gmail.com 
13:42:43.762 INFO  Post /login 
13:42:43.793 INFO  User login: qwe@gmail.com 
13:42:44.657 INFO  Post /login 
13:42:44.675 INFO  User login: qwe@gmail.com 
13:42:45.156 INFO  Post /login 
13:42:45.312 INFO  User login: qwe@gmail.com 
13:42:45.374 INFO  Post /login 
13:42:45.390 INFO  User login: qwe@gmail.com 
13:42:45.432 INFO  Post /login 
13:42:45.464 INFO  User login: qwe@gmail.com 
13:42:45.510 INFO  Post /login 
13:42:45.526 INFO  User login: qwe@gmail.com 
13:42:45.573 INFO  Post /login 
13:42:45.589 INFO  User login: qwe@gmail.com 
13:42:45.620 INFO  Post /login 
13:42:45.700 INFO  User login: qwe@gmail.com 
13:42:45.762 INFO  Post /login 
13:42:45.809 INFO  User login: qwe@gmail.com 
13:42:45.840 INFO  Post /login 
13:42:45.872 INFO  User login: qwe@gmail.com 
13:42:45.919 INFO  Post /login 
13:42:45.950 INFO  User login: qwe@gmail.com 
13:42:45.981 INFO  Post /login 
13:42:45.997 INFO  User login: qwe@gmail.com 
13:42:46.044 INFO  Post /login 
13:42:46.106 INFO  User login: qwe@gmail.com 
13:42:46.153 INFO  Post /login 
13:42:46.169 INFO  User login: qwe@gmail.com 
13:42:46.215 INFO  Post /login 
13:42:46.247 INFO  User login: qwe@gmail.com 
13:42:46.309 INFO  Post /login 
13:42:46.356 INFO  User login: qwe@gmail.com 
13:42:46.403 INFO  Post /login 
13:42:46.450 INFO  User login: qwe@gmail.com 
13:42:46.512 INFO  Post /login 
13:42:46.559 INFO  User login: qwe@gmail.com 
13:42:46.606 INFO  Post /login 
13:42:46.637 INFO  User login: qwe@gmail.com 
13:42:46.669 INFO  Post /login 
13:42:46.700 INFO  User login: qwe@gmail.com 
13:42:46.731 INFO  Post /login 
13:42:46.825 INFO  User login: qwe@gmail.com 
13:42:46.887 INFO  Post /login 
13:42:46.903 INFO  User login: qwe@gmail.com 
13:42:46.981 INFO  Post /login 
13:42:46.997 INFO  User login: qwe@gmail.com 
13:42:47.044 INFO  Post /login 
13:42:47.090 INFO  User login: qwe@gmail.com 
13:42:47.137 INFO  Post /login 
13:42:47.153 INFO  User login: qwe@gmail.com 
13:42:47.200 INFO  Post /login 
13:42:47.215 INFO  User login: qwe@gmail.com 
13:42:47.262 INFO  Post /login 
13:42:47.278 INFO  User login: qwe@gmail.com 
13:42:47.313 INFO  Post /login 
13:42:47.329 INFO  User login: qwe@gmail.com 
13:42:47.376 INFO  Post /login 
13:42:47.438 INFO  User login: qwe@gmail.com 
13:42:47.501 INFO  Post /login 
13:42:47.516 INFO  User login: qwe@gmail.com 
13:42:47.777 INFO  Post /login 
13:42:47.809 INFO  User login: qwe@gmail.com 
13:42:47.859 INFO  Post /login 
13:42:47.874 INFO  User login: qwe@gmail.com 
13:43:06.921 INFO  Post /login 
13:43:06.952 INFO  User login: qwe@gmail.com 
13:43:06.999 INFO  Post /login 
13:43:07.030 INFO  User login: qwe@gmail.com 
13:43:07.046 INFO  Post /login 
13:43:07.093 INFO  User login failed. 
13:43:07.108 INFO  Post /login 
13:43:07.124 INFO  User login: s3595082@rmit.edu.vn 
13:43:07.155 INFO  Post /login 
13:43:07.171 INFO  User login failed. 
13:43:07.187 INFO  Post /login 
13:43:07.218 INFO  User login failed. 
13:43:07.218 INFO  Post /login 
13:43:07.249 INFO  User login: nam@gmail.com 
13:43:07.249 INFO  Post /login 
13:43:07.280 INFO  User login failed. 
13:43:07.296 INFO  Post /login 
13:43:07.327 INFO  User login failed. 
13:43:07.327 INFO  Post /login 
13:43:07.358 INFO  User login failed. 
13:43:07.374 INFO  Post /login 
13:43:07.405 INFO  User login failed. 
13:43:07.405 INFO  Post /login 
13:43:07.437 INFO  User login failed. 
13:43:07.452 INFO  Post /login 
13:43:07.483 INFO  User login failed. 
13:43:07.483 INFO  Post /login 
13:43:07.499 INFO  User login failed. 
13:43:07.515 INFO  GET /logout 
13:43:07.515 INFO  Post /login 
13:43:07.546 INFO  User login: qwe@gmail.com 
13:43:07.593 INFO  Post /login 
13:43:07.608 INFO  User login: qwe@gmail.com 
13:43:08.093 INFO  Post /login 
13:43:08.108 INFO  User login: qwe@gmail.com 
13:43:08.562 INFO  Post /login 
13:43:08.593 INFO  User login: qwe@gmail.com 
13:43:08.796 INFO  Post /login 
13:43:08.905 INFO  User login: qwe@gmail.com 
13:43:09.280 INFO  Post /login 
13:43:09.374 INFO  User login: qwe@gmail.com 
13:43:09.705 INFO  Post /login 
13:43:09.736 INFO  User login: qwe@gmail.com 
13:43:10.095 INFO  Post /login 
13:43:10.189 INFO  User login: qwe@gmail.com 
13:43:10.236 INFO  Post /login 
13:43:10.252 INFO  User login: qwe@gmail.com 
13:43:10.486 INFO  Post /login 
13:43:10.517 INFO  User login: qwe@gmail.com 
13:43:10.684 INFO  Post /login 
13:43:10.746 INFO  User login: qwe@gmail.com 
13:43:10.918 INFO  Post /login 
13:43:11.028 INFO  User login: qwe@gmail.com 
13:43:11.106 INFO  Post /login 
13:43:11.121 INFO  User login: qwe@gmail.com 
13:43:11.152 INFO  Post /login 
13:43:11.168 INFO  User login: qwe@gmail.com 
13:43:11.199 INFO  Post /login 
13:43:11.231 INFO  User login: qwe@gmail.com 
13:43:11.262 INFO  Post /login 
13:43:11.277 INFO  User login: qwe@gmail.com 
13:43:11.324 INFO  Post /login 
13:43:11.356 INFO  User login: qwe@gmail.com 
13:43:11.402 INFO  Post /login 
13:43:11.418 INFO  User login: qwe@gmail.com 
13:43:11.449 INFO  Post /login 
13:43:11.465 INFO  User login: qwe@gmail.com 
13:43:11.731 INFO  Post /login 
13:43:11.746 INFO  User login: qwe@gmail.com 
13:43:12.121 INFO  Post /login 
13:43:12.199 INFO  User login: qwe@gmail.com 
13:43:12.347 INFO  Post /login 
13:43:12.363 INFO  User login: qwe@gmail.com 
13:43:12.613 INFO  Post /login 
13:43:12.628 INFO  User login: qwe@gmail.com 
13:43:12.684 INFO  Post /login 
13:43:12.699 INFO  User login: qwe@gmail.com 
13:43:12.749 INFO  Post /login 
13:43:12.765 INFO  User login: qwe@gmail.com 
13:43:12.810 INFO  Post /login 
13:43:12.857 INFO  User login: qwe@gmail.com 
13:43:12.888 INFO  Post /login 
13:43:12.935 INFO  User login: qwe@gmail.com 
13:43:13.013 INFO  Post /login 
13:43:13.060 INFO  User login: qwe@gmail.com 
13:43:13.216 INFO  Post /login 
13:43:13.341 INFO  User login: qwe@gmail.com 
13:43:13.466 INFO  Post /login 
13:43:13.482 INFO  User login: qwe@gmail.com 
13:43:13.576 INFO  Post /login 
13:43:13.607 INFO  User login: qwe@gmail.com 
13:43:13.685 INFO  Post /login 
13:43:13.716 INFO  User login: qwe@gmail.com 
13:43:13.982 INFO  Post /login 
13:43:14.010 INFO  User login: qwe@gmail.com 
13:43:14.320 INFO  Post /login 
13:43:14.351 INFO  User login: qwe@gmail.com 
13:43:14.664 INFO  Post /login 
13:43:14.684 INFO  User login: qwe@gmail.com 
13:43:14.934 INFO  Post /login 
13:43:14.950 INFO  User login: qwe@gmail.com 
13:43:15.090 INFO  Post /login 
13:43:15.122 INFO  User login: qwe@gmail.com 
13:43:15.419 INFO  Post /login 
13:43:15.419 INFO  User login: qwe@gmail.com 
13:43:15.762 INFO  Post /login 
13:43:15.794 INFO  User login: qwe@gmail.com 
13:43:16.185 INFO  Post /login 
13:43:16.217 INFO  User login: qwe@gmail.com 
13:43:16.685 INFO  Post /login 
13:43:16.717 INFO  User login: qwe@gmail.com 
13:43:16.857 INFO  Post /login 
13:43:16.873 INFO  User login: qwe@gmail.com 
13:43:16.998 INFO  Post /login 
13:43:17.029 INFO  User login: qwe@gmail.com 
13:43:17.154 INFO  Post /login 
13:43:17.170 INFO  User login: qwe@gmail.com 
13:43:17.279 INFO  Post /login 
13:43:17.310 INFO  User login: qwe@gmail.com 
13:43:17.342 INFO  Post /login 
13:43:17.357 INFO  User login: qwe@gmail.com 
13:43:17.467 INFO  Post /login 
13:43:17.482 INFO  User login: qwe@gmail.com 
13:43:17.529 INFO  Post /login 
13:43:17.545 INFO  User login: qwe@gmail.com 
13:43:17.594 INFO  Post /login 
13:43:17.625 INFO  User login: qwe@gmail.com 
13:43:17.689 INFO  Post /login 
13:43:17.704 INFO  User login: qwe@gmail.com 
13:43:17.751 INFO  Post /login 
13:43:17.782 INFO  User login: qwe@gmail.com 
13:43:17.813 INFO  Post /login 
13:43:17.829 INFO  User login: qwe@gmail.com 
13:43:17.876 INFO  Post /login 
13:43:17.892 INFO  User login: qwe@gmail.com 
13:43:17.938 INFO  Post /login 
13:43:17.954 INFO  User login: qwe@gmail.com 
13:43:17.985 INFO  Post /login 
13:43:18.017 INFO  User login: qwe@gmail.com 
13:43:18.126 INFO  Post /login 
13:43:18.157 INFO  User login: qwe@gmail.com 
13:43:18.204 INFO  Post /login 
13:43:18.267 INFO  User login: qwe@gmail.com 
13:43:18.345 INFO  Post /login 
13:43:18.392 INFO  User login: qwe@gmail.com 
13:43:18.423 INFO  Post /login 
13:43:18.470 INFO  User login: qwe@gmail.com 
13:43:18.517 INFO  Post /login 
13:43:18.563 INFO  User login: qwe@gmail.com 
13:43:18.610 INFO  Post /login 
13:43:18.674 INFO  User login: qwe@gmail.com 
13:43:18.751 INFO  Post /login 
13:43:18.829 INFO  User login: qwe@gmail.com 
13:43:18.892 INFO  Post /login 
13:43:18.939 INFO  User login: qwe@gmail.com 
13:43:18.986 INFO  Post /login 
13:43:19.017 INFO  User login: qwe@gmail.com 
13:43:19.074 INFO  Post /login 
13:43:19.178 INFO  User login: qwe@gmail.com 
13:43:19.365 INFO  Post /login 
13:43:19.412 INFO  User login: qwe@gmail.com 
13:43:19.576 INFO  Post /login 
13:43:19.614 INFO  User login: qwe@gmail.com 
13:43:19.793 INFO  Post /login 
13:43:19.809 INFO  User login: qwe@gmail.com 
13:43:19.980 INFO  Post /login 
13:43:19.996 INFO  User login: qwe@gmail.com 
13:43:20.152 INFO  Post /login 
13:43:20.168 INFO  User login: qwe@gmail.com 
13:43:20.246 INFO  Post /login 
13:43:20.277 INFO  User login: qwe@gmail.com 
13:43:20.387 INFO  Post /login 
13:43:20.402 INFO  User login: qwe@gmail.com 
13:43:39.498 INFO  Post /login 
13:43:39.529 INFO  User login: qwe@gmail.com 
13:43:39.576 INFO  Post /login 
13:43:39.638 INFO  User login: qwe@gmail.com 
13:43:39.873 INFO  Post /login 
13:43:39.904 INFO  User login: qwe@gmail.com 
13:43:39.935 INFO  Post /login 
13:43:39.970 INFO  User login: qwe@gmail.com 
13:43:40.016 INFO  Post /login 
13:43:40.032 INFO  User login: qwe@gmail.com 
13:43:40.079 INFO  Post /login 
13:43:40.095 INFO  User login: qwe@gmail.com 
13:43:40.347 INFO  Post /login 
13:43:40.394 INFO  User login: qwe@gmail.com 
14:03:09.907 INFO  Post /login 
14:03:09.960 INFO  User login: qwe@gmail.com 
14:03:10.069 INFO  Post /login 
14:03:10.085 INFO  User login: qwe@gmail.com 
14:03:10.356 INFO  Post /login 
14:03:10.388 INFO  User login: qwe@gmail.com 
14:03:10.466 INFO  Post /login 
14:03:10.497 INFO  User login: qwe@gmail.com 
14:03:10.688 INFO  Post /login 
14:03:10.703 INFO  User login: qwe@gmail.com 
14:03:10.813 INFO  Post /login 
14:03:10.828 INFO  User login: qwe@gmail.com 
14:03:10.969 INFO  Post /login 
14:03:11.016 INFO  User login: qwe@gmail.com 
14:03:11.063 INFO  Post /login 
14:03:11.094 INFO  User login: qwe@gmail.com 
14:03:11.125 INFO  Post /login 
14:03:11.166 INFO  User login: qwe@gmail.com 
14:03:30.220 INFO  Post /login 
14:03:30.252 INFO  User login: qwe@gmail.com 
14:03:30.283 INFO  /admin/courses/addTrainingProgram: Add Training Program :test create name of new training program 
14:03:30.489 INFO  Post /login 
14:03:30.521 INFO  User login: qwe@gmail.com 
14:03:30.583 INFO  /admin/courses/addTrainingProgram: Add Training Program :Linux Programming 
14:03:30.599 INFO  Post /login 
14:03:30.630 INFO  User login: qwe@gmail.com 
14:03:30.665 INFO  /admin/updateTrainingProgram: Update Training Program :undefined 
14:03:30.862 INFO  Post /login 
14:03:30.893 INFO  User login: qwe@gmail.com 
14:03:31.034 INFO  /admin/updateTrainingProgram: Update Training Program :undefined 
14:03:31.049 INFO  Post /login 
14:03:31.114 INFO  User login: qwe@gmail.com 
14:03:31.145 INFO  Get Delete Command 
14:03:31.308 INFO  Post /login 
14:03:31.339 INFO  User login: qwe@gmail.com 
14:03:31.371 INFO  Get Delete Command 
14:03:31.386 INFO  Post /login 
14:03:31.402 INFO  User login: qwe@gmail.com 
14:03:31.449 INFO  Post /login 
14:03:31.464 INFO  User login: qwe@gmail.com 
14:03:31.511 INFO  Post /login 
14:03:31.543 INFO  User login: qwe@gmail.com 
14:03:31.574 INFO  Post /login 
14:03:31.601 INFO  User login: qwe@gmail.com 
14:03:32.058 INFO  Post /login 
14:03:32.073 INFO  User login: qwe@gmail.com 
14:03:32.864 INFO  Post /login 
14:03:32.879 INFO  User login: qwe@gmail.com 
14:03:33.551 INFO  Post /login 
14:03:33.598 INFO  User login: qwe@gmail.com 
14:03:33.748 INFO  /admin/updateClass: update Class :undefined 
14:03:34.061 INFO  Post /login 
14:03:34.108 INFO  User login: qwe@gmail.com 
14:03:34.623 INFO  Post /login 
14:03:34.639 INFO  User login: qwe@gmail.com 
14:03:34.714 INFO  Post /login 
14:03:34.839 INFO  User login: qwe@gmail.com 
14:03:34.901 INFO  Post /login 
14:03:34.933 INFO  User login: qwe@gmail.com 
14:03:35.464 INFO  Post /login 
14:03:35.542 INFO  User login: qwe@gmail.com 
14:03:36.101 INFO  Post /login 
14:03:36.117 INFO  User login: qwe@gmail.com 
14:03:36.211 INFO  Post /login 
14:03:36.226 INFO  User login: qwe@gmail.com 
14:03:36.273 INFO  Post /login 
14:03:36.292 INFO  User login: qwe@gmail.com 
14:03:36.323 INFO  Post /login 
14:03:36.354 INFO  User login: qwe@gmail.com 
14:03:36.401 INFO  Post /login 
14:03:36.417 INFO  User login: qwe@gmail.com 
14:03:36.448 INFO  Post /login 
14:03:36.479 INFO  User login: qwe@gmail.com 
14:03:36.511 INFO  Post /login 
14:03:36.526 INFO  User login: qwe@gmail.com 
14:03:36.573 INFO  Post /login 
14:03:36.589 INFO  User login: qwe@gmail.com 
14:03:36.636 INFO  Post /login 
14:03:36.667 INFO  User login: qwe@gmail.com 
14:03:36.707 INFO  Post /login 
14:03:36.722 INFO  User login: qwe@gmail.com 
14:03:36.769 INFO  Post /login 
14:03:36.785 INFO  User login: qwe@gmail.com 
14:03:36.832 INFO  Post /login 
14:03:36.863 INFO  User login: qwe@gmail.com 
14:03:36.894 INFO  Post /login 
14:03:36.910 INFO  User login: qwe@gmail.com 
14:03:36.957 INFO  Post /login 
14:03:36.972 INFO  User login: qwe@gmail.com 
14:03:56.048 INFO  Post /login 
14:03:56.141 INFO  User login: qwe@gmail.com 
14:04:15.211 INFO  Post /login 
14:04:15.211 INFO  User login: qwe@gmail.com 
