10:24:49.287 INFO  Post /login 
10:24:49.336 INFO  User login: qwe@gmail.com 
10:24:49.480 INFO  Post /login 
10:24:49.495 INFO  User login: qwe@gmail.com 
10:24:49.668 INFO  Post /login 
10:24:49.706 INFO  User login: qwe@gmail.com 
10:24:49.768 INFO  Post /login 
10:24:49.768 INFO  User login: qwe@gmail.com 
10:24:49.921 INFO  Post /login 
10:24:49.953 INFO  User login: qwe@gmail.com 
10:24:50.020 INFO  Post /login 
10:24:50.036 INFO  User login: qwe@gmail.com 
10:24:50.122 INFO  Post /login 
10:24:50.152 INFO  User login: qwe@gmail.com 
10:24:50.206 INFO  Post /login 
10:24:50.222 INFO  User login: qwe@gmail.com 
10:24:50.253 INFO  Post /login 
10:24:50.253 INFO  User login: qwe@gmail.com 
10:24:50.327 INFO  Post /login 
10:24:50.343 INFO  User login: qwe@gmail.com 
10:24:50.358 INFO  /admin/courses/addTrainingProgram: Add Training Program :test create name of new training program 
10:24:50.453 INFO  Post /login 
10:24:50.472 INFO  User login: qwe@gmail.com 
10:24:50.569 INFO  /admin/courses/addTrainingProgram: Add Training Program :Linux Programming 
10:24:50.584 INFO  Post /login 
10:24:50.606 INFO  User login: qwe@gmail.com 
10:24:50.622 INFO  /admin/updateTrainingProgram: Update Training Program :undefined 
10:24:50.907 INFO  Post /login 
10:24:51.003 INFO  User login: qwe@gmail.com 
10:24:51.020 INFO  /admin/updateTrainingProgram: Update Training Program :undefined 
10:24:51.020 INFO  Post /login 
10:24:51.035 INFO  User login: qwe@gmail.com 
10:24:51.051 INFO  Get Delete Command 
10:24:51.224 INFO  Post /login 
10:24:51.239 INFO  User login: qwe@gmail.com 
10:24:51.272 INFO  Get Delete Command 
10:24:51.281 INFO  Post /login 
10:24:51.324 INFO  User login: qwe@gmail.com 
10:24:51.371 INFO  Post /login 
10:24:51.389 INFO  User login: qwe@gmail.com 
10:24:51.433 INFO  Post /login 
10:24:51.439 INFO  User login: qwe@gmail.com 
10:24:51.455 INFO  Post /login 
10:24:51.470 INFO  User login: qwe@gmail.com 
10:24:51.972 INFO  Post /login 
10:24:51.988 INFO  User login: qwe@gmail.com 
10:24:53.038 INFO  Post /login 
10:24:53.053 INFO  User login: qwe@gmail.com 
10:24:53.930 INFO  Post /login 
10:24:53.945 INFO  User login: qwe@gmail.com 
10:24:54.006 INFO  /admin/updateClass: update Class :undefined 
10:24:54.416 INFO  Post /login 
10:24:54.432 INFO  User login: qwe@gmail.com 
10:24:55.101 INFO  Post /login 
10:24:55.148 INFO  User login: qwe@gmail.com 
10:24:55.212 INFO  Post /login 
10:24:55.233 INFO  User login: qwe@gmail.com 
10:24:55.264 INFO  Post /login 
10:24:55.317 INFO  User login: qwe@gmail.com 
10:24:55.919 INFO  Post /login 
10:24:55.981 INFO  User login: qwe@gmail.com 
10:24:56.655 INFO  Post /login 
10:24:56.679 INFO  User login: qwe@gmail.com 
10:24:56.710 INFO  Post /login 
10:24:56.721 INFO  User login: qwe@gmail.com 
10:24:56.752 INFO  Post /login 
10:24:56.767 INFO  User login: qwe@gmail.com 
10:24:56.810 INFO  Post /login 
10:24:56.821 INFO  User login: qwe@gmail.com 
10:24:56.846 INFO  Post /login 
10:24:56.875 INFO  User login: qwe@gmail.com 
10:24:56.896 INFO  Post /login 
10:24:56.921 INFO  User login: qwe@gmail.com 
10:24:56.937 INFO  Post /login 
10:24:56.952 INFO  User login: qwe@gmail.com 
10:24:56.983 INFO  Post /login 
10:24:56.983 INFO  User login: qwe@gmail.com 
10:24:57.021 INFO  Post /login 
10:24:57.084 INFO  User login: qwe@gmail.com 
10:24:57.147 INFO  Post /login 
10:24:57.154 INFO  User login: qwe@gmail.com 
10:24:57.185 INFO  Post /login 
10:24:57.254 INFO  User login: qwe@gmail.com 
10:24:57.322 INFO  Post /login 
10:24:57.384 INFO  User login: qwe@gmail.com 
10:24:57.453 INFO  Post /login 
10:24:57.453 INFO  User login: qwe@gmail.com 
10:24:57.497 INFO  Post /login 
10:24:57.504 INFO  User login: qwe@gmail.com 
10:24:57.522 INFO  /common/course/getClassByCourseID:  
10:24:57.569 INFO  Post /login 
10:24:57.585 INFO  User login: qwe@gmail.com 
10:24:57.622 INFO  Post /login 
10:24:57.645 INFO  User login: qwe@gmail.com 
10:24:57.665 INFO  Post /login 
10:24:57.680 INFO  User login: qwe@gmail.com 
10:24:57.696 INFO  /common/course/getClassByCourseID:  
10:24:57.711 INFO  Post /login 
10:24:57.787 INFO  User login: qwe@gmail.com 
10:24:57.851 INFO  Post /login 
10:24:57.866 INFO  User login: qwe@gmail.com 
10:24:57.899 INFO  Post /login 
10:24:57.906 INFO  User login: qwe@gmail.com 
10:24:57.923 INFO  Post /login 
10:24:57.939 INFO  User login: qwe@gmail.com 
10:24:57.970 INFO  Post /login 
10:24:57.986 INFO  User login: qwe@gmail.com 
10:24:58.139 INFO  Post /login 
10:24:58.204 INFO  User login: qwe@gmail.com 
10:24:58.224 INFO  Post /login 
10:24:58.255 INFO  User login: qwe@gmail.com 
10:24:58.271 INFO  Post /login 
10:24:58.286 INFO  User login failed. 
10:24:58.302 INFO  Post /login 
10:24:58.324 INFO  User login: s3595082@rmit.edu.vn 
10:24:58.340 INFO  Post /login 
10:24:58.340 INFO  User login failed. 
10:24:58.355 INFO  Post /login 
10:24:58.424 INFO  User login failed. 
10:24:58.424 INFO  Post /login 
10:24:58.456 INFO  User login: nam@gmail.com 
10:24:58.471 INFO  Post /login 
10:24:58.502 INFO  User login failed. 
10:24:58.518 INFO  Post /login 
10:24:58.554 INFO  User login failed. 
10:24:58.554 INFO  Post /login 
10:24:58.616 INFO  User login failed. 
10:24:58.645 INFO  Post /login 
10:24:58.658 INFO  User login failed. 
10:24:58.663 INFO  Post /login 
10:24:58.663 INFO  User login failed. 
10:24:58.679 INFO  Post /login 
10:24:58.694 INFO  User login failed. 
10:24:58.694 INFO  Post /login 
10:24:58.710 INFO  User login failed. 
10:24:58.725 INFO  GET /logout 
10:24:58.725 INFO  Post /login 
10:24:58.725 INFO  User login: qwe@gmail.com 
10:24:58.756 INFO  Post /login 
10:24:58.820 INFO  User login: qwe@gmail.com 
10:24:59.326 INFO  Post /login 
10:24:59.342 INFO  User login: qwe@gmail.com 
10:25:00.028 INFO  Post /login 
10:25:00.043 INFO  User login: qwe@gmail.com 
10:25:00.296 INFO  Post /login 
10:25:00.304 INFO  User login: qwe@gmail.com 
10:25:00.730 INFO  Post /login 
10:25:00.745 INFO  User login: qwe@gmail.com 
10:25:01.431 INFO  Post /login 
10:25:01.462 INFO  User login: qwe@gmail.com 
10:25:01.747 INFO  Post /login 
10:25:01.778 INFO  User login: qwe@gmail.com 
10:25:01.932 INFO  Post /login 
10:25:01.948 INFO  User login: qwe@gmail.com 
10:25:02.036 INFO  Post /login 
10:25:02.044 INFO  User login: qwe@gmail.com 
10:25:02.055 INFO  Post /login 
10:25:02.086 INFO  User login: qwe@gmail.com 
10:25:02.102 INFO  Post /login 
10:25:02.117 INFO  User login: qwe@gmail.com 
10:25:02.148 INFO  Post /login 
10:25:02.164 INFO  User login: qwe@gmail.com 
10:25:02.195 INFO  Post /login 
10:25:02.210 INFO  User login: qwe@gmail.com 
10:25:02.233 INFO  Post /login 
10:25:02.281 INFO  User login: qwe@gmail.com 
10:25:02.296 INFO  Post /login 
10:25:02.333 INFO  User login: qwe@gmail.com 
10:25:02.348 INFO  Post /login 
10:25:02.364 INFO  User login: qwe@gmail.com 
10:25:02.580 INFO  Post /login 
10:25:02.580 INFO  User login: qwe@gmail.com 
10:25:02.981 INFO  Post /login 
10:25:02.997 INFO  User login: qwe@gmail.com 
10:25:03.350 INFO  Post /login 
10:25:03.366 INFO  User login: qwe@gmail.com 
10:25:03.576 INFO  Post /login 
10:25:03.592 INFO  User login: qwe@gmail.com 
10:25:03.635 INFO  Post /login 
10:25:03.683 INFO  User login: qwe@gmail.com 
10:25:03.716 INFO  Post /login 
10:25:03.732 INFO  User login: qwe@gmail.com 
10:25:03.750 INFO  Post /login 
10:25:03.766 INFO  User login: qwe@gmail.com 
10:25:03.802 INFO  Post /login 
10:25:03.812 INFO  User login: qwe@gmail.com 
10:25:03.888 INFO  Post /login 
10:25:03.935 INFO  User login: qwe@gmail.com 
10:25:04.003 INFO  Post /login 
10:25:04.018 INFO  User login: qwe@gmail.com 
10:25:04.082 INFO  Post /login 
10:25:04.136 INFO  User login: qwe@gmail.com 
10:25:04.236 INFO  Post /login 
10:25:04.252 INFO  User login: qwe@gmail.com 
10:25:04.314 INFO  Post /login 
10:25:04.352 INFO  User login: qwe@gmail.com 
10:25:04.568 INFO  Post /login 
10:25:04.568 INFO  User login: qwe@gmail.com 
10:25:04.902 INFO  Post /login 
10:25:04.984 INFO  User login: qwe@gmail.com 
10:25:05.204 INFO  Post /login 
10:25:05.236 INFO  User login: qwe@gmail.com 
10:25:05.438 INFO  Post /login 
10:25:05.438 INFO  User login: qwe@gmail.com 
10:25:05.554 INFO  Post /login 
10:25:05.570 INFO  User login: qwe@gmail.com 
10:25:05.881 INFO  Post /login 
10:25:05.895 INFO  User login: qwe@gmail.com 
10:25:06.102 INFO  Post /login 
10:25:06.118 INFO  User login: qwe@gmail.com 
10:25:06.456 INFO  Post /login 
10:25:06.472 INFO  User login: qwe@gmail.com 
10:25:06.929 INFO  Post /login 
10:25:06.942 INFO  User login: qwe@gmail.com 
10:25:07.142 INFO  Post /login 
10:25:07.158 INFO  User login: qwe@gmail.com 
10:25:07.374 INFO  Post /login 
10:25:07.421 INFO  User login: qwe@gmail.com 
10:25:07.505 INFO  Post /login 
10:25:07.505 INFO  User login: qwe@gmail.com 
10:25:07.543 INFO  Post /login 
10:25:07.559 INFO  User login: qwe@gmail.com 
10:25:07.600 INFO  Post /login 
10:25:07.653 INFO  User login: qwe@gmail.com 
10:25:07.695 INFO  Post /login 
10:25:07.710 INFO  User login: qwe@gmail.com 
10:25:07.743 INFO  Post /login 
10:25:07.743 INFO  User login: qwe@gmail.com 
10:25:07.774 INFO  Post /login 
10:25:07.832 INFO  User login: qwe@gmail.com 
10:25:07.862 INFO  Post /login 
10:25:07.871 INFO  User login: qwe@gmail.com 
10:25:07.888 INFO  Post /login 
10:25:07.903 INFO  User login: qwe@gmail.com 
10:25:07.935 INFO  Post /login 
10:25:07.959 INFO  User login: qwe@gmail.com 
10:25:08.020 INFO  Post /login 
10:25:08.036 INFO  User login: qwe@gmail.com 
10:25:08.059 INFO  Post /login 
10:25:08.074 INFO  User login: qwe@gmail.com 
10:25:08.090 INFO  Post /login 
10:25:08.106 INFO  User login: qwe@gmail.com 
10:25:08.121 INFO  Post /login 
10:25:08.159 INFO  User login: qwe@gmail.com 
10:25:08.175 INFO  Post /login 
10:25:08.222 INFO  User login: qwe@gmail.com 
10:25:08.275 INFO  Post /login 
10:25:08.291 INFO  User login: qwe@gmail.com 
10:25:08.322 INFO  Post /login 
10:25:08.354 INFO  User login: qwe@gmail.com 
10:25:08.369 INFO  Post /login 
10:25:08.385 INFO  User login: qwe@gmail.com 
10:25:08.416 INFO  Post /login 
10:25:08.445 INFO  User login: qwe@gmail.com 
10:25:08.507 INFO  Post /login 
10:25:08.523 INFO  User login: qwe@gmail.com 
10:25:08.679 INFO  Post /login 
10:25:08.690 INFO  User login: qwe@gmail.com 
10:25:08.961 INFO  Post /login 
10:25:09.054 INFO  User login: qwe@gmail.com 
10:25:09.177 INFO  Post /login 
10:25:09.209 INFO  User login: qwe@gmail.com 
10:25:09.340 INFO  Post /login 
10:25:09.362 INFO  User login: qwe@gmail.com 
10:25:09.447 INFO  Post /login 
10:25:09.462 INFO  User login: qwe@gmail.com 
10:25:09.547 INFO  Post /login 
10:25:09.547 INFO  User login: qwe@gmail.com 
10:25:09.663 INFO  Post /login 
10:25:09.678 INFO  User login: qwe@gmail.com 
10:34:45.415 INFO  Post /login 
10:34:45.446 INFO  User login: qwe@gmail.com 
10:34:45.552 INFO  Post /login 
10:34:45.567 INFO  User login: qwe@gmail.com 
10:34:45.819 INFO  Post /login 
10:34:45.841 INFO  User login: qwe@gmail.com 
10:34:45.908 INFO  Post /login 
10:34:45.936 INFO  User login: qwe@gmail.com 
10:34:46.157 INFO  Post /login 
10:34:46.170 INFO  User login: qwe@gmail.com 
10:34:46.249 INFO  Post /login 
10:34:46.268 INFO  User login: qwe@gmail.com 
10:34:46.380 INFO  Post /login 
10:34:46.405 INFO  User login: qwe@gmail.com 
10:34:46.464 INFO  Post /login 
10:34:46.480 INFO  User login: qwe@gmail.com 
10:34:46.511 INFO  Post /login 
10:34:46.570 INFO  User login: qwe@gmail.com 
10:34:46.634 INFO  Post /login 
10:34:46.641 INFO  User login: qwe@gmail.com 
10:34:46.659 INFO  /admin/courses/addTrainingProgram: Add Training Program :test create name of new training program 
10:34:46.767 INFO  Post /login 
10:34:46.776 INFO  User login: qwe@gmail.com 
10:34:46.832 INFO  /admin/courses/addTrainingProgram: Add Training Program :Linux Programming 
10:34:46.842 INFO  Post /login 
10:34:46.846 INFO  User login: qwe@gmail.com 
10:34:46.876 INFO  /admin/updateTrainingProgram: Update Training Program :undefined 
10:34:46.999 INFO  Post /login 
10:34:47.008 INFO  User login: qwe@gmail.com 
10:34:47.053 INFO  /admin/updateTrainingProgram: Update Training Program :undefined 
10:34:47.069 INFO  Post /login 
10:34:47.120 INFO  User login: qwe@gmail.com 
10:34:47.146 INFO  Get Delete Command 
10:34:47.254 INFO  Post /login 
10:34:47.270 INFO  User login: qwe@gmail.com 
10:34:47.301 INFO  Get Delete Command 
10:34:47.301 INFO  Post /login 
10:34:47.341 INFO  User login: qwe@gmail.com 
10:34:47.380 INFO  Post /login 
10:34:47.392 INFO  User login: qwe@gmail.com 
10:34:47.421 INFO  Post /login 
10:34:47.421 INFO  User login: qwe@gmail.com 
10:34:47.452 INFO  Post /login 
10:34:47.468 INFO  User login: qwe@gmail.com 
10:34:47.798 INFO  Post /login 
10:34:47.814 INFO  User login: qwe@gmail.com 
10:34:48.658 INFO  Post /login 
10:34:48.679 INFO  User login: qwe@gmail.com 
10:34:49.395 INFO  Post /login 
10:34:49.455 INFO  User login: qwe@gmail.com 
10:34:49.688 INFO  /admin/updateClass: update Class :undefined 
10:34:49.834 INFO  Post /login 
10:34:49.846 INFO  User login: qwe@gmail.com 
10:34:50.349 INFO  Post /login 
10:34:50.360 INFO  User login: qwe@gmail.com 
10:34:50.409 INFO  Post /login 
10:34:50.457 INFO  User login: qwe@gmail.com 
10:34:50.487 INFO  Post /login 
10:34:50.502 INFO  User login: qwe@gmail.com 
10:34:51.228 INFO  Post /login 
10:34:51.292 INFO  User login: qwe@gmail.com 
10:34:51.913 INFO  Post /login 
10:34:51.925 INFO  User login: qwe@gmail.com 
10:34:51.993 INFO  Post /login 
10:34:52.001 INFO  User login: qwe@gmail.com 
10:34:52.029 INFO  Post /login 
10:34:52.044 INFO  User login: qwe@gmail.com 
10:34:52.080 INFO  Post /login 
10:34:52.095 INFO  User login: qwe@gmail.com 
10:34:52.129 INFO  Post /login 
10:34:52.155 INFO  User login: qwe@gmail.com 
10:34:52.185 INFO  Post /login 
10:34:52.207 INFO  User login: qwe@gmail.com 
10:34:52.229 INFO  Post /login 
10:34:52.245 INFO  User login: qwe@gmail.com 
10:34:52.268 INFO  Post /login 
10:34:52.300 INFO  User login: qwe@gmail.com 
10:34:52.372 INFO  Post /login 
10:34:52.392 INFO  User login: qwe@gmail.com 
10:34:52.429 INFO  Post /login 
10:34:52.429 INFO  User login: qwe@gmail.com 
10:34:52.461 INFO  Post /login 
10:34:52.561 INFO  User login: qwe@gmail.com 
10:34:52.630 INFO  Post /login 
10:34:52.630 INFO  User login: qwe@gmail.com 
10:34:52.677 INFO  Post /login 
10:34:52.708 INFO  User login: qwe@gmail.com 
10:34:52.773 INFO  Post /login 
10:34:52.803 INFO  User login: qwe@gmail.com 
10:34:52.836 INFO  /common/course/getClassByCourseID:  
10:34:52.888 INFO  Post /login 
10:34:52.914 INFO  User login: qwe@gmail.com 
10:34:52.939 INFO  Post /login 
10:34:52.952 INFO  User login: qwe@gmail.com 
10:34:52.979 INFO  Post /login 
10:34:52.990 INFO  User login: qwe@gmail.com 
10:34:53.010 INFO  /common/course/getClassByCourseID:  
10:34:53.020 INFO  Post /login 
10:34:53.046 INFO  User login: qwe@gmail.com 
10:34:53.077 INFO  Post /login 
10:34:53.124 INFO  User login: qwe@gmail.com 
10:34:53.179 INFO  Post /login 
10:34:53.193 INFO  User login: qwe@gmail.com 
10:34:53.209 INFO  Post /login 
10:34:53.225 INFO  User login: qwe@gmail.com 
10:34:53.247 INFO  Post /login 
10:34:53.270 INFO  User login: qwe@gmail.com 
10:34:53.352 INFO  Post /login 
10:34:53.361 INFO  User login: qwe@gmail.com 
10:34:53.390 INFO  Post /login 
10:34:53.400 INFO  User login: qwe@gmail.com 
10:34:53.410 INFO  Post /login 
10:34:53.431 INFO  User login failed. 
10:34:53.431 INFO  Post /login 
10:34:53.447 INFO  User login: s3595082@rmit.edu.vn 
10:34:53.462 INFO  Post /login 
10:34:53.482 INFO  User login failed. 
10:34:53.482 INFO  Post /login 
10:34:53.513 INFO  User login failed. 
10:34:53.531 INFO  Post /login 
10:34:53.552 INFO  User login: nam@gmail.com 
10:34:53.558 INFO  Post /login 
10:34:53.569 INFO  User login failed. 
10:34:53.575 INFO  Post /login 
10:34:53.605 INFO  User login failed. 
10:34:53.608 INFO  Post /login 
10:34:53.624 INFO  User login failed. 
10:34:53.632 INFO  Post /login 
10:34:53.647 INFO  User login failed. 
10:34:53.647 INFO  Post /login 
10:34:53.663 INFO  User login failed. 
10:34:53.663 INFO  Post /login 
10:34:53.678 INFO  User login failed. 
10:34:53.678 INFO  Post /login 
10:34:53.752 INFO  User login failed. 
10:34:53.766 INFO  GET /logout 
10:34:53.779 INFO  Post /login 
10:34:53.789 INFO  User login: qwe@gmail.com 
10:34:53.826 INFO  Post /login 
10:34:53.834 INFO  User login: qwe@gmail.com 
10:34:54.251 INFO  Post /login 
10:34:54.254 INFO  User login: qwe@gmail.com 
10:34:54.711 INFO  Post /login 
10:34:54.780 INFO  User login: qwe@gmail.com 
10:34:54.933 INFO  Post /login 
10:34:55.010 INFO  User login: qwe@gmail.com 
10:34:55.297 INFO  Post /login 
10:34:55.398 INFO  User login: qwe@gmail.com 
10:34:55.664 INFO  Post /login 
10:34:55.695 INFO  User login: qwe@gmail.com 
10:34:55.934 INFO  Post /login 
10:34:55.945 INFO  User login: qwe@gmail.com 
10:34:56.082 INFO  Post /login 
10:34:56.098 INFO  User login: qwe@gmail.com 
10:34:56.203 INFO  Post /login 
10:34:56.208 INFO  User login: qwe@gmail.com 
10:34:56.246 INFO  Post /login 
10:34:56.253 INFO  User login: qwe@gmail.com 
10:34:56.269 INFO  Post /login 
10:34:56.284 INFO  User login: qwe@gmail.com 
10:34:56.300 INFO  Post /login 
10:34:56.318 INFO  User login: qwe@gmail.com 
10:34:56.359 INFO  Post /login 
10:34:56.402 INFO  User login: qwe@gmail.com 
10:34:56.467 INFO  Post /login 
10:34:56.483 INFO  User login: qwe@gmail.com 
10:34:56.561 INFO  Post /login 
10:34:56.610 INFO  User login: qwe@gmail.com 
10:34:56.680 INFO  Post /login 
10:34:56.695 INFO  User login: qwe@gmail.com 
10:34:56.935 INFO  Post /login 
10:34:56.964 INFO  User login: qwe@gmail.com 
10:34:57.253 INFO  Post /login 
10:34:57.283 INFO  User login: qwe@gmail.com 
10:34:57.403 INFO  Post /login 
10:34:57.408 INFO  User login: qwe@gmail.com 
10:34:57.639 INFO  Post /login 
10:34:57.654 INFO  User login: qwe@gmail.com 
10:34:57.701 INFO  Post /login 
10:34:57.717 INFO  User login: qwe@gmail.com 
10:34:57.771 INFO  Post /login 
10:34:57.780 INFO  User login: qwe@gmail.com 
10:34:57.807 INFO  Post /login 
10:34:57.820 INFO  User login: qwe@gmail.com 
10:34:57.846 INFO  Post /login 
10:34:57.866 INFO  User login: qwe@gmail.com 
10:34:57.918 INFO  Post /login 
10:34:57.942 INFO  User login: qwe@gmail.com 
10:34:58.020 INFO  Post /login 
10:34:58.056 INFO  User login: qwe@gmail.com 
10:34:58.140 INFO  Post /login 
10:34:58.173 INFO  User login: qwe@gmail.com 
10:34:58.243 INFO  Post /login 
10:34:58.253 INFO  User login: qwe@gmail.com 
10:34:58.315 INFO  Post /login 
10:34:58.340 INFO  User login: qwe@gmail.com 
10:34:58.624 INFO  Post /login 
10:34:58.641 INFO  User login: qwe@gmail.com 
10:34:58.985 INFO  Post /login 
10:34:58.994 INFO  User login: qwe@gmail.com 
10:34:59.342 INFO  Post /login 
10:34:59.378 INFO  User login: qwe@gmail.com 
10:34:59.571 INFO  Post /login 
10:34:59.624 INFO  User login: qwe@gmail.com 
10:34:59.829 INFO  Post /login 
10:34:59.839 INFO  User login: qwe@gmail.com 
10:35:00.203 INFO  Post /login 
10:35:00.208 INFO  User login: qwe@gmail.com 
10:35:00.460 INFO  Post /login 
10:35:00.506 INFO  User login: qwe@gmail.com 
10:35:01.264 INFO  Post /login 
10:35:01.264 INFO  User login: qwe@gmail.com 
10:35:01.824 INFO  Post /login 
10:35:01.836 INFO  User login: qwe@gmail.com 
10:35:01.987 INFO  Post /login 
10:35:02.020 INFO  User login: qwe@gmail.com 
10:35:02.146 INFO  Post /login 
10:35:02.159 INFO  User login: qwe@gmail.com 
10:35:02.248 INFO  Post /login 
10:35:02.264 INFO  User login: qwe@gmail.com 
10:35:02.303 INFO  Post /login 
10:35:02.320 INFO  User login: qwe@gmail.com 
10:35:02.405 INFO  Post /login 
10:35:02.440 INFO  User login: qwe@gmail.com 
10:35:02.479 INFO  Post /login 
10:35:02.495 INFO  User login: qwe@gmail.com 
10:35:02.526 INFO  Post /login 
10:35:02.552 INFO  User login: qwe@gmail.com 
10:35:02.600 INFO  Post /login 
10:35:02.643 INFO  User login: qwe@gmail.com 
10:35:02.695 INFO  Post /login 
10:35:02.710 INFO  User login: qwe@gmail.com 
10:35:02.752 INFO  Post /login 
10:35:02.763 INFO  User login: qwe@gmail.com 
10:35:02.795 INFO  Post /login 
10:35:02.805 INFO  User login: qwe@gmail.com 
10:35:02.850 INFO  Post /login 
10:35:02.895 INFO  User login: qwe@gmail.com 
10:35:02.921 INFO  Post /login 
10:35:02.957 INFO  User login: qwe@gmail.com 
10:35:02.981 INFO  Post /login 
10:35:02.992 INFO  User login: qwe@gmail.com 
10:35:03.018 INFO  Post /login 
10:35:03.050 INFO  User login: qwe@gmail.com 
10:35:03.066 INFO  Post /login 
10:35:03.113 INFO  User login: qwe@gmail.com 
10:35:03.128 INFO  Post /login 
10:35:03.151 INFO  User login: qwe@gmail.com 
10:35:03.176 INFO  Post /login 
10:35:03.189 INFO  User login: qwe@gmail.com 
10:35:03.209 INFO  Post /login 
10:35:03.282 INFO  User login: qwe@gmail.com 
10:35:03.313 INFO  Post /login 
10:35:03.329 INFO  User login: qwe@gmail.com 
10:35:03.363 INFO  Post /login 
10:35:03.375 INFO  User login: qwe@gmail.com 
10:35:03.551 INFO  Post /login 
10:35:03.560 INFO  User login: qwe@gmail.com 
10:35:03.801 INFO  Post /login 
10:35:03.811 INFO  User login: qwe@gmail.com 
10:35:03.976 INFO  Post /login 
10:35:03.987 INFO  User login: qwe@gmail.com 
10:35:04.177 INFO  Post /login 
10:35:04.210 INFO  User login: qwe@gmail.com 
10:35:04.303 INFO  Post /login 
10:35:04.319 INFO  User login: qwe@gmail.com 
10:35:04.409 INFO  Post /login 
10:35:04.424 INFO  User login: qwe@gmail.com 
10:35:04.516 INFO  Post /login 
10:35:04.532 INFO  User login: qwe@gmail.com 
10:35:04.605 INFO  Post /login 
10:35:04.609 INFO  User login: qwe@gmail.com 
10:35:04.624 INFO  Post /login 
10:35:04.669 INFO  User login: qwe@gmail.com 
10:35:04.813 INFO  Post /login 
10:35:04.827 INFO  User login: qwe@gmail.com 
10:35:04.854 INFO  Post /login 
10:35:04.930 INFO  User login: qwe@gmail.com 
10:35:04.954 INFO  Post /login 
10:35:04.976 INFO  User login: qwe@gmail.com 
11:27:15.091 INFO  GET /logout 
11:36:12.816 INFO  Post /login 
11:36:12.889 INFO  User login: qwe@gmail.com 
11:36:13.043 INFO  Post /login 
11:36:13.059 INFO  User login: qwe@gmail.com 
11:36:13.175 INFO  Post /login 
11:36:13.190 INFO  User login: qwe@gmail.com 
11:36:13.301 INFO  Post /login 
11:36:13.307 INFO  User login: qwe@gmail.com 
11:36:13.522 INFO  Post /login 
11:36:13.544 INFO  User login: qwe@gmail.com 
11:36:13.622 INFO  Post /login 
11:36:13.660 INFO  User login: qwe@gmail.com 
11:36:13.817 INFO  Post /login 
11:36:13.860 INFO  User login: qwe@gmail.com 
11:36:13.945 INFO  Post /login 
11:36:13.945 INFO  User login: qwe@gmail.com 
11:36:13.976 INFO  Post /login 
11:36:14.007 INFO  User login: qwe@gmail.com 
11:36:14.076 INFO  Post /login 
11:36:14.076 INFO  User login: qwe@gmail.com 
11:36:14.091 INFO  /admin/courses/addTrainingProgram: Add Training Program :test create name of new training program 
11:36:14.207 INFO  Post /login 
11:36:14.238 INFO  User login: qwe@gmail.com 
11:36:14.307 INFO  /admin/courses/addTrainingProgram: Add Training Program :Linux Programming 
11:36:14.323 INFO  Post /login 
11:36:14.339 INFO  User login: qwe@gmail.com 
11:36:14.361 INFO  /admin/updateTrainingProgram: Update Training Program :undefined 
11:36:14.593 INFO  Post /login 
11:36:14.608 INFO  User login: qwe@gmail.com 
11:36:14.662 INFO  /admin/updateTrainingProgram: Update Training Program :undefined 
11:36:14.677 INFO  Post /login 
11:36:14.693 INFO  User login: qwe@gmail.com 
11:36:14.709 INFO  Get Delete Command 
11:36:14.894 INFO  Post /login 
11:36:14.940 INFO  User login: qwe@gmail.com 
11:36:14.963 INFO  Get Delete Command 
11:36:14.963 INFO  Post /login 
11:36:15.047 INFO  User login: qwe@gmail.com 
11:36:15.125 INFO  Post /login 
11:36:15.141 INFO  User login: qwe@gmail.com 
11:36:15.179 INFO  Post /login 
11:36:15.194 INFO  User login: qwe@gmail.com 
11:36:15.226 INFO  Post /login 
11:36:15.241 INFO  User login: qwe@gmail.com 
11:36:15.627 INFO  Post /login 
11:36:15.642 INFO  User login: qwe@gmail.com 
11:36:16.366 INFO  Post /login 
11:36:16.382 INFO  User login: qwe@gmail.com 
11:36:17.231 INFO  Post /login 
11:36:17.253 INFO  User login: qwe@gmail.com 
11:36:17.601 INFO  /admin/updateClass: update Class :undefined 
11:36:17.755 INFO  Post /login 
11:36:17.770 INFO  User login: qwe@gmail.com 
11:36:18.387 INFO  Post /login 
11:36:18.419 INFO  User login: qwe@gmail.com 
11:36:18.476 INFO  Post /login 
11:36:18.523 INFO  User login: qwe@gmail.com 
11:36:18.542 INFO  Post /login 
11:36:18.572 INFO  User login: qwe@gmail.com 
11:36:19.174 INFO  Post /login 
11:36:19.205 INFO  User login: qwe@gmail.com 
11:36:19.954 INFO  Post /login 
11:36:20.007 INFO  User login: qwe@gmail.com 
11:36:20.060 INFO  Post /login 
11:36:20.076 INFO  User login: qwe@gmail.com 
11:36:20.107 INFO  Post /login 
11:36:20.107 INFO  User login: qwe@gmail.com 
11:36:20.223 INFO  Post /login 
11:36:20.239 INFO  User login: qwe@gmail.com 
11:36:20.277 INFO  Post /login 
11:36:20.292 INFO  User login: qwe@gmail.com 
11:36:20.323 INFO  Post /login 
11:36:20.377 INFO  User login: qwe@gmail.com 
11:36:20.408 INFO  Post /login 
11:36:20.424 INFO  User login: qwe@gmail.com 
11:36:20.455 INFO  Post /login 
11:36:20.477 INFO  User login: qwe@gmail.com 
11:36:20.508 INFO  Post /login 
11:36:20.524 INFO  User login: qwe@gmail.com 
11:36:20.562 INFO  Post /login 
11:36:20.562 INFO  User login: qwe@gmail.com 
11:36:20.593 INFO  Post /login 
11:36:20.624 INFO  User login: qwe@gmail.com 
11:36:20.662 INFO  Post /login 
11:36:20.678 INFO  User login: qwe@gmail.com 
11:36:20.709 INFO  Post /login 
11:36:20.725 INFO  User login: qwe@gmail.com 
11:36:20.756 INFO  Post /login 
11:36:20.762 INFO  User login: qwe@gmail.com 
11:36:20.778 INFO  /common/course/getClassByCourseID:  
11:36:20.830 INFO  Post /login 
11:36:20.845 INFO  User login: qwe@gmail.com 
11:36:20.879 INFO  Post /login 
11:36:20.889 INFO  User login: qwe@gmail.com 
11:36:20.916 INFO  Post /login 
11:36:20.932 INFO  User login: qwe@gmail.com 
11:36:20.948 INFO  /common/course/getClassByCourseID:  
11:36:20.978 INFO  Post /login 
11:36:21.035 INFO  User login: qwe@gmail.com 
11:36:21.109 INFO  Post /login 
11:36:21.140 INFO  User login: qwe@gmail.com 
11:36:21.163 INFO  Post /login 
11:36:21.178 INFO  User login: qwe@gmail.com 
11:36:21.209 INFO  Post /login 
11:36:21.241 INFO  User login: qwe@gmail.com 
11:36:21.263 INFO  Post /login 
11:36:21.278 INFO  User login: qwe@gmail.com 
11:36:21.510 INFO  Post /login 
11:36:21.526 INFO  User login: qwe@gmail.com 
11:36:21.564 INFO  Post /login 
11:36:21.579 INFO  User login: qwe@gmail.com 
11:36:21.611 INFO  Post /login 
11:36:21.665 INFO  User login failed. 
11:36:21.680 INFO  Post /login 
11:36:21.696 INFO  User login: s3595082@rmit.edu.vn 
11:36:21.711 INFO  Post /login 
11:36:21.727 INFO  User login failed. 
11:36:21.743 INFO  Post /login 
11:36:21.779 INFO  User login failed. 
11:36:21.779 INFO  Post /login 
11:36:21.880 INFO  User login: nam@gmail.com 
11:36:21.880 INFO  Post /login 
11:36:21.911 INFO  User login failed. 
11:36:21.927 INFO  Post /login 
11:36:21.942 INFO  User login failed. 
11:36:21.958 INFO  Post /login 
11:36:21.964 INFO  User login failed. 
11:36:21.980 INFO  Post /login 
11:36:22.008 INFO  User login failed. 
11:36:22.017 INFO  Post /login 
11:36:22.024 INFO  User login failed. 
11:36:22.039 INFO  Post /login 
11:36:22.102 INFO  User login failed. 
11:36:22.108 INFO  Post /login 
11:36:22.123 INFO  User login failed. 
11:36:22.129 INFO  GET /logout 
11:36:22.134 INFO  Post /login 
11:36:22.141 INFO  User login: qwe@gmail.com 
11:36:22.165 INFO  Post /login 
11:36:22.180 INFO  User login: qwe@gmail.com 
11:36:22.783 INFO  Post /login 
11:36:22.794 INFO  User login: qwe@gmail.com 
11:36:23.383 INFO  Post /login 
11:36:23.430 INFO  User login: qwe@gmail.com 
11:36:23.669 INFO  Post /login 
11:36:23.700 INFO  User login: qwe@gmail.com 
11:36:24.069 INFO  Post /login 
11:36:24.116 INFO  User login: qwe@gmail.com 
11:36:24.401 INFO  Post /login 
11:36:24.417 INFO  User login: qwe@gmail.com 
11:36:24.803 INFO  Post /login 
11:36:24.813 INFO  User login: qwe@gmail.com 
11:36:24.987 INFO  Post /login 
11:36:25.002 INFO  User login: qwe@gmail.com 
11:36:25.103 INFO  Post /login 
11:36:25.118 INFO  User login: qwe@gmail.com 
11:36:25.150 INFO  Post /login 
11:36:25.172 INFO  User login: qwe@gmail.com 
11:36:25.203 INFO  Post /login 
11:36:25.222 INFO  User login: qwe@gmail.com 
11:36:25.238 INFO  Post /login 
11:36:25.254 INFO  User login: qwe@gmail.com 
11:36:25.288 INFO  Post /login 
11:36:25.319 INFO  User login: qwe@gmail.com 
11:36:25.350 INFO  Post /login 
11:36:25.372 INFO  User login: qwe@gmail.com 
11:36:25.388 INFO  Post /login 
11:36:25.404 INFO  User login: qwe@gmail.com 
11:36:25.667 INFO  Post /login 
11:36:25.689 INFO  User login: qwe@gmail.com 
11:36:26.005 INFO  Post /login 
11:36:26.021 INFO  User login: qwe@gmail.com 
11:36:26.131 INFO  Post /login 
11:36:26.146 INFO  User login: qwe@gmail.com 
11:36:26.390 INFO  Post /login 
11:36:26.421 INFO  User login: qwe@gmail.com 
11:36:26.453 INFO  Post /login 
11:36:26.475 INFO  User login: qwe@gmail.com 
11:36:26.518 INFO  Post /login 
11:36:26.591 INFO  User login: qwe@gmail.com 
11:36:26.606 INFO  Post /login 
11:36:26.622 INFO  User login: qwe@gmail.com 
11:36:26.653 INFO  Post /login 
11:36:26.675 INFO  User login: qwe@gmail.com 
11:36:26.715 INFO  Post /login 
11:36:26.762 INFO  User login: qwe@gmail.com 
11:36:26.831 INFO  Post /login 
11:36:26.976 INFO  User login: qwe@gmail.com 
11:36:27.076 INFO  Post /login 
11:36:27.091 INFO  User login: qwe@gmail.com 
11:36:27.170 INFO  Post /login 
11:36:27.176 INFO  User login: qwe@gmail.com 
11:36:27.323 INFO  Post /login 
11:36:27.377 INFO  User login: qwe@gmail.com 
11:36:27.640 INFO  Post /login 
11:36:27.655 INFO  User login: qwe@gmail.com 
11:36:28.056 INFO  Post /login 
11:36:28.078 INFO  User login: qwe@gmail.com 
11:36:28.379 INFO  Post /login 
11:36:28.411 INFO  User login: qwe@gmail.com 
11:36:28.611 INFO  Post /login 
11:36:28.627 INFO  User login: qwe@gmail.com 
11:36:28.774 INFO  Post /login 
11:36:28.814 INFO  User login: qwe@gmail.com 
11:36:29.144 INFO  Post /login 
11:36:29.159 INFO  User login: qwe@gmail.com 
11:36:29.382 INFO  Post /login 
11:36:29.382 INFO  User login: qwe@gmail.com 
11:36:29.661 INFO  Post /login 
11:36:29.683 INFO  User login: qwe@gmail.com 
11:36:30.215 INFO  Post /login 
11:36:30.246 INFO  User login: qwe@gmail.com 
11:36:30.385 INFO  Post /login 
11:36:30.400 INFO  User login: qwe@gmail.com 
11:36:30.500 INFO  Post /login 
11:36:30.516 INFO  User login: qwe@gmail.com 
11:36:30.648 INFO  Post /login 
11:36:30.648 INFO  User login: qwe@gmail.com 
11:36:30.685 INFO  Post /login 
11:36:30.732 INFO  User login: qwe@gmail.com 
11:36:30.811 INFO  Post /login 
11:36:30.813 INFO  User login: qwe@gmail.com 
11:36:30.845 INFO  Post /login 
11:36:30.860 INFO  User login: qwe@gmail.com 
11:36:30.886 INFO  Post /login 
11:36:30.902 INFO  User login: qwe@gmail.com 
11:36:30.933 INFO  Post /login 
11:36:30.933 INFO  User login: qwe@gmail.com 
11:36:30.964 INFO  Post /login 
11:36:30.964 INFO  User login: qwe@gmail.com 
11:36:30.996 INFO  Post /login 
11:36:31.012 INFO  User login: qwe@gmail.com 
11:36:31.043 INFO  Post /login 
11:36:31.074 INFO  User login: qwe@gmail.com 
11:36:31.133 INFO  Post /login 
11:36:31.149 INFO  User login: qwe@gmail.com 
11:36:31.180 INFO  Post /login 
11:36:31.202 INFO  User login: qwe@gmail.com 
11:36:31.249 INFO  Post /login 
11:36:31.265 INFO  User login: qwe@gmail.com 
11:36:31.302 INFO  Post /login 
11:36:31.318 INFO  User login: qwe@gmail.com 
11:36:31.334 INFO  Post /login 
11:36:31.365 INFO  User login: qwe@gmail.com 
11:36:31.387 INFO  Post /login 
11:36:31.403 INFO  User login: qwe@gmail.com 
11:36:31.418 INFO  Post /login 
11:36:31.434 INFO  User login: qwe@gmail.com 
11:36:31.465 INFO  Post /login 
11:36:31.481 INFO  User login: qwe@gmail.com 
11:36:31.503 INFO  Post /login 
11:36:31.518 INFO  User login: qwe@gmail.com 
11:36:31.550 INFO  Post /login 
11:36:31.550 INFO  User login: qwe@gmail.com 
11:36:31.666 INFO  Post /login 
11:36:31.688 INFO  User login: qwe@gmail.com 
11:36:31.945 INFO  Post /login 
11:36:31.954 INFO  User login: qwe@gmail.com 
11:36:32.192 INFO  Post /login 
11:36:32.213 INFO  User login: qwe@gmail.com 
11:36:32.368 INFO  Post /login 
11:36:32.383 INFO  User login: qwe@gmail.com 
11:36:32.516 INFO  Post /login 
11:36:32.530 INFO  User login: qwe@gmail.com 
11:36:32.649 INFO  Post /login 
11:36:32.663 INFO  User login: qwe@gmail.com 
11:36:32.740 INFO  Post /login 
11:36:32.756 INFO  User login: qwe@gmail.com 
11:36:32.845 INFO  Post /login 
11:36:32.860 INFO  User login: qwe@gmail.com 
11:36:32.893 INFO  Post /login 
11:36:32.919 INFO  User login: qwe@gmail.com 
11:36:33.036 INFO  Post /login 
11:36:33.051 INFO  User login: qwe@gmail.com 
11:36:33.089 INFO  Post /login 
11:36:33.120 INFO  User login: qwe@gmail.com 
11:36:33.209 INFO  Post /login 
11:36:33.225 INFO  User login: qwe@gmail.com 
11:37:14.686 INFO  Post /login 
11:37:14.733 INFO  User login: qwe@gmail.com 
11:37:14.829 INFO  Post /login 
11:37:14.852 INFO  User login: qwe@gmail.com 
11:37:15.104 INFO  Post /login 
11:37:15.127 INFO  User login: qwe@gmail.com 
11:37:15.410 INFO  Post /login 
11:37:15.421 INFO  User login: qwe@gmail.com 
11:37:15.685 INFO  Post /login 
11:37:15.716 INFO  User login: qwe@gmail.com 
11:37:15.769 INFO  Post /login 
11:37:15.785 INFO  User login: qwe@gmail.com 
11:37:15.916 INFO  Post /login 
11:37:15.932 INFO  User login: qwe@gmail.com 
11:37:16.017 INFO  Post /login 
11:37:16.032 INFO  User login: qwe@gmail.com 
11:37:16.054 INFO  Post /login 
11:37:16.070 INFO  User login: qwe@gmail.com 
11:37:16.138 INFO  Post /login 
11:37:16.170 INFO  User login: qwe@gmail.com 
11:37:16.185 INFO  /admin/courses/addTrainingProgram: Add Training Program :test create name of new training program 
11:37:16.301 INFO  Post /login 
11:37:16.333 INFO  User login: qwe@gmail.com 
11:37:16.402 INFO  /admin/courses/addTrainingProgram: Add Training Program :Linux Programming 
11:37:16.417 INFO  Post /login 
11:37:16.433 INFO  User login: qwe@gmail.com 
11:37:16.455 INFO  /admin/updateTrainingProgram: Update Training Program :undefined 
11:37:16.618 INFO  Post /login 
11:37:16.634 INFO  User login: qwe@gmail.com 
11:37:16.687 INFO  /admin/updateTrainingProgram: Update Training Program :undefined 
11:37:16.703 INFO  Post /login 
11:37:16.739 INFO  User login: qwe@gmail.com 
11:37:16.756 INFO  Get Delete Command 
11:37:16.887 INFO  Post /login 
11:37:16.903 INFO  User login: qwe@gmail.com 
11:37:16.918 INFO  Get Delete Command 
11:37:16.934 INFO  Post /login 
11:37:16.956 INFO  User login: qwe@gmail.com 
11:37:16.987 INFO  Post /login 
11:37:17.003 INFO  User login: qwe@gmail.com 
11:37:17.037 INFO  Post /login 
11:37:17.119 INFO  User login: qwe@gmail.com 
11:37:17.172 INFO  Post /login 
11:37:17.188 INFO  User login: qwe@gmail.com 
11:37:17.673 INFO  Post /login 
11:37:17.758 INFO  User login: qwe@gmail.com 
11:37:18.475 INFO  Post /login 
11:37:18.522 INFO  User login: qwe@gmail.com 
11:37:19.462 INFO  Post /login 
11:37:19.494 INFO  User login: qwe@gmail.com 
11:37:20.496 INFO  /admin/updateClass: update Class :undefined 
11:37:20.628 INFO  Post /login 
11:37:20.643 INFO  User login: qwe@gmail.com 
11:37:21.144 INFO  Post /login 
11:37:21.182 INFO  User login: qwe@gmail.com 
11:37:21.245 INFO  Post /login 
11:37:21.298 INFO  User login: qwe@gmail.com 
11:37:21.333 INFO  Post /login 
11:37:21.367 INFO  User login: qwe@gmail.com 
11:37:22.068 INFO  Post /login 
11:37:22.099 INFO  User login: qwe@gmail.com 
11:37:22.585 INFO  Post /login 
11:37:22.585 INFO  User login: qwe@gmail.com 
11:37:22.845 INFO  Post /login 
11:37:22.861 INFO  User login: qwe@gmail.com 
11:37:22.886 INFO  Post /login 
11:37:22.920 INFO  User login: qwe@gmail.com 
11:37:22.951 INFO  Post /login 
11:37:23.002 INFO  User login: qwe@gmail.com 
11:37:23.071 INFO  Post /login 
11:37:23.086 INFO  User login: qwe@gmail.com 
11:37:23.118 INFO  Post /login 
11:37:23.133 INFO  User login: qwe@gmail.com 
11:37:23.164 INFO  Post /login 
11:37:23.194 INFO  User login: qwe@gmail.com 
11:37:23.206 INFO  Post /login 
11:37:23.221 INFO  User login: qwe@gmail.com 
11:37:23.253 INFO  Post /login 
11:37:23.271 INFO  User login: qwe@gmail.com 
11:37:23.302 INFO  Post /login 
11:37:23.333 INFO  User login: qwe@gmail.com 
11:37:23.365 INFO  Post /login 
11:37:23.387 INFO  User login: qwe@gmail.com 
11:37:23.418 INFO  Post /login 
11:37:23.434 INFO  User login: qwe@gmail.com 
11:37:23.449 INFO  Post /login 
11:37:23.487 INFO  User login: qwe@gmail.com 
11:37:23.518 INFO  Post /login 
11:37:23.534 INFO  User login: qwe@gmail.com 
11:37:23.565 INFO  /common/course/getClassByCourseID:  
11:37:23.603 INFO  Post /login 
11:37:23.634 INFO  User login: qwe@gmail.com 
11:37:23.665 INFO  Post /login 
11:37:23.672 INFO  User login: qwe@gmail.com 
11:37:23.688 INFO  Post /login 
11:37:23.703 INFO  User login: qwe@gmail.com 
11:37:23.719 INFO  /common/course/getClassByCourseID:  
11:37:23.734 INFO  Post /login 
11:37:23.750 INFO  User login: qwe@gmail.com 
11:37:23.781 INFO  Post /login 
11:37:23.813 INFO  User login: qwe@gmail.com 
11:37:23.831 INFO  Post /login 
11:37:23.873 INFO  User login: qwe@gmail.com 
11:37:23.904 INFO  Post /login 
11:37:23.920 INFO  User login: qwe@gmail.com 
11:37:23.951 INFO  Post /login 
11:37:23.967 INFO  User login: qwe@gmail.com 
11:37:24.073 INFO  Post /login 
11:37:24.089 INFO  User login: qwe@gmail.com 
11:37:24.120 INFO  Post /login 
11:37:24.152 INFO  User login: qwe@gmail.com 
11:37:24.174 INFO  Post /login 
11:37:24.252 INFO  User login failed. 
11:37:24.267 INFO  Post /login 
11:37:24.274 INFO  User login: s3595082@rmit.edu.vn 
11:37:24.321 INFO  Post /login 
11:37:24.352 INFO  User login failed. 
11:37:24.352 INFO  Post /login 
11:37:24.374 INFO  User login failed. 
11:37:24.374 INFO  Post /login 
11:37:24.421 INFO  User login: nam@gmail.com 
11:37:24.437 INFO  Post /login 
11:37:24.452 INFO  User login failed. 
11:37:24.452 INFO  Post /login 
11:37:24.468 INFO  User login failed. 
11:37:24.474 INFO  Post /login 
11:37:24.490 INFO  User login failed. 
11:37:24.490 INFO  Post /login 
11:37:24.506 INFO  User login failed. 
11:37:24.506 INFO  Post /login 
11:37:24.590 INFO  User login failed. 
11:37:24.606 INFO  Post /login 
11:37:24.675 INFO  User login failed. 
11:37:24.675 INFO  Post /login 
11:37:24.706 INFO  User login failed. 
11:37:24.722 INFO  GET /logout 
11:37:24.737 INFO  Post /login 
11:37:24.753 INFO  User login: qwe@gmail.com 
11:37:24.791 INFO  Post /login 
11:37:24.829 INFO  User login: qwe@gmail.com 
11:37:25.370 INFO  Post /login 
11:37:25.392 INFO  User login: qwe@gmail.com 
11:37:25.878 INFO  Post /login 
11:37:25.894 INFO  User login: qwe@gmail.com 
11:37:26.125 INFO  Post /login 
11:37:26.272 INFO  User login: qwe@gmail.com 
11:37:26.627 INFO  Post /login 
11:37:26.658 INFO  User login: qwe@gmail.com 
11:37:26.961 INFO  Post /login 
11:37:26.976 INFO  User login: qwe@gmail.com 
11:37:27.259 INFO  Post /login 
11:37:27.282 INFO  User login: qwe@gmail.com 
11:37:27.429 INFO  Post /login 
11:37:27.429 INFO  User login: qwe@gmail.com 
11:37:27.582 INFO  Post /login 
11:37:27.598 INFO  User login: qwe@gmail.com 
11:37:27.613 INFO  Post /login 
11:37:27.645 INFO  User login: qwe@gmail.com 
11:37:27.664 INFO  Post /login 
11:37:27.713 INFO  User login: qwe@gmail.com 
11:37:27.745 INFO  Post /login 
11:37:27.760 INFO  User login: qwe@gmail.com 
11:37:27.782 INFO  Post /login 
11:37:27.810 INFO  User login: qwe@gmail.com 
11:37:27.819 INFO  Post /login 
11:37:27.835 INFO  User login: qwe@gmail.com 
11:37:27.866 INFO  Post /login 
11:37:27.898 INFO  User login: qwe@gmail.com 
11:37:28.215 INFO  Post /login 
11:37:28.246 INFO  User login: qwe@gmail.com 
11:37:28.547 INFO  Post /login 
11:37:28.562 INFO  User login: qwe@gmail.com 
11:37:28.700 INFO  Post /login 
11:37:28.747 INFO  User login: qwe@gmail.com 
11:37:28.932 INFO  Post /login 
11:37:29.067 INFO  User login: qwe@gmail.com 
11:37:29.132 INFO  Post /login 
11:37:29.164 INFO  User login: qwe@gmail.com 
11:37:29.217 INFO  Post /login 
11:37:29.248 INFO  User login: qwe@gmail.com 
11:37:29.280 INFO  Post /login 
11:37:29.333 INFO  User login: qwe@gmail.com 
11:37:29.364 INFO  Post /login 
11:37:29.380 INFO  User login: qwe@gmail.com 
11:37:29.433 INFO  Post /login 
11:37:29.449 INFO  User login: qwe@gmail.com 
11:37:29.521 INFO  Post /login 
11:37:29.603 INFO  User login: qwe@gmail.com 
11:37:29.703 INFO  Post /login 
11:37:30.051 INFO  User login: qwe@gmail.com 
11:37:30.151 INFO  Post /login 
11:37:33.298 INFO  User login: qwe@gmail.com 
11:37:33.398 INFO  Post /login 
11:37:33.461 INFO  User login: qwe@gmail.com 
11:37:33.822 INFO  Post /login 
11:37:33.915 INFO  User login: qwe@gmail.com 
11:37:34.147 INFO  Post /login 
11:37:34.332 INFO  User login: qwe@gmail.com 
11:37:34.563 INFO  Post /login 
11:37:34.601 INFO  User login: qwe@gmail.com 
11:37:34.795 INFO  Post /login 
11:37:34.813 INFO  User login: qwe@gmail.com 
11:37:34.950 INFO  Post /login 
11:37:34.981 INFO  User login: qwe@gmail.com 
11:37:35.350 INFO  Post /login 
11:37:35.806 INFO  User login: qwe@gmail.com 
11:37:35.857 INFO  Post /login 
11:37:35.967 INFO  User login: qwe@gmail.com 
11:37:36.384 INFO  Post /login 
11:37:36.422 INFO  User login: qwe@gmail.com 
11:37:36.814 INFO  Post /login 
11:37:36.845 INFO  User login: qwe@gmail.com 
11:37:37.008 INFO  Post /login 
11:37:37.124 INFO  User login: qwe@gmail.com 
11:37:37.255 INFO  Post /login 
11:37:37.424 INFO  User login: qwe@gmail.com 
11:37:37.556 INFO  Post /login 
11:37:37.803 INFO  User login: qwe@gmail.com 
11:37:37.869 INFO  Post /login 
11:37:37.997 INFO  User login: qwe@gmail.com 
11:37:38.059 INFO  Post /login 
11:37:38.090 INFO  User login: qwe@gmail.com 
11:37:38.172 INFO  Post /login 
11:37:38.188 INFO  User login: qwe@gmail.com 
11:37:38.226 INFO  Post /login 
11:37:38.257 INFO  User login: qwe@gmail.com 
11:37:38.273 INFO  Post /login 
11:37:38.288 INFO  User login: qwe@gmail.com 
11:37:38.310 INFO  Post /login 
11:37:38.373 INFO  User login: qwe@gmail.com 
11:37:38.404 INFO  Post /login 
11:37:38.426 INFO  User login: qwe@gmail.com 
11:37:38.457 INFO  Post /login 
11:37:38.504 INFO  User login: qwe@gmail.com 
11:37:38.573 INFO  Post /login 
11:37:38.658 INFO  User login: qwe@gmail.com 
11:37:38.727 INFO  Post /login 
11:37:38.790 INFO  User login: qwe@gmail.com 
11:37:38.846 INFO  Post /login 
11:37:38.912 INFO  User login: qwe@gmail.com 
11:37:38.959 INFO  Post /login 
11:37:38.991 INFO  User login: qwe@gmail.com 
11:37:39.028 INFO  Post /login 
11:37:39.091 INFO  User login: qwe@gmail.com 
11:37:39.144 INFO  Post /login 
11:37:39.175 INFO  User login: qwe@gmail.com 
11:37:39.191 INFO  Post /login 
11:37:39.213 INFO  User login: qwe@gmail.com 
11:37:39.229 INFO  Post /login 
11:37:39.244 INFO  User login: qwe@gmail.com 
11:37:39.345 INFO  Post /login 
11:37:39.476 INFO  User login: qwe@gmail.com 
11:37:39.545 INFO  Post /login 
11:37:39.577 INFO  User login: qwe@gmail.com 
11:37:39.708 INFO  Post /login 
11:37:39.825 INFO  User login: qwe@gmail.com 
11:37:39.993 INFO  Post /login 
11:37:40.131 INFO  User login: qwe@gmail.com 
11:37:40.294 INFO  Post /login 
11:37:40.463 INFO  User login: qwe@gmail.com 
11:37:40.494 INFO  Post /login 
11:37:40.535 INFO  User login: qwe@gmail.com 
11:37:40.673 INFO  Post /login 
11:37:40.689 INFO  User login: qwe@gmail.com 
11:37:40.780 INFO  Post /login 
11:37:40.884 INFO  User login: qwe@gmail.com 
11:37:41.033 INFO  Post /login 
11:37:41.064 INFO  User login: qwe@gmail.com 
11:37:41.118 INFO  Post /login 
11:37:41.149 INFO  User login: qwe@gmail.com 
11:37:41.180 INFO  Post /login 
11:37:41.281 INFO  User login: qwe@gmail.com 
11:37:41.481 INFO  Post /login 
11:37:42.737 INFO  User login: qwe@gmail.com 
11:37:42.814 INFO  Post /login 
11:37:43.123 INFO  User login: qwe@gmail.com 
11:37:43.185 INFO  Post /login 
11:37:43.201 INFO  User login: qwe@gmail.com 
11:38:20.903 INFO  Post /login 
11:38:21.027 INFO  User login: qwe@gmail.com 
11:38:21.128 INFO  Post /login 
11:38:21.143 INFO  User login: qwe@gmail.com 
11:38:21.328 INFO  Post /login 
11:38:21.381 INFO  User login: qwe@gmail.com 
11:38:21.428 INFO  Post /login 
11:38:21.444 INFO  User login: qwe@gmail.com 
11:38:21.629 INFO  Post /login 
11:38:21.644 INFO  User login: qwe@gmail.com 
11:38:21.729 INFO  Post /login 
11:38:21.760 INFO  User login: qwe@gmail.com 
11:38:21.947 INFO  Post /login 
11:38:21.963 INFO  User login: qwe@gmail.com 
11:38:22.292 INFO  Post /login 
11:38:22.323 INFO  User login: qwe@gmail.com 
11:38:22.345 INFO  Post /login 
11:38:22.395 INFO  User login: qwe@gmail.com 
11:38:22.508 INFO  Post /login 
11:38:22.530 INFO  User login: qwe@gmail.com 
11:38:22.561 INFO  /admin/courses/addTrainingProgram: Add Training Program :test create name of new training program 
11:38:22.661 INFO  Post /login 
11:38:22.693 INFO  User login: qwe@gmail.com 
11:38:22.732 INFO  /admin/courses/addTrainingProgram: Add Training Program :Linux Programming 
11:38:22.747 INFO  Post /login 
11:38:22.836 INFO  User login: qwe@gmail.com 
11:38:22.866 INFO  /admin/updateTrainingProgram: Update Training Program :undefined 
11:38:23.024 INFO  Post /login 
11:38:23.077 INFO  User login: qwe@gmail.com 
11:38:23.109 INFO  /admin/updateTrainingProgram: Update Training Program :undefined 
11:38:23.109 INFO  Post /login 
11:38:23.225 INFO  User login: qwe@gmail.com 
11:38:23.278 INFO  Get Delete Command 
11:38:23.447 INFO  Post /login 
11:38:23.463 INFO  User login: qwe@gmail.com 
11:38:23.494 INFO  Get Delete Command 
11:38:23.510 INFO  Post /login 
11:38:23.548 INFO  User login: qwe@gmail.com 
11:38:23.597 INFO  Post /login 
11:38:23.647 INFO  User login: qwe@gmail.com 
11:38:23.679 INFO  Post /login 
11:38:23.748 INFO  User login: qwe@gmail.com 
11:38:23.808 INFO  Post /login 
11:38:23.832 INFO  User login: qwe@gmail.com 
11:38:24.280 INFO  Post /login 
11:38:24.311 INFO  User login: qwe@gmail.com 
11:38:25.214 INFO  Post /login 
11:38:25.236 INFO  User login: qwe@gmail.com 
11:38:25.954 INFO  Post /login 
11:38:25.954 INFO  User login: qwe@gmail.com 
11:38:26.201 INFO  /admin/updateClass: update Class :undefined 
11:38:26.486 INFO  Post /login 
11:38:26.533 INFO  User login: qwe@gmail.com 
11:38:27.041 INFO  Post /login 
11:38:27.088 INFO  User login: qwe@gmail.com 
11:38:27.141 INFO  Post /login 
11:38:27.156 INFO  User login: qwe@gmail.com 
11:38:27.188 INFO  Post /login 
11:38:27.206 INFO  User login: qwe@gmail.com 
11:38:27.736 INFO  Post /login 
11:38:27.758 INFO  User login: qwe@gmail.com 
11:38:28.291 INFO  Post /login 
11:38:28.306 INFO  User login: qwe@gmail.com 
11:38:28.507 INFO  Post /login 
11:38:28.522 INFO  User login: qwe@gmail.com 
11:38:28.545 INFO  Post /login 
11:38:28.560 INFO  User login: qwe@gmail.com 
11:38:28.595 INFO  Post /login 
11:38:28.610 INFO  User login: qwe@gmail.com 
11:38:28.645 INFO  Post /login 
11:38:28.660 INFO  User login: qwe@gmail.com 
11:38:28.707 INFO  Post /login 
11:38:28.707 INFO  User login: qwe@gmail.com 
11:38:28.745 INFO  Post /login 
11:38:28.745 INFO  User login: qwe@gmail.com 
11:38:28.792 INFO  Post /login 
11:38:28.800 INFO  User login: qwe@gmail.com 
11:38:28.830 INFO  Post /login 
11:38:28.861 INFO  User login: qwe@gmail.com 
11:38:28.923 INFO  Post /login 
11:38:28.945 INFO  User login: qwe@gmail.com 
11:38:28.977 INFO  Post /login 
11:38:28.992 INFO  User login: qwe@gmail.com 
11:38:29.023 INFO  Post /login 
11:38:29.039 INFO  User login: qwe@gmail.com 
11:38:29.077 INFO  Post /login 
11:38:29.124 INFO  User login: qwe@gmail.com 
11:38:29.208 INFO  Post /login 
11:38:29.208 INFO  User login: qwe@gmail.com 
11:38:29.240 INFO  /common/course/getClassByCourseID:  
11:38:29.277 INFO  Post /login 
11:38:29.293 INFO  User login: qwe@gmail.com 
11:38:29.324 INFO  Post /login 
11:38:29.340 INFO  User login: qwe@gmail.com 
11:38:29.362 INFO  Post /login 
11:38:29.378 INFO  User login: qwe@gmail.com 
11:38:29.393 INFO  /common/course/getClassByCourseID:  
11:38:29.409 INFO  Post /login 
11:38:29.424 INFO  User login: qwe@gmail.com 
11:38:29.447 INFO  Post /login 
11:38:29.462 INFO  User login: qwe@gmail.com 
11:38:29.509 INFO  Post /login 
11:38:29.547 INFO  User login: qwe@gmail.com 
11:38:29.594 INFO  Post /login 
11:38:29.625 INFO  User login: qwe@gmail.com 
11:38:29.663 INFO  Post /login 
11:38:29.678 INFO  User login: qwe@gmail.com 
11:38:29.845 INFO  Post /login 
11:38:29.848 INFO  User login: qwe@gmail.com 
11:38:29.910 INFO  Post /login 
11:38:29.948 INFO  User login: qwe@gmail.com 
11:38:29.970 INFO  Post /login 
11:38:29.985 INFO  User login failed. 
11:38:30.001 INFO  Post /login 
11:38:30.017 INFO  User login: s3595082@rmit.edu.vn 
11:38:30.032 INFO  Post /login 
11:38:30.048 INFO  User login failed. 
11:38:30.048 INFO  Post /login 
11:38:30.063 INFO  User login failed. 
11:38:30.063 INFO  Post /login 
11:38:30.110 INFO  User login: nam@gmail.com 
11:38:30.110 INFO  Post /login 
11:38:30.164 INFO  User login failed. 
11:38:30.179 INFO  Post /login 
11:38:30.211 INFO  User login failed. 
11:38:30.211 INFO  Post /login 
11:38:30.226 INFO  User login failed. 
11:38:30.248 INFO  Post /login 
11:38:30.264 INFO  User login failed. 
11:38:30.264 INFO  Post /login 
11:38:30.295 INFO  User login failed. 
11:38:30.311 INFO  Post /login 
11:38:30.349 INFO  User login failed. 
11:38:30.364 INFO  Post /login 
11:38:30.364 INFO  User login failed. 
11:38:30.380 INFO  GET /logout 
11:38:30.380 INFO  Post /login 
11:38:30.395 INFO  User login: qwe@gmail.com 
11:38:30.449 INFO  Post /login 
11:38:30.465 INFO  User login: qwe@gmail.com 
11:38:30.912 INFO  Post /login 
11:38:30.928 INFO  User login: qwe@gmail.com 
11:38:31.429 INFO  Post /login 
11:38:31.445 INFO  User login: qwe@gmail.com 
11:38:31.667 INFO  Post /login 
11:38:31.698 INFO  User login: qwe@gmail.com 
11:38:32.084 INFO  Post /login 
11:38:32.099 INFO  User login: qwe@gmail.com 
11:38:32.454 INFO  Post /login 
11:38:32.454 INFO  User login: qwe@gmail.com 
11:38:32.813 INFO  Post /login 
11:38:32.854 INFO  User login: qwe@gmail.com 
11:38:33.055 INFO  Post /login 
11:38:33.071 INFO  User login: qwe@gmail.com 
11:38:33.102 INFO  Post /login 
11:38:33.117 INFO  User login: qwe@gmail.com 
11:38:33.133 INFO  Post /login 
11:38:33.171 INFO  User login: qwe@gmail.com 
11:38:33.186 INFO  Post /login 
11:38:33.221 INFO  User login: qwe@gmail.com 
11:38:33.259 INFO  Post /login 
11:38:33.273 INFO  User login: qwe@gmail.com 
11:38:33.288 INFO  Post /login 
11:38:33.320 INFO  User login: qwe@gmail.com 
11:38:33.355 INFO  Post /login 
11:38:33.387 INFO  User login: qwe@gmail.com 
11:38:33.418 INFO  Post /login 
11:38:33.433 INFO  User login: qwe@gmail.com 
11:38:33.687 INFO  Post /login 
11:38:33.703 INFO  User login: qwe@gmail.com 
11:38:34.004 INFO  Post /login 
11:38:34.051 INFO  User login: qwe@gmail.com 
11:38:34.182 INFO  Post /login 
11:38:34.197 INFO  User login: qwe@gmail.com 
11:38:34.389 INFO  Post /login 
11:38:34.404 INFO  User login: qwe@gmail.com 
11:38:34.436 INFO  Post /login 
11:38:34.458 INFO  User login: qwe@gmail.com 
11:38:34.489 INFO  Post /login 
11:38:34.505 INFO  User login: qwe@gmail.com 
11:38:34.526 INFO  Post /login 
11:38:34.541 INFO  User login: qwe@gmail.com 
11:38:34.558 INFO  Post /login 
11:38:34.589 INFO  User login: qwe@gmail.com 
11:38:34.674 INFO  Post /login 
11:38:34.689 INFO  User login: qwe@gmail.com 
11:38:34.774 INFO  Post /login 
11:38:34.807 INFO  User login: qwe@gmail.com 
11:38:34.874 INFO  Post /login 
11:38:34.874 INFO  User login: qwe@gmail.com 
11:38:34.936 INFO  Post /login 
11:38:34.936 INFO  User login: qwe@gmail.com 
11:38:35.006 INFO  Post /login 
11:38:35.021 INFO  User login: qwe@gmail.com 
11:38:35.222 INFO  Post /login 
11:38:35.222 INFO  User login: qwe@gmail.com 
11:38:35.591 INFO  Post /login 
11:38:35.607 INFO  User login: qwe@gmail.com 
11:38:35.908 INFO  Post /login 
11:38:35.923 INFO  User login: qwe@gmail.com 
11:38:36.150 INFO  Post /login 
11:38:36.156 INFO  User login: qwe@gmail.com 
11:38:36.309 INFO  Post /login 
11:38:36.340 INFO  User login: qwe@gmail.com 
11:38:36.656 INFO  Post /login 
11:38:36.663 INFO  User login: qwe@gmail.com 
11:38:36.879 INFO  Post /login 
11:38:37.026 INFO  User login: qwe@gmail.com 
11:38:37.380 INFO  Post /login 
11:38:37.443 INFO  User login: qwe@gmail.com 
11:38:37.881 INFO  Post /login 
11:38:37.897 INFO  User login: qwe@gmail.com 
11:38:38.060 INFO  Post /login 
11:38:38.066 INFO  User login: qwe@gmail.com 
11:38:38.183 INFO  Post /login 
11:38:38.205 INFO  User login: qwe@gmail.com 
11:38:38.345 INFO  Post /login 
11:38:38.360 INFO  User login: qwe@gmail.com 
11:38:38.398 INFO  Post /login 
11:38:38.448 INFO  User login: qwe@gmail.com 
11:38:38.483 INFO  Post /login 
11:38:38.514 INFO  User login: qwe@gmail.com 
11:38:38.567 INFO  Post /login 
11:38:38.599 INFO  User login: qwe@gmail.com 
11:38:38.630 INFO  Post /login 
11:38:38.668 INFO  User login: qwe@gmail.com 
11:38:38.699 INFO  Post /login 
11:38:38.715 INFO  User login: qwe@gmail.com 
11:38:38.730 INFO  Post /login 
11:38:38.746 INFO  User login: qwe@gmail.com 
11:38:38.773 INFO  Post /login 
11:38:38.780 INFO  User login: qwe@gmail.com 
11:38:38.806 INFO  Post /login 
11:38:38.813 INFO  User login: qwe@gmail.com 
11:38:38.845 INFO  Post /login 
11:38:38.868 INFO  User login: qwe@gmail.com 
11:38:38.883 INFO  Post /login 
11:38:38.899 INFO  User login: qwe@gmail.com 
11:38:38.930 INFO  Post /login 
11:38:38.930 INFO  User login: qwe@gmail.com 
11:38:38.968 INFO  Post /login 
11:38:38.984 INFO  User login: qwe@gmail.com 
11:38:39.015 INFO  Post /login 
11:38:39.030 INFO  User login: qwe@gmail.com 
11:38:39.046 INFO  Post /login 
11:38:39.100 INFO  User login: qwe@gmail.com 
11:38:39.146 INFO  Post /login 
11:38:39.162 INFO  User login: qwe@gmail.com 
11:38:39.269 INFO  Post /login 
11:38:39.269 INFO  User login: qwe@gmail.com 
11:38:39.300 INFO  Post /login 
11:38:39.316 INFO  User login: qwe@gmail.com 
11:38:39.347 INFO  Post /login 
11:38:39.363 INFO  User login: qwe@gmail.com 
11:38:39.532 INFO  Post /login 
11:38:39.547 INFO  User login: qwe@gmail.com 
11:38:39.748 INFO  Post /login 
11:38:39.770 INFO  User login: qwe@gmail.com 
11:38:40.033 INFO  Post /login 
11:38:40.071 INFO  User login: qwe@gmail.com 
11:38:40.214 INFO  Post /login 
11:38:40.231 INFO  User login: qwe@gmail.com 
11:38:40.365 INFO  Post /login 
11:38:40.371 INFO  User login: qwe@gmail.com 
11:38:40.471 INFO  Post /login 
11:38:40.503 INFO  User login: qwe@gmail.com 
11:38:40.606 INFO  Post /login 
11:38:40.622 INFO  User login: qwe@gmail.com 
11:38:40.719 INFO  Post /login 
11:38:40.772 INFO  User login: qwe@gmail.com 
11:38:40.810 INFO  Post /login 
11:38:40.814 INFO  User login: qwe@gmail.com 
11:38:40.903 INFO  Post /login 
11:38:40.919 INFO  User login: qwe@gmail.com 
11:38:40.935 INFO  Post /login 
11:38:40.950 INFO  User login: qwe@gmail.com 
11:38:40.988 INFO  Post /login 
11:38:41.004 INFO  User login: qwe@gmail.com 
13:38:18.097 INFO  Post /login 
13:38:18.198 INFO  User login: qwe@gmail.com 
13:38:18.298 INFO  Post /login 
13:38:18.298 INFO  User login: qwe@gmail.com 
13:38:18.502 INFO  Post /login 
13:38:18.518 INFO  User login: qwe@gmail.com 
13:38:18.614 INFO  Post /login 
13:38:18.683 INFO  User login: qwe@gmail.com 
13:38:19.001 INFO  Post /login 
13:38:19.017 INFO  User login: qwe@gmail.com 
13:38:19.117 INFO  Post /login 
13:38:19.139 INFO  User login: qwe@gmail.com 
13:38:19.239 INFO  Post /login 
13:38:19.255 INFO  User login: qwe@gmail.com 
13:38:19.355 INFO  Post /login 
13:38:19.502 INFO  User login: qwe@gmail.com 
13:38:19.556 INFO  Post /login 
13:38:19.618 INFO  User login: qwe@gmail.com 
13:38:19.740 INFO  Post /login 
13:38:19.841 INFO  User login: qwe@gmail.com 
13:38:19.888 INFO  /admin/courses/addTrainingProgram: Add Training Program :test create name of new training program 
13:38:20.073 INFO  Post /login 
13:38:20.104 INFO  User login: qwe@gmail.com 
13:38:20.173 INFO  /admin/courses/addTrainingProgram: Add Training Program :Linux Programming 
13:38:20.188 INFO  Post /login 
13:38:20.204 INFO  User login: qwe@gmail.com 
13:38:20.235 INFO  /admin/updateTrainingProgram: Update Training Program :undefined 
13:38:20.405 INFO  Post /login 
13:38:20.405 INFO  User login: qwe@gmail.com 
13:38:20.482 INFO  /admin/updateTrainingProgram: Update Training Program :undefined 
13:38:20.498 INFO  Post /login 
13:38:20.514 INFO  User login: qwe@gmail.com 
13:38:20.529 INFO  Get Delete Command 
13:38:20.705 INFO  Post /login 
13:38:20.759 INFO  User login: qwe@gmail.com 
13:38:20.802 INFO  Get Delete Command 
13:38:20.813 INFO  Post /login 
13:38:20.830 INFO  User login: qwe@gmail.com 
13:38:20.859 INFO  Post /login 
13:38:20.917 INFO  User login: qwe@gmail.com 
13:38:21.006 INFO  Post /login 
13:38:21.021 INFO  User login: qwe@gmail.com 
13:38:21.075 INFO  Post /login 
13:38:21.122 INFO  User login: qwe@gmail.com 
13:38:21.576 INFO  Post /login 
13:38:21.645 INFO  User login: qwe@gmail.com 
13:38:22.478 INFO  Post /login 
13:38:22.494 INFO  User login: qwe@gmail.com 
13:38:23.312 INFO  Post /login 
13:38:23.381 INFO  User login: qwe@gmail.com 
13:38:23.650 INFO  /admin/updateClass: update Class :undefined 
13:38:23.851 INFO  Post /login 
13:38:23.913 INFO  User login: qwe@gmail.com 
13:38:24.515 INFO  Post /login 
13:38:24.530 INFO  User login: qwe@gmail.com 
13:38:24.618 INFO  Post /login 
13:38:24.703 INFO  User login: qwe@gmail.com 
13:38:24.852 INFO  Post /login 
13:38:24.868 INFO  User login: qwe@gmail.com 
13:38:25.447 INFO  Post /login 
13:38:25.470 INFO  User login: qwe@gmail.com 
13:38:26.233 INFO  Post /login 
13:38:26.287 INFO  User login: qwe@gmail.com 
13:38:26.356 INFO  Post /login 
13:38:26.356 INFO  User login: qwe@gmail.com 
13:38:26.387 INFO  Post /login 
13:38:26.387 INFO  User login: qwe@gmail.com 
13:38:26.424 INFO  Post /login 
13:38:26.456 INFO  User login: qwe@gmail.com 
13:38:26.487 INFO  Post /login 
13:38:26.503 INFO  User login: qwe@gmail.com 
13:38:26.534 INFO  Post /login 
13:38:26.619 INFO  User login: qwe@gmail.com 
13:38:26.688 INFO  Post /login 
13:38:26.704 INFO  User login: qwe@gmail.com 
13:38:26.735 INFO  Post /login 
13:38:26.757 INFO  User login: qwe@gmail.com 
13:38:26.815 INFO  Post /login 
13:38:26.815 INFO  User login: qwe@gmail.com 
13:38:26.846 INFO  Post /login 
13:38:26.873 INFO  User login: qwe@gmail.com 
13:38:26.888 INFO  Post /login 
13:38:26.920 INFO  User login: qwe@gmail.com 
13:38:26.951 INFO  Post /login 
13:38:26.957 INFO  User login: qwe@gmail.com 
13:38:26.989 INFO  Post /login 
13:38:27.004 INFO  User login: qwe@gmail.com 
13:38:27.036 INFO  Post /login 
13:38:27.068 INFO  User login: qwe@gmail.com 
13:38:27.086 INFO  /common/course/getClassByCourseID:  
13:38:27.151 INFO  Post /login 
13:38:27.210 INFO  User login: qwe@gmail.com 
13:38:27.274 INFO  Post /login 
13:38:27.337 INFO  User login: qwe@gmail.com 
13:38:27.406 INFO  Post /login 
13:38:27.422 INFO  User login: qwe@gmail.com 
13:38:27.459 INFO  /common/course/getClassByCourseID:  
13:38:27.475 INFO  Post /login 
13:38:27.522 INFO  User login: qwe@gmail.com 
13:38:27.591 INFO  Post /login 
13:38:27.606 INFO  User login: qwe@gmail.com 
13:38:27.638 INFO  Post /login 
13:38:27.707 INFO  User login: qwe@gmail.com 
13:38:27.776 INFO  Post /login 
13:38:27.791 INFO  User login: qwe@gmail.com 
13:38:27.830 INFO  Post /login 
13:38:27.892 INFO  User login: qwe@gmail.com 
13:38:28.023 INFO  Post /login 
13:38:28.039 INFO  User login: qwe@gmail.com 
13:38:28.061 INFO  Post /login 
13:38:28.092 INFO  User login: qwe@gmail.com 
13:38:28.108 INFO  Post /login 
13:38:28.123 INFO  User login failed. 
13:38:28.141 INFO  Post /login 
13:38:28.192 INFO  User login: s3595082@rmit.edu.vn 
13:38:28.239 INFO  Post /login 
13:38:28.290 INFO  User login failed. 
13:38:28.305 INFO  Post /login 
13:38:28.309 INFO  User login failed. 
13:38:28.325 INFO  Post /login 
13:38:28.340 INFO  User login: nam@gmail.com 
13:38:28.340 INFO  Post /login 
13:38:28.362 INFO  User login failed. 
13:38:28.377 INFO  Post /login 
13:38:28.408 INFO  User login failed. 
13:38:28.408 INFO  Post /login 
13:38:28.424 INFO  User login failed. 
13:38:28.440 INFO  Post /login 
13:38:28.440 INFO  User login failed. 
13:38:28.455 INFO  Post /login 
13:38:28.462 INFO  User login failed. 
13:38:28.462 INFO  Post /login 
13:38:28.509 INFO  User login failed. 
13:38:28.509 INFO  Post /login 
13:38:28.578 INFO  User login failed. 
13:38:28.593 INFO  GET /logout 
13:38:28.593 INFO  Post /login 
13:38:28.609 INFO  User login: qwe@gmail.com 
13:38:28.640 INFO  Post /login 
13:38:28.640 INFO  User login: qwe@gmail.com 
13:38:29.230 INFO  Post /login 
13:38:29.261 INFO  User login: qwe@gmail.com 
13:38:29.716 INFO  Post /login 
13:38:29.731 INFO  User login: qwe@gmail.com 
13:38:30.001 INFO  Post /login 
13:38:30.148 INFO  User login: qwe@gmail.com 
13:38:30.518 INFO  Post /login 
13:38:30.549 INFO  User login: qwe@gmail.com 
13:38:30.846 INFO  Post /login 
13:38:30.862 INFO  User login: qwe@gmail.com 
13:38:31.204 INFO  Post /login 
13:38:31.220 INFO  User login: qwe@gmail.com 
13:38:31.489 INFO  Post /login 
13:38:31.505 INFO  User login: qwe@gmail.com 
13:38:31.536 INFO  Post /login 
13:38:31.574 INFO  User login: qwe@gmail.com 
13:38:31.590 INFO  Post /login 
13:38:31.609 INFO  User login: qwe@gmail.com 
13:38:31.625 INFO  Post /login 
13:38:31.640 INFO  User login: qwe@gmail.com 
13:38:31.674 INFO  Post /login 
13:38:31.690 INFO  User login: qwe@gmail.com 
13:38:31.721 INFO  Post /login 
13:38:31.721 INFO  User login: qwe@gmail.com 
13:38:31.736 INFO  Post /login 
13:38:31.774 INFO  User login: qwe@gmail.com 
13:38:31.814 INFO  Post /login 
13:38:31.831 INFO  User login: qwe@gmail.com 
13:38:32.037 INFO  Post /login 
13:38:32.053 INFO  User login: qwe@gmail.com 
13:38:32.370 INFO  Post /login 
13:38:32.391 INFO  User login: qwe@gmail.com 
13:38:32.708 INFO  Post /login 
13:38:32.723 INFO  User login: qwe@gmail.com 
13:38:32.993 INFO  Post /login 
13:38:33.009 INFO  User login: qwe@gmail.com 
13:38:33.040 INFO  Post /login 
13:38:33.071 INFO  User login: qwe@gmail.com 
13:38:33.094 INFO  Post /login 
13:38:33.109 INFO  User login: qwe@gmail.com 
13:38:33.128 INFO  Post /login 
13:38:33.144 INFO  User login: qwe@gmail.com 
13:38:33.173 INFO  Post /login 
13:38:33.182 INFO  User login: qwe@gmail.com 
13:38:33.230 INFO  Post /login 
13:38:33.230 INFO  User login: qwe@gmail.com 
13:38:33.313 INFO  Post /login 
13:38:33.359 INFO  User login: qwe@gmail.com 
13:38:33.457 INFO  Post /login 
13:38:33.479 INFO  User login: qwe@gmail.com 
13:38:33.611 INFO  Post /login 
13:38:33.755 INFO  User login: qwe@gmail.com 
13:38:33.877 INFO  Post /login 
13:38:33.884 INFO  User login: qwe@gmail.com 
13:38:34.313 INFO  Post /login 
13:38:34.344 INFO  User login: qwe@gmail.com 
13:38:34.704 INFO  Post /login 
13:38:34.719 INFO  User login: qwe@gmail.com 
13:38:34.999 INFO  Post /login 
13:38:35.316 INFO  User login: qwe@gmail.com 
13:38:35.463 INFO  Post /login 
13:38:35.463 INFO  User login: qwe@gmail.com 
13:38:35.585 INFO  Post /login 
13:38:35.601 INFO  User login: qwe@gmail.com 
13:38:35.935 INFO  Post /login 
13:38:36.001 INFO  User login: qwe@gmail.com 
13:38:36.149 INFO  Post /login 
13:38:36.202 INFO  User login: qwe@gmail.com 
13:38:36.534 INFO  Post /login 
13:38:36.587 INFO  User login: qwe@gmail.com 
13:38:37.004 INFO  Post /login 
13:38:37.020 INFO  User login: qwe@gmail.com 
13:38:37.189 INFO  Post /login 
13:38:37.236 INFO  User login: qwe@gmail.com 
13:38:37.321 INFO  Post /login 
13:38:37.321 INFO  User login: qwe@gmail.com 
13:38:37.421 INFO  Post /login 
13:38:37.468 INFO  User login: qwe@gmail.com 
13:38:37.490 INFO  Post /login 
13:38:37.510 INFO  User login: qwe@gmail.com 
13:38:37.557 INFO  Post /login 
13:38:37.557 INFO  User login: qwe@gmail.com 
13:38:37.621 INFO  Post /login 
13:38:37.637 INFO  User login: qwe@gmail.com 
13:38:37.668 INFO  Post /login 
13:38:37.722 INFO  User login: qwe@gmail.com 
13:38:37.791 INFO  Post /login 
13:38:37.832 INFO  User login: qwe@gmail.com 
13:38:37.863 INFO  Post /login 
13:38:37.863 INFO  User login: qwe@gmail.com 
13:38:37.891 INFO  Post /login 
13:38:37.922 INFO  User login: qwe@gmail.com 
13:38:37.953 INFO  Post /login 
13:38:38.022 INFO  User login: qwe@gmail.com 
13:38:38.107 INFO  Post /login 
13:38:38.123 INFO  User login: qwe@gmail.com 
13:38:38.154 INFO  Post /login 
13:38:38.154 INFO  User login: qwe@gmail.com 
13:38:38.185 INFO  Post /login 
13:38:38.232 INFO  User login: qwe@gmail.com 
13:38:38.242 INFO  Post /login 
13:38:38.257 INFO  User login: qwe@gmail.com 
13:38:38.289 INFO  Post /login 
13:38:38.323 INFO  User login: qwe@gmail.com 
13:38:38.392 INFO  Post /login 
13:38:38.539 INFO  User login: qwe@gmail.com 
13:38:38.608 INFO  Post /login 
13:38:38.639 INFO  User login: qwe@gmail.com 
13:38:38.693 INFO  Post /login 
13:38:38.709 INFO  User login: qwe@gmail.com 
13:38:38.740 INFO  Post /login 
13:38:38.740 INFO  User login: qwe@gmail.com 
13:38:38.771 INFO  Post /login 
13:38:38.809 INFO  User login: qwe@gmail.com 
13:38:39.009 INFO  Post /login 
13:38:39.041 INFO  User login: qwe@gmail.com 
13:38:39.210 INFO  Post /login 
13:38:39.226 INFO  User login: qwe@gmail.com 
13:38:39.410 INFO  Post /login 
13:38:39.426 INFO  User login: qwe@gmail.com 
13:38:39.595 INFO  Post /login 
13:38:39.595 INFO  User login: qwe@gmail.com 
13:38:39.727 INFO  Post /login 
13:38:39.796 INFO  User login: qwe@gmail.com 
13:38:39.858 INFO  Post /login 
13:38:39.874 INFO  User login: qwe@gmail.com 
13:38:39.974 INFO  Post /login 
13:38:39.996 INFO  User login: qwe@gmail.com 
13:38:40.059 INFO  Post /login 
13:38:40.075 INFO  User login: qwe@gmail.com 
13:38:40.097 INFO  Post /login 
13:38:40.112 INFO  User login: qwe@gmail.com 
13:38:40.244 INFO  Post /login 
13:38:40.275 INFO  User login: qwe@gmail.com 
13:38:40.313 INFO  Post /login 
13:38:40.379 INFO  User login: qwe@gmail.com 
13:38:40.413 INFO  Post /login 
13:38:40.429 INFO  User login: qwe@gmail.com 
17:21:22.375 INFO  Post /login 
17:21:22.412 INFO  User login: qwe@gmail.com 
