09:37:55.921 INFO  Post /login 
09:37:56.031 INFO  User login: qwe@gmail.com 
09:37:56.109 INFO  Post /login 
09:37:56.124 INFO  User login: qwe@gmail.com 
09:37:56.388 INFO  Post /login 
09:37:56.419 INFO  User login: qwe@gmail.com 
09:37:56.493 INFO  Post /login 
09:37:56.524 INFO  User login: qwe@gmail.com 
09:37:56.790 INFO  Post /login 
09:37:56.806 INFO  User login: qwe@gmail.com 
09:37:56.915 INFO  Post /login 
09:37:56.933 INFO  User login: qwe@gmail.com 
09:37:57.058 INFO  Post /login 
09:37:57.058 INFO  User login: qwe@gmail.com 
09:37:57.156 INFO  Post /login 
09:37:57.252 INFO  User login: qwe@gmail.com 
09:37:57.330 INFO  Post /login 
09:37:57.346 INFO  User login: qwe@gmail.com 
09:37:57.424 INFO  Post /login 
09:37:57.439 INFO  User login: qwe@gmail.com 
09:37:57.471 INFO  /admin/courses/addTrainingProgram: Add Training Program :test create name of new training program 
09:37:57.580 INFO  Post /login 
09:37:57.611 INFO  User login: qwe@gmail.com 
09:37:57.674 INFO  /admin/courses/addTrainingProgram: Add Training Program :Linux Programming 
09:37:57.689 INFO  Post /login 
09:37:57.705 INFO  User login: qwe@gmail.com 
09:37:57.736 INFO  /admin/updateTrainingProgram: Update Training Program :undefined 
09:37:57.924 INFO  Post /login 
09:37:57.971 INFO  User login: qwe@gmail.com 
09:37:58.096 INFO  /admin/updateTrainingProgram: Update Training Program :undefined 
09:37:58.111 INFO  Post /login 
09:37:58.160 INFO  User login: qwe@gmail.com 
09:37:58.192 INFO  Get Delete Command 
09:37:58.364 INFO  Post /login 
09:37:58.395 INFO  User login: qwe@gmail.com 
09:37:58.410 INFO  Get Delete Command 
09:37:58.426 INFO  Post /login 
09:37:58.442 INFO  User login: qwe@gmail.com 
09:37:58.489 INFO  Post /login 
09:37:58.523 INFO  User login: qwe@gmail.com 
09:37:58.569 INFO  Post /login 
09:37:58.648 INFO  User login: qwe@gmail.com 
09:37:58.694 INFO  Post /login 
09:37:58.731 INFO  User login: qwe@gmail.com 
09:37:59.219 INFO  Post /login 
09:37:59.242 INFO  User login: qwe@gmail.com 
09:38:00.053 INFO  Post /login 
09:38:00.069 INFO  User login: qwe@gmail.com 
09:38:01.128 INFO  Post /login 
09:38:01.168 INFO  User login: qwe@gmail.com 
09:38:01.376 INFO  /admin/updateClass: update Class :undefined 
09:38:01.619 INFO  Post /login 
09:38:01.634 INFO  User login: qwe@gmail.com 
09:38:02.363 INFO  Post /login 
09:38:02.437 INFO  User login: qwe@gmail.com 
09:38:02.497 INFO  Post /login 
09:38:02.520 INFO  User login: qwe@gmail.com 
09:38:02.552 INFO  Post /login 
09:38:02.570 INFO  User login: qwe@gmail.com 
09:38:03.154 INFO  Post /login 
09:38:03.187 INFO  User login: qwe@gmail.com 
09:38:03.817 INFO  Post /login 
09:38:03.852 INFO  User login: qwe@gmail.com 
09:38:03.908 INFO  Post /login 
09:38:03.953 INFO  User login: qwe@gmail.com 
09:38:04.021 INFO  Post /login 
09:38:04.073 INFO  User login: qwe@gmail.com 
09:38:04.104 INFO  Post /login 
09:38:04.170 INFO  User login: qwe@gmail.com 
09:38:04.213 INFO  Post /login 
09:38:04.226 INFO  User login: qwe@gmail.com 
09:38:04.266 INFO  Post /login 
09:38:04.361 INFO  User login: qwe@gmail.com 
09:38:04.429 INFO  Post /login 
09:38:04.444 INFO  User login: qwe@gmail.com 
09:38:04.489 INFO  Post /login 
09:38:04.514 INFO  User login: qwe@gmail.com 
09:38:04.548 INFO  Post /login 
09:38:04.578 INFO  User login: qwe@gmail.com 
09:38:04.639 INFO  Post /login 
09:38:04.665 INFO  User login: qwe@gmail.com 
09:38:04.707 INFO  Post /login 
09:38:04.724 INFO  User login: qwe@gmail.com 
09:38:04.767 INFO  Post /login 
09:38:04.782 INFO  User login: qwe@gmail.com 
09:38:04.833 INFO  Post /login 
09:38:04.846 INFO  User login: qwe@gmail.com 
09:38:04.886 INFO  Post /login 
09:38:04.903 INFO  User login: qwe@gmail.com 
09:38:05.010 INFO  Post /login 
09:38:05.068 INFO  User login: qwe@gmail.com 
09:38:05.133 INFO  Post /login 
09:38:05.151 INFO  User login: qwe@gmail.com 
09:38:05.210 INFO  Post /login 
09:38:05.238 INFO  User login: qwe@gmail.com 
09:38:05.291 INFO  Post /login 
09:38:05.305 INFO  User login: qwe@gmail.com 
09:38:05.372 INFO  Post /login 
09:38:05.393 INFO  User login: qwe@gmail.com 
09:38:05.459 INFO  Post /login 
09:38:05.485 INFO  User login: qwe@gmail.com 
09:38:05.604 INFO  Post /login 
09:38:05.623 INFO  User login: qwe@gmail.com 
09:38:05.666 INFO  Post /login 
09:38:05.692 INFO  User login: qwe@gmail.com 
09:38:05.763 INFO  Post /login 
09:38:05.849 INFO  User login: qwe@gmail.com 
09:38:05.921 INFO  Post /login 
09:38:05.953 INFO  User login: qwe@gmail.com 
09:38:06.000 INFO  Post /login 
09:38:06.052 INFO  User login: qwe@gmail.com 
09:38:06.135 INFO  Post /login 
09:38:06.167 INFO  User login: qwe@gmail.com 
09:38:06.276 INFO  Post /login 
09:38:06.308 INFO  User login: qwe@gmail.com 
09:38:06.354 INFO  Post /login 
09:38:06.371 INFO  User login: qwe@gmail.com 
09:38:06.578 INFO  Post /login 
09:38:06.618 INFO  User login: qwe@gmail.com 
09:38:06.709 INFO  Post /login 
09:38:06.733 INFO  User login: qwe@gmail.com 
09:38:06.790 INFO  Post /login 
09:38:06.829 INFO  User login: qwe@gmail.com 
09:38:06.866 INFO  Post /login 
09:38:06.905 INFO  User login failed. 
09:38:06.917 INFO  Post /login 
09:38:06.957 INFO  User login: s3595082@rmit.edu.vn 
09:38:06.997 INFO  Post /login 
09:38:07.074 INFO  User login failed. 
09:38:07.088 INFO  Post /login 
09:38:07.111 INFO  User login failed. 
09:38:07.124 INFO  Post /login 
09:38:07.151 INFO  User login: nam@gmail.com 
09:38:07.169 INFO  Post /login 
09:38:07.268 INFO  User login failed. 
09:38:07.279 INFO  Post /login 
09:38:07.305 INFO  User login failed. 
09:38:07.316 INFO  Post /login 
09:38:07.342 INFO  User login failed. 
09:38:07.366 INFO  Post /login 
09:38:07.422 INFO  User login failed. 
09:38:07.442 INFO  Post /login 
09:38:07.470 INFO  User login failed. 
09:38:07.487 INFO  Post /login 
09:38:07.523 INFO  User login failed. 
09:38:07.539 INFO  Post /login 
09:38:07.563 INFO  User login failed. 
09:38:07.577 INFO  GET /logout 
09:38:07.592 INFO  Post /login 
09:38:07.621 INFO  User login: qwe@gmail.com 
09:38:07.690 INFO  Post /login 
09:38:07.706 INFO  User login: qwe@gmail.com 
09:38:08.490 INFO  Post /login 
09:38:08.511 INFO  User login: qwe@gmail.com 
09:38:09.204 INFO  Post /login 
09:38:09.227 INFO  User login: qwe@gmail.com 
09:38:09.448 INFO  Post /login 
09:38:09.466 INFO  User login: qwe@gmail.com 
09:38:09.938 INFO  Post /login 
09:38:09.952 INFO  User login: qwe@gmail.com 
09:38:10.651 INFO  Post /login 
09:38:10.667 INFO  User login: qwe@gmail.com 
09:38:11.042 INFO  Post /login 
09:38:11.057 INFO  User login: qwe@gmail.com 
09:38:11.135 INFO  Post /login 
09:38:11.167 INFO  User login: qwe@gmail.com 
09:38:11.387 INFO  Post /login 
09:38:11.418 INFO  User login: qwe@gmail.com 
09:38:11.682 INFO  Post /login 
09:38:11.703 INFO  User login: qwe@gmail.com 
09:38:12.250 INFO  Post /login 
09:38:12.264 INFO  User login: qwe@gmail.com 
09:38:12.298 INFO  Post /login 
09:38:12.363 INFO  User login: qwe@gmail.com 
09:38:12.398 INFO  Post /login 
09:38:12.482 INFO  User login: qwe@gmail.com 
09:38:12.516 INFO  Post /login 
09:38:12.531 INFO  User login: qwe@gmail.com 
09:38:12.582 INFO  Post /login 
09:38:12.603 INFO  User login: qwe@gmail.com 
09:38:12.645 INFO  Post /login 
09:38:12.661 INFO  User login: qwe@gmail.com 
09:38:12.710 INFO  Post /login 
09:38:12.726 INFO  User login: qwe@gmail.com 
09:38:12.773 INFO  Post /login 
09:38:12.789 INFO  User login: qwe@gmail.com 
09:38:13.101 INFO  Post /login 
09:38:13.118 INFO  User login: qwe@gmail.com 
09:38:13.409 INFO  Post /login 
09:38:13.425 INFO  User login: qwe@gmail.com 
09:38:13.545 INFO  Post /login 
09:38:13.560 INFO  User login: qwe@gmail.com 
09:38:13.817 INFO  Post /login 
09:38:13.846 INFO  User login: qwe@gmail.com 
09:38:13.881 INFO  Post /login 
09:38:13.897 INFO  User login: qwe@gmail.com 
09:38:13.941 INFO  Post /login 
09:38:13.954 INFO  User login: qwe@gmail.com 
09:38:13.988 INFO  Post /login 
09:38:13.999 INFO  User login: qwe@gmail.com 
09:38:14.031 INFO  Post /login 
09:38:14.045 INFO  User login: qwe@gmail.com 
09:38:14.113 INFO  Post /login 
09:38:14.126 INFO  User login: qwe@gmail.com 
09:38:14.202 INFO  Post /login 
09:38:14.216 INFO  User login: qwe@gmail.com 
09:38:14.298 INFO  Post /login 
09:38:14.314 INFO  User login: qwe@gmail.com 
09:38:14.391 INFO  Post /login 
09:38:14.404 INFO  User login: qwe@gmail.com 
09:38:14.474 INFO  Post /login 
09:38:14.498 INFO  User login: qwe@gmail.com 
09:38:15.101 INFO  Post /login 
09:38:15.117 INFO  User login: qwe@gmail.com 
09:38:15.476 INFO  Post /login 
09:38:15.492 INFO  User login: qwe@gmail.com 
09:38:15.976 INFO  Post /login 
09:38:15.992 INFO  User login: qwe@gmail.com 
09:38:16.258 INFO  Post /login 
09:38:16.317 INFO  User login: qwe@gmail.com 
09:38:16.438 INFO  Post /login 
09:38:16.452 INFO  User login: qwe@gmail.com 
09:38:16.781 INFO  Post /login 
09:38:16.797 INFO  User login: qwe@gmail.com 
09:38:16.992 INFO  Post /login 
09:38:17.010 INFO  User login: qwe@gmail.com 
09:38:17.390 INFO  Post /login 
09:38:17.417 INFO  User login: qwe@gmail.com 
09:38:17.825 INFO  Post /login 
09:38:17.851 INFO  User login: qwe@gmail.com 
09:38:17.998 INFO  Post /login 
09:38:18.039 INFO  User login: qwe@gmail.com 
09:38:18.143 INFO  Post /login 
09:38:18.164 INFO  User login: qwe@gmail.com 
09:38:18.269 INFO  Post /login 
09:38:18.285 INFO  User login: qwe@gmail.com 
09:38:18.332 INFO  Post /login 
09:38:18.379 INFO  User login: qwe@gmail.com 
09:38:18.457 INFO  Post /login 
09:38:18.488 INFO  User login: qwe@gmail.com 
09:38:18.519 INFO  Post /login 
09:38:18.535 INFO  User login: qwe@gmail.com 
09:38:18.566 INFO  Post /login 
09:38:18.597 INFO  User login: qwe@gmail.com 
09:38:18.629 INFO  Post /login 
09:38:18.660 INFO  User login: qwe@gmail.com 
09:38:18.691 INFO  Post /login 
09:38:18.707 INFO  User login: qwe@gmail.com 
09:38:18.738 INFO  Post /login 
09:38:18.769 INFO  User login: qwe@gmail.com 
09:38:18.801 INFO  Post /login 
09:38:18.816 INFO  User login: qwe@gmail.com 
09:38:18.863 INFO  Post /login 
09:38:18.894 INFO  User login: qwe@gmail.com 
09:38:18.926 INFO  Post /login 
09:38:18.956 INFO  User login: qwe@gmail.com 
09:38:18.986 INFO  Post /login 
09:38:19.006 INFO  User login: qwe@gmail.com 
09:38:19.035 INFO  Post /login 
09:38:19.193 INFO  User login: qwe@gmail.com 
09:38:19.255 INFO  Post /login 
09:38:19.277 INFO  User login: qwe@gmail.com 
09:38:19.302 INFO  Post /login 
09:38:19.337 INFO  User login: qwe@gmail.com 
09:38:19.355 INFO  Post /login 
09:38:19.419 INFO  User login: qwe@gmail.com 
09:38:19.454 INFO  Post /login 
09:38:19.471 INFO  User login: qwe@gmail.com 
09:38:19.504 INFO  Post /login 
09:38:19.519 INFO  User login: qwe@gmail.com 
09:38:19.553 INFO  Post /login 
09:38:19.570 INFO  User login: qwe@gmail.com 
09:38:19.742 INFO  Post /login 
09:38:19.773 INFO  User login: qwe@gmail.com 
09:38:20.023 INFO  Post /login 
09:38:20.039 INFO  User login: qwe@gmail.com 
09:38:20.226 INFO  Post /login 
09:38:20.242 INFO  User login: qwe@gmail.com 
09:38:20.443 INFO  Post /login 
09:38:20.459 INFO  User login: qwe@gmail.com 
09:38:20.600 INFO  Post /login 
09:38:20.627 INFO  User login: qwe@gmail.com 
09:38:20.693 INFO  Post /login 
09:38:20.732 INFO  User login: qwe@gmail.com 
09:38:20.837 INFO  Post /login 
09:38:21.071 INFO  User login: qwe@gmail.com 
09:38:21.134 INFO  Post /login 
09:38:21.202 INFO  User login: qwe@gmail.com 
09:38:21.233 INFO  Post /login 
09:38:21.248 INFO  User login: qwe@gmail.com 
09:38:21.389 INFO  Post /login 
09:38:21.584 INFO  User login: qwe@gmail.com 
09:38:21.654 INFO  Post /login 
09:38:21.671 INFO  User login: qwe@gmail.com 
09:38:21.711 INFO  Post /login 
09:38:21.789 INFO  User login: qwe@gmail.com 
09:38:21.845 INFO  Post /login 
09:38:21.876 INFO  User login: qwe@gmail.com 
09:38:22.021 INFO  Post /login 
09:38:22.036 INFO  User login: qwe@gmail.com 
09:42:46.083 INFO  Post /login 
09:42:46.117 INFO  User login: qwe@gmail.com 
09:42:46.226 INFO  Post /login 
09:42:46.258 INFO  User login: qwe@gmail.com 
09:42:46.477 INFO  Post /login 
09:42:46.494 INFO  User login: qwe@gmail.com 
09:42:46.585 INFO  Post /login 
09:42:46.603 INFO  User login: qwe@gmail.com 
09:42:46.830 INFO  Post /login 
09:42:46.862 INFO  User login: qwe@gmail.com 
09:42:46.948 INFO  Post /login 
09:42:46.965 INFO  User login: qwe@gmail.com 
09:42:47.067 INFO  Post /login 
09:42:47.083 INFO  User login: qwe@gmail.com 
09:42:47.192 INFO  Post /login 
09:42:47.208 INFO  User login: qwe@gmail.com 
09:42:47.239 INFO  Post /login 
09:42:47.254 INFO  User login: qwe@gmail.com 
09:42:47.345 INFO  Post /login 
09:42:47.357 INFO  User login: qwe@gmail.com 
09:42:47.384 INFO  /admin/courses/addTrainingProgram: Add Training Program :test create name of new training program 
09:42:47.479 INFO  Post /login 
09:42:47.494 INFO  User login: qwe@gmail.com 
09:42:47.550 INFO  /admin/courses/addTrainingProgram: Add Training Program :Linux Programming 
09:42:47.566 INFO  Post /login 
09:42:47.597 INFO  User login: qwe@gmail.com 
09:42:47.613 INFO  /admin/updateTrainingProgram: Update Training Program :undefined 
09:42:47.800 INFO  Post /login 
09:42:47.816 INFO  User login: qwe@gmail.com 
09:42:47.863 INFO  /admin/updateTrainingProgram: Update Training Program :undefined 
09:42:47.878 INFO  Post /login 
09:42:47.894 INFO  User login: qwe@gmail.com 
09:42:47.925 INFO  Get Delete Command 
09:42:48.120 INFO  Post /login 
09:42:48.138 INFO  User login: qwe@gmail.com 
09:42:48.165 INFO  Get Delete Command 
09:42:48.178 INFO  Post /login 
09:42:48.207 INFO  User login: qwe@gmail.com 
09:42:48.246 INFO  Post /login 
09:42:48.265 INFO  User login: qwe@gmail.com 
09:42:48.302 INFO  Post /login 
09:42:48.315 INFO  User login: qwe@gmail.com 
09:42:48.349 INFO  Post /login 
09:42:48.366 INFO  User login: qwe@gmail.com 
09:42:48.967 INFO  Post /login 
09:42:48.999 INFO  User login: qwe@gmail.com 
09:42:49.832 INFO  Post /login 
09:42:49.853 INFO  User login: qwe@gmail.com 
09:42:50.994 INFO  Post /login 
09:42:51.034 INFO  User login: qwe@gmail.com 
09:42:51.328 INFO  /admin/updateClass: update Class :undefined 
09:42:51.710 INFO  Post /login 
09:42:51.741 INFO  User login: qwe@gmail.com 
09:42:52.300 INFO  Post /login 
09:42:52.313 INFO  User login: qwe@gmail.com 
09:42:52.385 INFO  Post /login 
09:42:52.432 INFO  User login: qwe@gmail.com 
09:42:52.466 INFO  Post /login 
09:42:52.480 INFO  User login: qwe@gmail.com 
09:42:53.086 INFO  Post /login 
09:42:53.100 INFO  User login: qwe@gmail.com 
09:42:53.790 INFO  Post /login 
09:42:53.822 INFO  User login: qwe@gmail.com 
09:42:53.945 INFO  Post /login 
09:42:53.952 INFO  User login: qwe@gmail.com 
09:42:53.999 INFO  Post /login 
09:42:53.999 INFO  User login: qwe@gmail.com 
09:42:54.046 INFO  Post /login 
09:42:54.061 INFO  User login: qwe@gmail.com 
09:42:54.093 INFO  Post /login 
09:42:54.115 INFO  User login: qwe@gmail.com 
09:42:54.153 INFO  Post /login 
09:42:54.171 INFO  User login: qwe@gmail.com 
09:42:54.202 INFO  Post /login 
09:42:54.222 INFO  User login: qwe@gmail.com 
09:42:54.252 INFO  Post /login 
09:42:54.283 INFO  User login: qwe@gmail.com 
09:42:54.314 INFO  Post /login 
09:42:54.346 INFO  User login: qwe@gmail.com 
09:42:54.387 INFO  Post /login 
09:42:54.407 INFO  User login: qwe@gmail.com 
09:42:54.441 INFO  Post /login 
09:42:54.460 INFO  User login: qwe@gmail.com 
09:42:54.497 INFO  Post /login 
09:42:54.509 INFO  User login: qwe@gmail.com 
09:42:54.547 INFO  Post /login 
09:42:54.569 INFO  User login: qwe@gmail.com 
09:42:54.601 INFO  Post /login 
09:42:54.619 INFO  User login: qwe@gmail.com 
09:42:54.651 INFO  Post /login 
09:42:54.666 INFO  User login: qwe@gmail.com 
09:42:54.723 INFO  Post /login 
09:42:54.735 INFO  User login: qwe@gmail.com 
09:42:54.773 INFO  Post /login 
09:42:54.786 INFO  User login: qwe@gmail.com 
09:42:54.801 INFO  Post /login 
09:42:54.817 INFO  User login: qwe@gmail.com 
09:42:54.848 INFO  Post /login 
09:42:54.864 INFO  User login: qwe@gmail.com 
09:42:54.895 INFO  Post /login 
09:42:54.926 INFO  User login: qwe@gmail.com 
09:42:55.004 INFO  Post /login 
09:42:55.020 INFO  User login: qwe@gmail.com 
09:42:55.051 INFO  Post /login 
09:42:55.067 INFO  User login: qwe@gmail.com 
09:42:55.098 INFO  Post /login 
09:42:55.114 INFO  User login: qwe@gmail.com 
09:42:55.145 INFO  Post /login 
09:42:55.176 INFO  User login: qwe@gmail.com 
09:42:55.208 INFO  Post /login 
09:42:55.223 INFO  User login: qwe@gmail.com 
09:42:55.254 INFO  Post /login 
09:42:55.317 INFO  User login: qwe@gmail.com 
09:42:55.395 INFO  Post /login 
09:42:55.395 INFO  User login: qwe@gmail.com 
09:42:55.441 INFO  Post /login 
09:42:55.456 INFO  User login: qwe@gmail.com 
09:42:55.776 INFO  Post /login 
09:42:55.795 INFO  User login: qwe@gmail.com 
09:42:55.844 INFO  Post /login 
09:42:55.858 INFO  User login: qwe@gmail.com 
09:42:55.901 INFO  Post /login 
09:42:55.939 INFO  User login: qwe@gmail.com 
09:42:55.998 INFO  Post /login 
09:42:56.040 INFO  User login failed. 
09:42:56.052 INFO  Post /login 
09:42:56.069 INFO  User login: s3595082@rmit.edu.vn 
09:42:56.100 INFO  Post /login 
09:42:56.121 INFO  User login failed. 
09:42:56.132 INFO  Post /login 
09:42:56.157 INFO  User login failed. 
09:42:56.166 INFO  Post /login 
09:42:56.186 INFO  User login: nam@gmail.com 
09:42:56.195 INFO  Post /login 
09:42:56.218 INFO  User login failed. 
09:42:56.229 INFO  Post /login 
09:42:56.274 INFO  User login failed. 
09:42:56.283 INFO  Post /login 
09:42:56.308 INFO  User login failed. 
09:42:56.324 INFO  Post /login 
09:42:56.339 INFO  User login failed. 
09:42:56.347 INFO  Post /login 
09:42:56.365 INFO  User login failed. 
09:42:56.372 INFO  Post /login 
09:42:56.388 INFO  User login failed. 
09:42:56.397 INFO  Post /login 
09:42:56.417 INFO  User login failed. 
09:42:56.426 INFO  GET /logout 
09:42:56.435 INFO  Post /login 
09:42:56.455 INFO  User login: qwe@gmail.com 
09:42:56.539 INFO  Post /login 
09:42:56.560 INFO  User login: qwe@gmail.com 
09:42:57.327 INFO  Post /login 
09:42:57.342 INFO  User login: qwe@gmail.com 
09:42:57.782 INFO  Post /login 
09:42:57.845 INFO  User login: qwe@gmail.com 
09:42:58.066 INFO  Post /login 
09:42:58.099 INFO  User login: qwe@gmail.com 
09:42:58.571 INFO  Post /login 
09:42:58.582 INFO  User login: qwe@gmail.com 
09:42:58.924 INFO  Post /login 
09:42:58.942 INFO  User login: qwe@gmail.com 
09:42:59.299 INFO  Post /login 
09:42:59.319 INFO  User login: qwe@gmail.com 
09:42:59.384 INFO  Post /login 
09:42:59.396 INFO  User login: qwe@gmail.com 
09:42:59.716 INFO  Post /login 
09:42:59.744 INFO  User login: qwe@gmail.com 
09:42:59.902 INFO  Post /login 
09:42:59.916 INFO  User login: qwe@gmail.com 
09:43:00.123 INFO  Post /login 
09:43:00.154 INFO  User login: qwe@gmail.com 
09:43:00.186 INFO  Post /login 
09:43:00.186 INFO  User login: qwe@gmail.com 
09:43:00.217 INFO  Post /login 
09:43:00.235 INFO  User login: qwe@gmail.com 
09:43:00.266 INFO  Post /login 
09:43:00.313 INFO  User login: qwe@gmail.com 
09:43:00.372 INFO  Post /login 
09:43:00.407 INFO  User login: qwe@gmail.com 
09:43:00.444 INFO  Post /login 
09:43:00.474 INFO  User login: qwe@gmail.com 
09:43:00.503 INFO  Post /login 
09:43:00.519 INFO  User login: qwe@gmail.com 
09:43:00.534 INFO  Post /login 
09:43:00.597 INFO  User login: qwe@gmail.com 
09:43:01.008 INFO  Post /login 
09:43:01.030 INFO  User login: qwe@gmail.com 
09:43:01.419 INFO  Post /login 
09:43:01.450 INFO  User login: qwe@gmail.com 
09:43:01.609 INFO  Post /login 
09:43:01.619 INFO  User login: qwe@gmail.com 
09:43:01.893 INFO  Post /login 
09:43:01.938 INFO  User login: qwe@gmail.com 
09:43:01.993 INFO  Post /login 
09:43:02.012 INFO  User login: qwe@gmail.com 
09:43:02.060 INFO  Post /login 
09:43:02.116 INFO  User login: qwe@gmail.com 
09:43:02.152 INFO  Post /login 
09:43:02.165 INFO  User login: qwe@gmail.com 
09:43:02.199 INFO  Post /login 
09:43:02.210 INFO  User login: qwe@gmail.com 
09:43:02.279 INFO  Post /login 
09:43:02.399 INFO  User login: qwe@gmail.com 
09:43:02.509 INFO  Post /login 
09:43:02.572 INFO  User login: qwe@gmail.com 
09:43:02.802 INFO  Post /login 
09:43:02.835 INFO  User login: qwe@gmail.com 
09:43:02.955 INFO  Post /login 
09:43:03.000 INFO  User login: qwe@gmail.com 
09:43:03.079 INFO  Post /login 
09:43:03.103 INFO  User login: qwe@gmail.com 
09:43:03.420 INFO  Post /login 
09:43:03.526 INFO  User login: qwe@gmail.com 
09:43:03.936 INFO  Post /login 
09:43:04.019 INFO  User login: qwe@gmail.com 
09:43:04.278 INFO  Post /login 
09:43:04.368 INFO  User login: qwe@gmail.com 
09:43:04.503 INFO  Post /login 
09:43:04.583 INFO  User login: qwe@gmail.com 
09:43:04.760 INFO  Post /login 
09:43:04.826 INFO  User login: qwe@gmail.com 
09:43:05.164 INFO  Post /login 
09:43:05.281 INFO  User login: qwe@gmail.com 
09:43:05.393 INFO  Post /login 
09:43:05.472 INFO  User login: qwe@gmail.com 
09:43:05.930 INFO  Post /login 
09:43:05.959 INFO  User login: qwe@gmail.com 
09:43:06.506 INFO  Post /login 
09:43:06.537 INFO  User login: qwe@gmail.com 
09:43:06.694 INFO  Post /login 
09:43:06.725 INFO  User login: qwe@gmail.com 
09:43:06.881 INFO  Post /login 
09:43:06.897 INFO  User login: qwe@gmail.com 
09:43:07.037 INFO  Post /login 
09:43:07.053 INFO  User login: qwe@gmail.com 
09:43:07.084 INFO  Post /login 
09:43:07.100 INFO  User login: qwe@gmail.com 
09:43:07.147 INFO  Post /login 
09:43:07.162 INFO  User login: qwe@gmail.com 
09:43:07.209 INFO  Post /login 
09:43:07.225 INFO  User login: qwe@gmail.com 
09:43:07.256 INFO  Post /login 
09:43:07.272 INFO  User login: qwe@gmail.com 
09:43:07.319 INFO  Post /login 
09:43:07.350 INFO  User login: qwe@gmail.com 
09:43:07.417 INFO  Post /login 
09:43:07.424 INFO  User login: qwe@gmail.com 
09:43:07.478 INFO  Post /login 
09:43:07.478 INFO  User login: qwe@gmail.com 
09:43:07.509 INFO  Post /login 
09:43:07.556 INFO  User login: qwe@gmail.com 
09:43:07.603 INFO  Post /login 
09:43:07.666 INFO  User login: qwe@gmail.com 
09:43:07.728 INFO  Post /login 
09:43:07.806 INFO  User login: qwe@gmail.com 
09:43:07.869 INFO  Post /login 
09:43:07.884 INFO  User login: qwe@gmail.com 
09:43:07.916 INFO  Post /login 
09:43:07.931 INFO  User login: qwe@gmail.com 
09:43:07.968 INFO  Post /login 
09:43:07.983 INFO  User login: qwe@gmail.com 
09:43:08.015 INFO  Post /login 
09:43:08.030 INFO  User login: qwe@gmail.com 
09:43:08.087 INFO  Post /login 
09:43:08.118 INFO  User login: qwe@gmail.com 
09:43:08.149 INFO  Post /login 
09:43:08.165 INFO  User login: qwe@gmail.com 
09:43:08.196 INFO  Post /login 
09:43:08.227 INFO  User login: qwe@gmail.com 
09:43:08.258 INFO  Post /login 
09:43:08.274 INFO  User login: qwe@gmail.com 
09:43:08.477 INFO  Post /login 
09:43:08.491 INFO  User login: qwe@gmail.com 
09:43:08.748 INFO  Post /login 
09:43:08.764 INFO  User login: qwe@gmail.com 
09:43:09.029 INFO  Post /login 
09:43:09.060 INFO  User login: qwe@gmail.com 
09:43:09.232 INFO  Post /login 
09:43:09.248 INFO  User login: qwe@gmail.com 
09:43:09.404 INFO  Post /login 
09:43:09.419 INFO  User login: qwe@gmail.com 
09:43:09.504 INFO  Post /login 
09:43:09.535 INFO  User login: qwe@gmail.com 
09:43:09.660 INFO  Post /login 
09:43:09.676 INFO  User login: qwe@gmail.com 
09:43:09.754 INFO  Post /login 
09:43:09.769 INFO  User login: qwe@gmail.com 
09:43:09.801 INFO  Post /login 
09:43:09.816 INFO  User login: qwe@gmail.com 
09:43:09.941 INFO  Post /login 
09:43:09.972 INFO  User login: qwe@gmail.com 
09:43:10.004 INFO  Post /login 
09:43:10.019 INFO  User login: qwe@gmail.com 
09:43:10.054 INFO  Post /login 
09:43:10.070 INFO  User login: qwe@gmail.com 
09:43:10.101 INFO  Post /login 
09:43:10.117 INFO  User login: qwe@gmail.com 
09:43:10.276 INFO  Post /login 
09:43:10.292 INFO  User login: qwe@gmail.com 
09:45:25.279 INFO  Post /login 
09:45:25.319 INFO  User login: qwe@gmail.com 
09:45:28.909 INFO  GET /logout 
09:45:36.312 INFO  Post /login 
09:45:36.350 INFO  User login failed. 
09:45:41.088 INFO  Post /login 
09:45:41.122 INFO  User login failed. 
09:45:45.960 INFO  Post /login 
09:45:46.005 INFO  User login: abcs@gmail.com 
