10:25:54.965 INFO  Post /login 
10:25:55.054 INFO  User login: qwe@gmail.com 
10:26:06.179 INFO  GET /logout 
10:26:12.548 INFO  Post /login 
10:26:12.638 INFO  User login: qwe@gmail.com 
14:00:55.524 INFO  Post /login 
14:00:55.571 INFO  User login: qwe@gmail.com 
14:00:55.656 INFO  Post /login 
14:00:55.671 INFO  User login: qwe@gmail.com 
14:00:55.941 INFO  Post /login 
14:00:55.956 INFO  User login: qwe@gmail.com 
14:00:56.088 INFO  Post /login 
14:00:56.088 INFO  User login: qwe@gmail.com 
14:00:56.304 INFO  Post /login 
14:00:56.326 INFO  User login: qwe@gmail.com 
14:00:56.420 INFO  Post /login 
14:00:56.452 INFO  User login: qwe@gmail.com 
14:00:56.558 INFO  Post /login 
14:00:56.573 INFO  User login: qwe@gmail.com 
14:00:56.658 INFO  Post /login 
14:00:56.674 INFO  User login: qwe@gmail.com 
14:00:56.705 INFO  Post /login 
14:00:56.721 INFO  User login: qwe@gmail.com 
14:00:56.793 INFO  Post /login 
14:00:56.809 INFO  User login: qwe@gmail.com 
14:00:56.843 INFO  /admin/courses/addTrainingProgram: Add Training Program :test create name of new training program 
14:00:56.958 INFO  Post /login 
14:00:56.974 INFO  User login: qwe@gmail.com 
14:00:57.043 INFO  /admin/courses/addTrainingProgram: Add Training Program :Linux Programming 
14:00:57.059 INFO  Post /login 
14:00:57.074 INFO  User login: qwe@gmail.com 
14:00:57.090 INFO  /admin/updateTrainingProgram: Update Training Program :undefined 
14:00:57.244 INFO  Post /login 
14:00:57.275 INFO  User login: qwe@gmail.com 
14:00:57.328 INFO  /admin/updateTrainingProgram: Update Training Program :undefined 
14:00:57.328 INFO  Post /login 
14:00:57.352 INFO  User login: qwe@gmail.com 
14:00:57.371 INFO  Get Delete Command 
14:00:57.522 INFO  Post /login 
14:00:57.529 INFO  User login: qwe@gmail.com 
14:00:57.560 INFO  Get Delete Command 
14:00:57.560 INFO  Post /login 
14:00:57.576 INFO  User login: qwe@gmail.com 
14:00:57.694 INFO  Post /login 
14:00:57.694 INFO  User login: qwe@gmail.com 
14:00:57.745 INFO  Post /login 
14:00:57.745 INFO  User login: qwe@gmail.com 
14:00:57.776 INFO  Post /login 
14:00:57.792 INFO  User login: qwe@gmail.com 
14:00:58.161 INFO  Post /login 
14:00:58.193 INFO  User login: qwe@gmail.com 
14:00:59.233 INFO  Post /login 
14:00:59.249 INFO  User login: qwe@gmail.com 
14:01:00.035 INFO  Post /login 
14:01:00.051 INFO  User login: qwe@gmail.com 
14:01:00.314 INFO  /admin/updateClass: update Class :undefined 
14:01:00.583 INFO  Post /login 
14:01:00.599 INFO  User login: qwe@gmail.com 
14:01:01.054 INFO  Post /login 
14:01:01.070 INFO  User login: qwe@gmail.com 
14:01:01.139 INFO  Post /login 
14:01:01.154 INFO  User login: qwe@gmail.com 
14:01:01.186 INFO  Post /login 
14:01:01.201 INFO  User login: qwe@gmail.com 
14:01:01.786 INFO  Post /login 
14:01:01.802 INFO  User login: qwe@gmail.com 
14:01:02.338 INFO  Post /login 
14:01:02.348 INFO  User login: qwe@gmail.com 
14:01:02.541 INFO  Post /login 
14:01:02.557 INFO  User login: qwe@gmail.com 
14:01:02.588 INFO  Post /login 
14:01:02.588 INFO  User login: qwe@gmail.com 
14:01:02.620 INFO  Post /login 
14:01:02.641 INFO  User login: qwe@gmail.com 
14:01:02.657 INFO  Post /login 
14:01:02.673 INFO  User login: qwe@gmail.com 
14:01:02.704 INFO  Post /login 
14:01:02.720 INFO  User login: qwe@gmail.com 
14:01:02.757 INFO  Post /login 
14:01:02.757 INFO  User login: qwe@gmail.com 
14:01:02.789 INFO  Post /login 
14:01:02.804 INFO  User login: qwe@gmail.com 
14:01:02.820 INFO  Post /login 
14:01:02.858 INFO  User login: qwe@gmail.com 
14:01:02.889 INFO  Post /login 
14:01:02.920 INFO  User login: qwe@gmail.com 
14:01:02.942 INFO  Post /login 
14:01:02.973 INFO  User login: qwe@gmail.com 
14:01:03.005 INFO  Post /login 
14:01:03.020 INFO  User login: qwe@gmail.com 
14:01:03.042 INFO  Post /login 
14:01:03.058 INFO  User login: qwe@gmail.com 
14:01:03.089 INFO  Post /login 
14:01:03.105 INFO  User login: qwe@gmail.com 
14:01:03.121 INFO  /common/course/getClassByCourseID:  
14:01:03.158 INFO  Post /login 
14:01:03.259 INFO  User login: qwe@gmail.com 
14:01:03.321 INFO  Post /login 
14:01:03.343 INFO  User login: qwe@gmail.com 
14:01:03.371 INFO  Post /login 
14:01:03.371 INFO  User login: qwe@gmail.com 
14:01:03.402 INFO  /common/course/getClassByCourseID:  
14:01:03.402 INFO  Post /login 
14:01:03.434 INFO  User login: qwe@gmail.com 
14:01:03.459 INFO  Post /login 
14:01:03.475 INFO  User login: qwe@gmail.com 
14:01:03.506 INFO  Post /login 
14:01:03.522 INFO  User login: qwe@gmail.com 
14:01:03.544 INFO  Post /login 
14:01:03.544 INFO  User login: qwe@gmail.com 
14:01:03.575 INFO  Post /login 
14:01:03.591 INFO  User login: qwe@gmail.com 
14:01:03.707 INFO  Post /login 
14:01:03.722 INFO  User login: qwe@gmail.com 
14:01:03.744 INFO  Post /login 
14:01:03.760 INFO  User login: qwe@gmail.com 
14:01:03.776 INFO  Post /login 
14:01:03.794 INFO  User login failed. 
14:01:03.794 INFO  Post /login 
14:01:03.844 INFO  User login: s3595082@rmit.edu.vn 
14:01:03.891 INFO  Post /login 
14:01:03.960 INFO  User login failed. 
14:01:03.976 INFO  Post /login 
14:01:04.023 INFO  User login failed. 
14:01:04.039 INFO  Post /login 
14:01:04.076 INFO  User login: nam@gmail.com 
14:01:04.076 INFO  Post /login 
14:01:04.108 INFO  User login failed. 
14:01:04.108 INFO  Post /login 
14:01:04.145 INFO  User login failed. 
14:01:04.145 INFO  Post /login 
14:01:04.161 INFO  User login failed. 
14:01:04.177 INFO  Post /login 
14:01:04.192 INFO  User login failed. 
14:01:04.192 INFO  Post /login 
14:01:04.208 INFO  User login failed. 
14:01:04.223 INFO  Post /login 
14:01:04.246 INFO  User login failed. 
14:01:04.246 INFO  Post /login 
14:01:04.261 INFO  User login failed. 
14:01:04.277 INFO  GET /logout 
14:01:04.277 INFO  Post /login 
14:01:04.292 INFO  User login: qwe@gmail.com 
14:01:04.324 INFO  Post /login 
14:01:04.347 INFO  User login: qwe@gmail.com 
14:01:04.825 INFO  Post /login 
14:01:04.847 INFO  User login: qwe@gmail.com 
14:01:05.295 INFO  Post /login 
14:01:05.310 INFO  User login: qwe@gmail.com 
14:01:05.627 INFO  Post /login 
14:01:05.627 INFO  User login: qwe@gmail.com 
14:01:06.028 INFO  Post /login 
14:01:06.050 INFO  User login: qwe@gmail.com 
14:01:06.497 INFO  Post /login 
14:01:06.497 INFO  User login: qwe@gmail.com 
14:01:06.783 INFO  Post /login 
14:01:06.798 INFO  User login: qwe@gmail.com 
14:01:06.968 INFO  Post /login 
14:01:06.999 INFO  User login: qwe@gmail.com 
14:01:07.083 INFO  Post /login 
14:01:07.099 INFO  User login: qwe@gmail.com 
14:01:07.130 INFO  Post /login 
14:01:07.133 INFO  User login: qwe@gmail.com 
14:01:07.152 INFO  Post /login 
14:01:07.152 INFO  User login: qwe@gmail.com 
14:01:07.183 INFO  Post /login 
14:01:07.199 INFO  User login: qwe@gmail.com 
14:01:07.230 INFO  Post /login 
14:01:07.246 INFO  User login: qwe@gmail.com 
14:01:07.268 INFO  Post /login 
14:01:07.268 INFO  User login: qwe@gmail.com 
14:01:07.299 INFO  Post /login 
14:01:07.315 INFO  User login: qwe@gmail.com 
14:01:07.331 INFO  Post /login 
14:01:07.357 INFO  User login: qwe@gmail.com 
14:01:07.632 INFO  Post /login 
14:01:07.654 INFO  User login: qwe@gmail.com 
14:01:07.955 INFO  Post /login 
14:01:07.970 INFO  User login: qwe@gmail.com 
14:01:08.071 INFO  Post /login 
14:01:08.086 INFO  User login: qwe@gmail.com 
14:01:08.372 INFO  Post /login 
14:01:08.372 INFO  User login: qwe@gmail.com 
14:01:08.419 INFO  Post /login 
14:01:08.434 INFO  User login: qwe@gmail.com 
14:01:08.471 INFO  Post /login 
14:01:08.471 INFO  User login: qwe@gmail.com 
14:01:08.503 INFO  Post /login 
14:01:08.536 INFO  User login: qwe@gmail.com 
14:01:08.556 INFO  Post /login 
14:01:08.571 INFO  User login: qwe@gmail.com 
14:01:08.618 INFO  Post /login 
14:01:08.634 INFO  User login: qwe@gmail.com 
14:01:08.703 INFO  Post /login 
14:01:08.734 INFO  User login: qwe@gmail.com 
14:01:08.819 INFO  Post /login 
14:01:08.834 INFO  User login: qwe@gmail.com 
14:01:08.903 INFO  Post /login 
14:01:08.919 INFO  User login: qwe@gmail.com 
14:01:08.972 INFO  Post /login 
14:01:08.988 INFO  User login: qwe@gmail.com 
14:01:09.220 INFO  Post /login 
14:01:09.258 INFO  User login: qwe@gmail.com 
14:01:09.521 INFO  Post /login 
14:01:09.559 INFO  User login: qwe@gmail.com 
14:01:09.860 INFO  Post /login 
14:01:09.875 INFO  User login: qwe@gmail.com 
14:01:10.107 INFO  Post /login 
14:01:10.123 INFO  User login: qwe@gmail.com 
14:01:10.261 INFO  Post /login 
14:01:10.292 INFO  User login: qwe@gmail.com 
14:01:10.593 INFO  Post /login 
14:01:10.608 INFO  User login: qwe@gmail.com 
14:01:10.825 INFO  Post /login 
14:01:10.840 INFO  User login: qwe@gmail.com 
14:01:11.349 INFO  Post /login 
14:01:11.355 INFO  User login: qwe@gmail.com 
14:01:11.881 INFO  Post /login 
14:01:11.881 INFO  User login: qwe@gmail.com 
14:01:12.012 INFO  Post /login 
14:01:12.028 INFO  User login: qwe@gmail.com 
14:01:12.113 INFO  Post /login 
14:01:12.182 INFO  User login: qwe@gmail.com 
14:01:12.297 INFO  Post /login 
14:01:12.329 INFO  User login: qwe@gmail.com 
14:01:12.356 INFO  Post /login 
14:01:12.366 INFO  User login: qwe@gmail.com 
14:01:12.400 INFO  Post /login 
14:01:12.431 INFO  User login: qwe@gmail.com 
14:01:12.466 INFO  Post /login 
14:01:12.482 INFO  User login: qwe@gmail.com 
14:01:12.524 INFO  Post /login 
14:01:12.548 INFO  User login: qwe@gmail.com 
14:01:12.583 INFO  Post /login 
14:01:12.593 INFO  User login: qwe@gmail.com 
14:01:12.630 INFO  Post /login 
14:01:12.641 INFO  User login: qwe@gmail.com 
14:01:12.681 INFO  Post /login 
14:01:12.688 INFO  User login: qwe@gmail.com 
14:01:12.729 INFO  Post /login 
14:01:12.737 INFO  User login: qwe@gmail.com 
14:01:12.807 INFO  Post /login 
14:01:12.816 INFO  User login: qwe@gmail.com 
14:01:12.848 INFO  Post /login 
14:01:12.856 INFO  User login: qwe@gmail.com 
14:01:12.889 INFO  Post /login 
14:01:12.898 INFO  User login: qwe@gmail.com 
14:01:12.930 INFO  Post /login 
14:01:12.945 INFO  User login: qwe@gmail.com 
14:01:12.980 INFO  Post /login 
14:01:12.988 INFO  User login: qwe@gmail.com 
14:01:13.023 INFO  Post /login 
14:01:13.047 INFO  User login: qwe@gmail.com 
14:01:13.080 INFO  Post /login 
14:01:13.088 INFO  User login: qwe@gmail.com 
14:01:13.122 INFO  Post /login 
14:01:13.152 INFO  User login: qwe@gmail.com 
14:01:13.186 INFO  Post /login 
14:01:13.193 INFO  User login: qwe@gmail.com 
14:01:13.220 INFO  Post /login 
14:01:13.376 INFO  User login: qwe@gmail.com 
14:01:13.538 INFO  Post /login 
14:01:13.565 INFO  User login: qwe@gmail.com 
14:01:13.809 INFO  Post /login 
14:01:13.819 INFO  User login: qwe@gmail.com 
14:01:13.984 INFO  Post /login 
14:01:14.000 INFO  User login: qwe@gmail.com 
14:01:14.132 INFO  Post /login 
14:01:14.163 INFO  User login: qwe@gmail.com 
14:01:14.232 INFO  Post /login 
14:01:14.276 INFO  User login: qwe@gmail.com 
14:01:14.338 INFO  Post /login 
14:01:14.350 INFO  User login: qwe@gmail.com 
14:01:14.475 INFO  Post /login 
14:01:14.488 INFO  User login: qwe@gmail.com 
14:01:14.649 INFO  Post /login 
14:01:14.663 INFO  User login: qwe@gmail.com 
14:01:14.721 INFO  Post /login 
14:01:14.731 INFO  User login: qwe@gmail.com 
14:01:14.771 INFO  Post /login 
14:01:14.787 INFO  User login: qwe@gmail.com 
14:16:32.845 INFO  Post /login 
14:16:32.888 INFO  User login: qwe@gmail.com 
14:16:32.966 INFO  Post /login 
14:16:32.966 INFO  User login: qwe@gmail.com 
14:16:33.188 INFO  Post /login 
14:16:33.204 INFO  User login: qwe@gmail.com 
14:16:33.288 INFO  Post /login 
14:16:33.356 INFO  User login: qwe@gmail.com 
14:16:33.604 INFO  Post /login 
14:16:33.604 INFO  User login: qwe@gmail.com 
14:16:33.689 INFO  Post /login 
14:16:33.705 INFO  User login: qwe@gmail.com 
14:16:33.838 INFO  Post /login 
14:16:33.889 INFO  User login: qwe@gmail.com 
14:16:33.936 INFO  Post /login 
14:16:33.952 INFO  User login: qwe@gmail.com 
14:16:33.983 INFO  Post /login 
14:16:34.005 INFO  User login: qwe@gmail.com 
14:16:34.075 INFO  Post /login 
14:16:34.183 INFO  User login: qwe@gmail.com 
14:16:34.221 INFO  /admin/courses/addTrainingProgram: Add Training Program :test create name of new training program 
14:16:34.490 INFO  Post /login 
14:16:34.506 INFO  User login: qwe@gmail.com 
14:16:34.606 INFO  /admin/courses/addTrainingProgram: Add Training Program :Linux Programming 
14:16:34.622 INFO  Post /login 
14:16:34.622 INFO  User login: qwe@gmail.com 
14:16:34.656 INFO  /admin/updateTrainingProgram: Update Training Program :undefined 
14:16:34.875 INFO  Post /login 
14:16:34.891 INFO  User login: qwe@gmail.com 
14:16:34.938 INFO  /admin/updateTrainingProgram: Update Training Program :undefined 
14:16:34.953 INFO  Post /login 
14:16:34.969 INFO  User login: qwe@gmail.com 
14:16:35.000 INFO  Get Delete Command 
14:16:35.170 INFO  Post /login 
14:16:35.186 INFO  User login: qwe@gmail.com 
14:16:35.308 INFO  Get Delete Command 
14:16:35.324 INFO  Post /login 
14:16:35.350 INFO  User login: qwe@gmail.com 
14:16:35.372 INFO  Post /login 
14:16:35.424 INFO  User login: qwe@gmail.com 
14:16:35.472 INFO  Post /login 
14:16:35.475 INFO  User login: qwe@gmail.com 
14:16:35.493 INFO  Post /login 
14:16:35.509 INFO  User login: qwe@gmail.com 
14:16:35.876 INFO  Post /login 
14:16:35.894 INFO  User login: qwe@gmail.com 
14:16:36.675 INFO  Post /login 
14:16:36.696 INFO  User login: qwe@gmail.com 
14:16:37.675 INFO  Post /login 
14:16:37.729 INFO  User login: qwe@gmail.com 
14:16:38.014 INFO  /admin/updateClass: update Class :undefined 
14:16:38.214 INFO  Post /login 
14:16:38.214 INFO  User login: qwe@gmail.com 
14:16:38.776 INFO  Post /login 
14:16:38.800 INFO  User login: qwe@gmail.com 
14:16:38.875 INFO  Post /login 
14:16:38.915 INFO  User login: qwe@gmail.com 
14:16:38.949 INFO  Post /login 
14:16:38.965 INFO  User login: qwe@gmail.com 
14:16:39.616 INFO  Post /login 
14:16:39.632 INFO  User login: qwe@gmail.com 
14:16:40.148 INFO  Post /login 
14:16:40.179 INFO  User login: qwe@gmail.com 
14:16:40.365 INFO  Post /login 
14:16:40.381 INFO  User login: qwe@gmail.com 
14:16:40.401 INFO  Post /login 
14:16:40.417 INFO  User login: qwe@gmail.com 
14:16:40.457 INFO  Post /login 
14:16:40.475 INFO  User login: qwe@gmail.com 
14:16:40.502 INFO  Post /login 
14:16:40.517 INFO  User login: qwe@gmail.com 
14:16:40.548 INFO  Post /login 
14:16:40.564 INFO  User login: qwe@gmail.com 
14:16:40.580 INFO  Post /login 
14:16:40.602 INFO  User login: qwe@gmail.com 
14:16:40.617 INFO  Post /login 
14:16:40.654 INFO  User login: qwe@gmail.com 
14:16:40.676 INFO  Post /login 
14:16:40.676 INFO  User login: qwe@gmail.com 
14:16:40.702 INFO  Post /login 
14:16:40.733 INFO  User login: qwe@gmail.com 
14:16:40.760 INFO  Post /login 
14:16:40.767 INFO  User login: qwe@gmail.com 
14:16:40.792 INFO  Post /login 
14:16:40.818 INFO  User login: qwe@gmail.com 
14:16:40.892 INFO  Post /login 
14:16:40.918 INFO  User login: qwe@gmail.com 
14:16:40.933 INFO  Post /login 
14:16:40.965 INFO  User login: qwe@gmail.com 
14:16:40.980 INFO  /common/course/getClassByCourseID:  
14:16:41.027 INFO  Post /login 
14:16:41.033 INFO  User login: qwe@gmail.com 
14:16:41.057 INFO  Post /login 
14:16:41.067 INFO  User login: qwe@gmail.com 
14:16:41.091 INFO  Post /login 
14:16:41.118 INFO  User login: qwe@gmail.com 
14:16:41.134 INFO  /common/course/getClassByCourseID:  
14:16:41.149 INFO  Post /login 
14:16:41.165 INFO  User login: qwe@gmail.com 
14:16:41.181 INFO  Post /login 
14:16:41.203 INFO  User login: qwe@gmail.com 
14:16:41.218 INFO  Post /login 
14:16:41.242 INFO  User login: qwe@gmail.com 
14:16:41.266 INFO  Post /login 
14:16:41.274 INFO  User login: qwe@gmail.com 
14:16:41.292 INFO  Post /login 
14:16:41.303 INFO  User login: qwe@gmail.com 
14:16:41.473 INFO  Post /login 
14:16:41.475 INFO  User login: qwe@gmail.com 
14:16:41.519 INFO  Post /login 
14:16:41.600 INFO  User login: qwe@gmail.com 
14:16:41.643 INFO  Post /login 
14:16:41.669 INFO  User login failed. 
14:16:41.675 INFO  Post /login 
14:16:41.675 INFO  User login: s3595082@rmit.edu.vn 
14:16:41.703 INFO  Post /login 
14:16:41.719 INFO  User login failed. 
14:16:41.735 INFO  Post /login 
14:16:41.750 INFO  User login failed. 
14:16:41.750 INFO  Post /login 
14:16:41.766 INFO  User login: nam@gmail.com 
14:16:41.782 INFO  Post /login 
14:16:41.804 INFO  User login failed. 
14:16:41.804 INFO  Post /login 
14:16:41.819 INFO  User login failed. 
14:16:41.819 INFO  Post /login 
14:16:41.843 INFO  User login failed. 
14:16:41.854 INFO  Post /login 
14:16:41.863 INFO  User login failed. 
14:16:41.868 INFO  Post /login 
14:16:41.877 INFO  User login failed. 
14:16:41.892 INFO  Post /login 
14:16:41.904 INFO  User login failed. 
14:16:41.904 INFO  Post /login 
14:16:41.919 INFO  User login failed. 
14:16:41.919 INFO  GET /logout 
14:16:41.935 INFO  Post /login 
14:16:41.951 INFO  User login: qwe@gmail.com 
14:16:41.998 INFO  Post /login 
14:16:42.028 INFO  User login: qwe@gmail.com 
14:16:42.505 INFO  Post /login 
14:16:42.505 INFO  User login: qwe@gmail.com 
14:16:43.004 INFO  Post /login 
14:16:43.015 INFO  User login: qwe@gmail.com 
14:16:43.261 INFO  Post /login 
14:16:43.291 INFO  User login: qwe@gmail.com 
14:16:43.858 INFO  Post /login 
14:16:43.866 INFO  User login: qwe@gmail.com 
14:16:44.173 INFO  Post /login 
14:16:44.188 INFO  User login: qwe@gmail.com 
14:16:44.475 INFO  Post /login 
14:16:44.491 INFO  User login: qwe@gmail.com 
14:16:44.668 INFO  Post /login 
14:16:44.745 INFO  User login: qwe@gmail.com 
14:16:44.775 INFO  Post /login 
14:16:44.811 INFO  User login: qwe@gmail.com 
14:16:44.851 INFO  Post /login 
14:16:44.861 INFO  User login: qwe@gmail.com 
14:16:44.875 INFO  Post /login 
14:16:44.875 INFO  User login: qwe@gmail.com 
14:16:44.900 INFO  Post /login 
14:16:44.911 INFO  User login: qwe@gmail.com 
14:16:44.942 INFO  Post /login 
14:16:44.958 INFO  User login: qwe@gmail.com 
14:16:44.974 INFO  Post /login 
14:16:44.997 INFO  User login: qwe@gmail.com 
14:16:45.023 INFO  Post /login 
14:16:45.031 INFO  User login: qwe@gmail.com 
14:16:45.058 INFO  Post /login 
14:16:45.066 INFO  User login: qwe@gmail.com 
14:16:45.327 INFO  Post /login 
14:16:45.346 INFO  User login: qwe@gmail.com 
14:16:45.807 INFO  Post /login 
14:16:45.813 INFO  User login: qwe@gmail.com 
14:16:45.945 INFO  Post /login 
14:16:45.960 INFO  User login: qwe@gmail.com 
14:16:46.161 INFO  Post /login 
14:16:46.176 INFO  User login: qwe@gmail.com 
14:16:46.214 INFO  Post /login 
14:16:46.230 INFO  User login: qwe@gmail.com 
14:16:46.265 INFO  Post /login 
14:16:46.275 INFO  User login: qwe@gmail.com 
14:16:46.314 INFO  Post /login 
14:16:46.314 INFO  User login: qwe@gmail.com 
14:16:46.346 INFO  Post /login 
14:16:46.356 INFO  User login: qwe@gmail.com 
14:16:46.414 INFO  Post /login 
14:16:46.430 INFO  User login: qwe@gmail.com 
14:16:46.508 INFO  Post /login 
14:16:46.530 INFO  User login: qwe@gmail.com 
14:16:46.614 INFO  Post /login 
14:16:46.630 INFO  User login: qwe@gmail.com 
14:16:46.706 INFO  Post /login 
14:16:46.746 INFO  User login: qwe@gmail.com 
14:16:46.873 INFO  Post /login 
14:16:46.930 INFO  User login: qwe@gmail.com 
14:16:47.231 INFO  Post /login 
14:16:47.306 INFO  User login: qwe@gmail.com 
14:16:47.616 INFO  Post /login 
14:16:47.632 INFO  User login: qwe@gmail.com 
14:16:47.979 INFO  Post /login 
14:16:47.995 INFO  User login: qwe@gmail.com 
14:16:48.179 INFO  Post /login 
14:16:48.195 INFO  User login: qwe@gmail.com 
14:16:48.307 INFO  Post /login 
14:16:48.340 INFO  User login: qwe@gmail.com 
14:16:48.633 INFO  Post /login 
14:16:48.656 INFO  User login: qwe@gmail.com 
14:16:48.934 INFO  Post /login 
14:16:48.950 INFO  User login: qwe@gmail.com 
14:16:49.275 INFO  Post /login 
14:16:49.291 INFO  User login: qwe@gmail.com 
14:16:49.875 INFO  Post /login 
14:16:49.891 INFO  User login: qwe@gmail.com 
14:16:50.068 INFO  Post /login 
14:16:50.076 INFO  User login: qwe@gmail.com 
14:16:50.168 INFO  Post /login 
14:16:50.183 INFO  User login: qwe@gmail.com 
14:16:50.275 INFO  Post /login 
14:16:50.291 INFO  User login: qwe@gmail.com 
14:16:50.356 INFO  Post /login 
14:16:50.372 INFO  User login: qwe@gmail.com 
14:16:50.428 INFO  Post /login 
14:16:50.435 INFO  User login: qwe@gmail.com 
14:16:50.476 INFO  Post /login 
14:16:50.476 INFO  User login: qwe@gmail.com 
14:16:50.508 INFO  Post /login 
14:16:50.515 INFO  User login: qwe@gmail.com 
14:16:50.541 INFO  Post /login 
14:16:50.542 INFO  User login: qwe@gmail.com 
14:16:50.574 INFO  Post /login 
14:16:50.574 INFO  User login: qwe@gmail.com 
14:16:50.605 INFO  Post /login 
14:16:50.621 INFO  User login: qwe@gmail.com 
14:16:50.645 INFO  Post /login 
14:16:50.652 INFO  User login: qwe@gmail.com 
14:16:50.691 INFO  Post /login 
14:16:50.707 INFO  User login: qwe@gmail.com 
14:16:50.737 INFO  Post /login 
14:16:50.760 INFO  User login: qwe@gmail.com 
14:16:50.776 INFO  Post /login 
14:16:50.791 INFO  User login: qwe@gmail.com 
14:16:50.807 INFO  Post /login 
14:16:50.821 INFO  User login: qwe@gmail.com 
14:16:50.848 INFO  Post /login 
14:16:50.855 INFO  User login: qwe@gmail.com 
14:16:50.875 INFO  Post /login 
14:16:50.890 INFO  User login: qwe@gmail.com 
14:16:50.922 INFO  Post /login 
14:16:50.937 INFO  User login: qwe@gmail.com 
14:16:50.953 INFO  Post /login 
14:16:50.968 INFO  User login: qwe@gmail.com 
14:16:51.007 INFO  Post /login 
14:16:51.026 INFO  User login: qwe@gmail.com 
14:16:51.053 INFO  Post /login 
14:16:51.060 INFO  User login: qwe@gmail.com 
14:16:51.269 INFO  Post /login 
14:16:51.277 INFO  User login: qwe@gmail.com 
14:16:51.557 INFO  Post /login 
14:16:51.557 INFO  User login: qwe@gmail.com 
14:16:51.788 INFO  Post /login 
14:16:51.804 INFO  User login: qwe@gmail.com 
14:16:51.942 INFO  Post /login 
14:16:51.958 INFO  User login: qwe@gmail.com 
14:16:52.065 INFO  Post /login 
14:16:52.074 INFO  User login: qwe@gmail.com 
14:16:52.159 INFO  Post /login 
14:16:52.221 INFO  User login: qwe@gmail.com 
14:16:52.343 INFO  Post /login 
14:16:52.359 INFO  User login: qwe@gmail.com 
14:16:52.528 INFO  Post /login 
14:16:52.543 INFO  User login: qwe@gmail.com 
14:16:52.559 INFO  Post /login 
14:16:52.575 INFO  User login: qwe@gmail.com 
14:16:52.590 INFO  Post /login 
14:16:52.606 INFO  User login: qwe@gmail.com 
14:28:57.977 INFO  Post /login 
14:28:58.077 INFO  User login: qwe@gmail.com 
14:28:58.161 INFO  Post /login 
14:28:58.161 INFO  User login: qwe@gmail.com 
14:28:58.442 INFO  Post /login 
14:28:58.463 INFO  User login: qwe@gmail.com 
14:28:58.548 INFO  Post /login 
14:28:58.563 INFO  User login: qwe@gmail.com 
14:28:58.748 INFO  Post /login 
14:28:58.795 INFO  User login: qwe@gmail.com 
14:28:58.864 INFO  Post /login 
14:28:58.880 INFO  User login: qwe@gmail.com 
14:28:58.996 INFO  Post /login 
14:28:59.081 INFO  User login: qwe@gmail.com 
14:28:59.127 INFO  Post /login 
14:28:59.150 INFO  User login: qwe@gmail.com 
14:28:59.184 INFO  Post /login 
14:28:59.200 INFO  User login: qwe@gmail.com 
14:28:59.265 INFO  Post /login 
14:28:59.380 INFO  User login: qwe@gmail.com 
14:28:59.411 INFO  /admin/courses/addTrainingProgram: Add Training Program :test create name of new training program 
14:28:59.582 INFO  Post /login 
14:28:59.667 INFO  User login: qwe@gmail.com 
14:28:59.682 INFO  /admin/courses/addTrainingProgram: Add Training Program :Linux Programming 
14:28:59.698 INFO  Post /login 
14:28:59.698 INFO  User login: qwe@gmail.com 
14:28:59.714 INFO  /admin/updateTrainingProgram: Update Training Program :undefined 
14:28:59.898 INFO  Post /login 
14:28:59.914 INFO  User login: qwe@gmail.com 
14:29:00.030 INFO  /admin/updateTrainingProgram: Update Training Program :undefined 
14:29:00.030 INFO  Post /login 
14:29:00.052 INFO  User login: qwe@gmail.com 
14:29:00.068 INFO  Get Delete Command 
14:29:00.253 INFO  Post /login 
14:29:00.268 INFO  User login: qwe@gmail.com 
14:29:00.300 INFO  Get Delete Command 
14:29:00.315 INFO  Post /login 
14:29:00.339 INFO  User login: qwe@gmail.com 
14:29:00.356 INFO  Post /login 
14:29:00.387 INFO  User login: qwe@gmail.com 
14:29:00.418 INFO  Post /login 
14:29:00.438 INFO  User login: qwe@gmail.com 
14:29:00.462 INFO  Post /login 
14:29:00.474 INFO  User login: qwe@gmail.com 
14:29:01.033 INFO  Post /login 
14:29:01.033 INFO  User login: qwe@gmail.com 
14:29:01.919 INFO  Post /login 
14:29:01.935 INFO  User login: qwe@gmail.com 
14:29:02.891 INFO  Post /login 
14:29:02.922 INFO  User login: qwe@gmail.com 
14:29:03.207 INFO  /admin/updateClass: update Class :undefined 
14:29:03.474 INFO  Post /login 
14:29:03.474 INFO  User login: qwe@gmail.com 
14:29:04.263 INFO  Post /login 
14:29:04.278 INFO  User login: qwe@gmail.com 
14:29:04.343 INFO  Post /login 
14:29:04.351 INFO  User login: qwe@gmail.com 
14:29:04.378 INFO  Post /login 
14:29:04.410 INFO  User login: qwe@gmail.com 
14:29:04.964 INFO  Post /login 
14:29:04.980 INFO  User login: qwe@gmail.com 
14:29:05.716 INFO  Post /login 
14:29:05.731 INFO  User login: qwe@gmail.com 
14:29:05.800 INFO  Post /login 
14:29:05.800 INFO  User login: qwe@gmail.com 
14:29:05.832 INFO  Post /login 
14:29:05.847 INFO  User login: qwe@gmail.com 
14:29:05.885 INFO  Post /login 
14:29:05.905 INFO  User login: qwe@gmail.com 
14:29:05.936 INFO  Post /login 
14:29:05.952 INFO  User login: qwe@gmail.com 
14:29:05.985 INFO  Post /login 
14:29:06.016 INFO  User login: qwe@gmail.com 
14:29:06.032 INFO  Post /login 
14:29:06.048 INFO  User login: qwe@gmail.com 
14:29:06.070 INFO  Post /login 
14:29:06.086 INFO  User login: qwe@gmail.com 
14:29:06.117 INFO  Post /login 
14:29:06.132 INFO  User login: qwe@gmail.com 
14:29:06.148 INFO  Post /login 
14:29:06.164 INFO  User login: qwe@gmail.com 
14:29:06.186 INFO  Post /login 
14:29:06.217 INFO  User login: qwe@gmail.com 
14:29:06.233 INFO  Post /login 
14:29:06.270 INFO  User login: qwe@gmail.com 
14:29:06.286 INFO  Post /login 
14:29:06.317 INFO  User login: qwe@gmail.com 
14:29:06.353 INFO  Post /login 
14:29:06.359 INFO  User login: qwe@gmail.com 
14:29:06.370 INFO  /common/course/getClassByCourseID:  
14:29:06.417 INFO  Post /login 
14:29:06.433 INFO  User login: qwe@gmail.com 
14:29:06.537 INFO  Post /login 
14:29:06.552 INFO  User login: qwe@gmail.com 
14:29:06.571 INFO  Post /login 
14:29:06.586 INFO  User login: qwe@gmail.com 
14:29:06.602 INFO  /common/course/getClassByCourseID:  
14:29:06.617 INFO  Post /login 
14:29:06.664 INFO  User login: qwe@gmail.com 
14:29:06.687 INFO  Post /login 
14:29:06.687 INFO  User login: qwe@gmail.com 
14:29:06.718 INFO  Post /login 
14:29:06.733 INFO  User login: qwe@gmail.com 
14:29:06.749 INFO  Post /login 
14:29:06.771 INFO  User login: qwe@gmail.com 
14:29:06.787 INFO  Post /login 
14:29:06.802 INFO  User login: qwe@gmail.com 
14:29:06.940 INFO  Post /login 
14:29:06.946 INFO  User login: qwe@gmail.com 
14:29:06.976 INFO  Post /login 
14:29:06.986 INFO  User login: qwe@gmail.com 
14:29:07.006 INFO  Post /login 
14:29:07.046 INFO  User login failed. 
14:29:07.046 INFO  Post /login 
14:29:07.056 INFO  User login: s3595082@rmit.edu.vn 
14:29:07.076 INFO  Post /login 
14:29:07.086 INFO  User login failed. 
14:29:07.095 INFO  Post /login 
14:29:07.116 INFO  User login failed. 
14:29:07.116 INFO  Post /login 
14:29:07.145 INFO  User login: nam@gmail.com 
14:29:07.145 INFO  Post /login 
14:29:07.157 INFO  User login failed. 
14:29:07.166 INFO  Post /login 
14:29:07.186 INFO  User login failed. 
14:29:07.196 INFO  Post /login 
14:29:07.206 INFO  User login failed. 
14:29:07.216 INFO  Post /login 
14:29:07.257 INFO  User login failed. 
14:29:07.257 INFO  Post /login 
14:29:07.276 INFO  User login failed. 
14:29:07.276 INFO  Post /login 
14:29:07.295 INFO  User login failed. 
14:29:07.295 INFO  Post /login 
14:29:07.306 INFO  User login failed. 
14:29:07.316 INFO  GET /logout 
14:29:07.316 INFO  Post /login 
14:29:07.376 INFO  User login: qwe@gmail.com 
14:29:07.415 INFO  Post /login 
14:29:07.425 INFO  User login: qwe@gmail.com 
14:29:07.958 INFO  Post /login 
14:29:07.958 INFO  User login: qwe@gmail.com 
14:29:08.476 INFO  Post /login 
14:29:08.476 INFO  User login: qwe@gmail.com 
14:29:08.791 INFO  Post /login 
14:29:08.806 INFO  User login: qwe@gmail.com 
14:29:09.361 INFO  Post /login 
14:29:09.370 INFO  User login: qwe@gmail.com 
14:29:09.762 INFO  Post /login 
14:29:09.778 INFO  User login: qwe@gmail.com 
14:29:10.103 INFO  Post /login 
14:29:10.103 INFO  User login: qwe@gmail.com 
14:29:10.264 INFO  Post /login 
14:29:10.288 INFO  User login: qwe@gmail.com 
14:29:10.366 INFO  Post /login 
14:29:10.382 INFO  User login: qwe@gmail.com 
14:29:10.413 INFO  Post /login 
14:29:10.413 INFO  User login: qwe@gmail.com 
14:29:10.429 INFO  Post /login 
14:29:10.453 INFO  User login: qwe@gmail.com 
14:29:10.474 INFO  Post /login 
14:29:10.490 INFO  User login: qwe@gmail.com 
14:29:10.521 INFO  Post /login 
14:29:10.544 INFO  User login: qwe@gmail.com 
14:29:10.565 INFO  Post /login 
14:29:10.581 INFO  User login: qwe@gmail.com 
14:29:10.597 INFO  Post /login 
14:29:10.612 INFO  User login: qwe@gmail.com 
14:29:10.643 INFO  Post /login 
14:29:10.666 INFO  User login: qwe@gmail.com 
14:29:10.966 INFO  Post /login 
14:29:10.982 INFO  User login: qwe@gmail.com 
14:29:11.344 INFO  Post /login 
14:29:11.354 INFO  User login: qwe@gmail.com 
14:29:11.537 INFO  Post /login 
14:29:11.553 INFO  User login: qwe@gmail.com 
14:29:11.816 INFO  Post /login 
14:29:11.848 INFO  User login: qwe@gmail.com 
14:29:11.870 INFO  Post /login 
14:29:11.905 INFO  User login: qwe@gmail.com 
14:29:11.936 INFO  Post /login 
14:29:11.951 INFO  User login: qwe@gmail.com 
14:29:11.986 INFO  Post /login 
14:29:11.986 INFO  User login: qwe@gmail.com 
14:29:12.017 INFO  Post /login 
14:29:12.048 INFO  User login: qwe@gmail.com 
14:29:12.117 INFO  Post /login 
14:29:12.164 INFO  User login: qwe@gmail.com 
14:29:12.249 INFO  Post /login 
14:29:12.271 INFO  User login: qwe@gmail.com 
14:29:12.345 INFO  Post /login 
14:29:12.356 INFO  User login: qwe@gmail.com 
14:29:12.433 INFO  Post /login 
14:29:12.466 INFO  User login: qwe@gmail.com 
14:29:12.522 INFO  Post /login 
14:29:12.538 INFO  User login: qwe@gmail.com 
14:29:12.772 INFO  Post /login 
14:29:12.772 INFO  User login: qwe@gmail.com 
14:29:13.189 INFO  Post /login 
14:29:13.204 INFO  User login: qwe@gmail.com 
14:29:13.491 INFO  Post /login 
14:29:13.507 INFO  User login: qwe@gmail.com 
14:29:13.769 INFO  Post /login 
14:29:13.791 INFO  User login: qwe@gmail.com 
14:29:13.922 INFO  Post /login 
14:29:13.954 INFO  User login: qwe@gmail.com 
14:29:14.270 INFO  Post /login 
14:29:14.276 INFO  User login: qwe@gmail.com 
14:29:14.539 INFO  Post /login 
14:29:14.539 INFO  User login: qwe@gmail.com 
14:29:15.194 INFO  Post /login 
14:29:15.209 INFO  User login: qwe@gmail.com 
14:29:15.694 INFO  Post /login 
14:29:15.694 INFO  User login: qwe@gmail.com 
14:29:15.842 INFO  Post /login 
14:29:15.842 INFO  User login: qwe@gmail.com 
14:29:15.942 INFO  Post /login 
14:29:15.957 INFO  User login: qwe@gmail.com 
14:29:16.058 INFO  Post /login 
14:29:16.073 INFO  User login: qwe@gmail.com 
14:29:16.111 INFO  Post /login 
14:29:16.127 INFO  User login: qwe@gmail.com 
14:29:16.180 INFO  Post /login 
14:29:16.180 INFO  User login: qwe@gmail.com 
14:29:16.227 INFO  Post /login 
14:29:16.243 INFO  User login: qwe@gmail.com 
14:29:16.280 INFO  Post /login 
14:29:16.280 INFO  User login: qwe@gmail.com 
14:29:16.312 INFO  Post /login 
14:29:16.312 INFO  User login: qwe@gmail.com 
14:29:16.348 INFO  Post /login 
14:29:16.396 INFO  User login: qwe@gmail.com 
14:29:16.495 INFO  Post /login 
14:29:16.510 INFO  User login: qwe@gmail.com 
14:29:16.541 INFO  Post /login 
14:29:16.573 INFO  User login: qwe@gmail.com 
14:29:16.639 INFO  Post /login 
14:29:16.655 INFO  User login: qwe@gmail.com 
14:29:16.681 INFO  Post /login 
14:29:16.697 INFO  User login: qwe@gmail.com 
14:29:16.712 INFO  Post /login 
14:29:16.728 INFO  User login: qwe@gmail.com 
14:29:16.744 INFO  Post /login 
14:29:16.775 INFO  User login: qwe@gmail.com 
14:29:16.797 INFO  Post /login 
14:29:16.813 INFO  User login: qwe@gmail.com 
14:29:16.828 INFO  Post /login 
14:29:16.859 INFO  User login: qwe@gmail.com 
14:29:16.882 INFO  Post /login 
14:29:16.897 INFO  User login: qwe@gmail.com 
14:29:16.913 INFO  Post /login 
14:29:16.928 INFO  User login: qwe@gmail.com 
14:29:16.960 INFO  Post /login 
14:29:16.982 INFO  User login: qwe@gmail.com 
14:29:16.998 INFO  Post /login 
14:29:17.013 INFO  User login: qwe@gmail.com 
14:29:17.245 INFO  Post /login 
14:29:17.276 INFO  User login: qwe@gmail.com 
14:29:17.430 INFO  Post /login 
14:29:17.451 INFO  User login: qwe@gmail.com 
14:29:17.699 INFO  Post /login 
14:29:17.715 INFO  User login: qwe@gmail.com 
14:29:17.878 INFO  Post /login 
14:29:17.884 INFO  User login: qwe@gmail.com 
14:29:17.984 INFO  Post /login 
14:29:18.000 INFO  User login: qwe@gmail.com 
14:29:18.085 INFO  Post /login 
14:29:18.100 INFO  User login: qwe@gmail.com 
14:29:18.201 INFO  Post /login 
14:29:18.216 INFO  User login: qwe@gmail.com 
14:29:18.355 INFO  Post /login 
14:29:18.371 INFO  User login: qwe@gmail.com 
14:29:18.401 INFO  Post /login 
14:29:18.401 INFO  User login: qwe@gmail.com 
14:29:18.445 INFO  Post /login 
14:29:18.456 INFO  User login: qwe@gmail.com 
14:32:34.805 INFO  Post /login 
14:32:34.858 INFO  User login: qwe@gmail.com 
14:32:34.942 INFO  Post /login 
14:32:34.958 INFO  User login: qwe@gmail.com 
14:32:35.193 INFO  Post /login 
14:32:35.209 INFO  User login: qwe@gmail.com 
14:32:35.278 INFO  Post /login 
14:32:35.309 INFO  User login: qwe@gmail.com 
14:32:35.507 INFO  Post /login 
14:32:35.523 INFO  User login: qwe@gmail.com 
14:32:35.610 INFO  Post /login 
14:32:35.626 INFO  User login: qwe@gmail.com 
14:32:35.742 INFO  Post /login 
14:32:35.748 INFO  User login: qwe@gmail.com 
14:32:35.826 INFO  Post /login 
14:32:35.848 INFO  User login: qwe@gmail.com 
14:32:35.864 INFO  Post /login 
14:32:35.880 INFO  User login: qwe@gmail.com 
14:32:35.948 INFO  Post /login 
14:32:35.964 INFO  User login: qwe@gmail.com 
14:32:35.979 INFO  /admin/courses/addTrainingProgram: Add Training Program :test create name of new training program 
14:32:36.095 INFO  Post /login 
14:32:36.095 INFO  User login: qwe@gmail.com 
14:32:36.196 INFO  /admin/courses/addTrainingProgram: Add Training Program :Linux Programming 
14:32:36.211 INFO  Post /login 
14:32:36.227 INFO  User login: qwe@gmail.com 
14:32:36.249 INFO  /admin/updateTrainingProgram: Update Training Program :undefined 
14:32:36.538 INFO  Post /login 
14:32:36.551 INFO  User login: qwe@gmail.com 
14:32:36.751 INFO  /admin/updateTrainingProgram: Update Training Program :undefined 
14:32:36.767 INFO  Post /login 
14:32:36.783 INFO  User login: qwe@gmail.com 
14:32:36.814 INFO  Get Delete Command 
14:32:36.983 INFO  Post /login 
14:32:37.015 INFO  User login: qwe@gmail.com 
14:32:37.046 INFO  Get Delete Command 
14:32:37.052 INFO  Post /login 
14:32:37.071 INFO  User login: qwe@gmail.com 
14:32:37.102 INFO  Post /login 
14:32:37.117 INFO  User login: qwe@gmail.com 
14:32:37.152 INFO  Post /login 
14:32:37.168 INFO  User login: qwe@gmail.com 
14:32:37.199 INFO  Post /login 
14:32:37.252 INFO  User login: qwe@gmail.com 
14:32:37.784 INFO  Post /login 
14:32:37.800 INFO  User login: qwe@gmail.com 
14:32:38.733 INFO  Post /login 
14:32:38.733 INFO  User login: qwe@gmail.com 
14:32:39.506 INFO  Post /login 
14:32:39.521 INFO  User login: qwe@gmail.com 
14:32:39.937 INFO  /admin/updateClass: update Class :undefined 
14:32:40.107 INFO  Post /login 
14:32:40.153 INFO  User login: qwe@gmail.com 
14:32:40.723 INFO  Post /login 
14:32:40.739 INFO  User login: qwe@gmail.com 
14:32:40.800 INFO  Post /login 
14:32:40.816 INFO  User login: qwe@gmail.com 
14:32:40.847 INFO  Post /login 
14:32:40.847 INFO  User login: qwe@gmail.com 
14:32:41.742 INFO  Post /login 
14:32:41.764 INFO  User login: qwe@gmail.com 
14:32:42.445 INFO  Post /login 
14:32:42.491 INFO  User login: qwe@gmail.com 
14:32:42.538 INFO  Post /login 
14:32:42.557 INFO  User login: qwe@gmail.com 
14:32:42.582 INFO  Post /login 
14:32:42.613 INFO  User login: qwe@gmail.com 
14:32:42.644 INFO  Post /login 
14:32:42.644 INFO  User login: qwe@gmail.com 
14:32:42.667 INFO  Post /login 
14:32:42.714 INFO  User login: qwe@gmail.com 
14:32:42.745 INFO  Post /login 
14:32:42.760 INFO  User login: qwe@gmail.com 
14:32:42.783 INFO  Post /login 
14:32:42.798 INFO  User login: qwe@gmail.com 
14:32:42.829 INFO  Post /login 
14:32:42.845 INFO  User login: qwe@gmail.com 
14:32:42.867 INFO  Post /login 
14:32:42.945 INFO  User login: qwe@gmail.com 
14:32:42.983 INFO  Post /login 
14:32:43.014 INFO  User login: qwe@gmail.com 
14:32:43.046 INFO  Post /login 
14:32:43.061 INFO  User login: qwe@gmail.com 
14:32:43.083 INFO  Post /login 
14:32:43.099 INFO  User login: qwe@gmail.com 
14:32:43.115 INFO  Post /login 
14:32:43.130 INFO  User login: qwe@gmail.com 
14:32:43.146 INFO  Post /login 
14:32:43.161 INFO  User login: qwe@gmail.com 
14:32:43.199 INFO  /common/course/getClassByCourseID:  
14:32:43.230 INFO  Post /login 
14:32:43.246 INFO  User login: qwe@gmail.com 
14:32:43.268 INFO  Post /login 
14:32:43.268 INFO  User login: qwe@gmail.com 
14:32:43.299 INFO  Post /login 
14:32:43.315 INFO  User login: qwe@gmail.com 
14:32:43.331 INFO  /common/course/getClassByCourseID:  
14:32:43.360 INFO  Post /login 
14:32:43.369 INFO  User login: qwe@gmail.com 
14:32:43.392 INFO  Post /login 
14:32:43.408 INFO  User login: qwe@gmail.com 
14:32:43.424 INFO  Post /login 
14:32:43.442 INFO  User login: qwe@gmail.com 
14:32:43.467 INFO  Post /login 
14:32:43.490 INFO  User login: qwe@gmail.com 
14:32:43.553 INFO  Post /login 
14:32:43.569 INFO  User login: qwe@gmail.com 
14:32:43.685 INFO  Post /login 
14:32:43.748 INFO  User login: qwe@gmail.com 
14:32:43.805 INFO  Post /login 
14:32:43.821 INFO  User login: qwe@gmail.com 
14:32:43.852 INFO  Post /login 
14:32:43.870 INFO  User login failed. 
14:32:43.886 INFO  Post /login 
14:32:43.886 INFO  User login: s3595082@rmit.edu.vn 
14:32:43.917 INFO  Post /login 
14:32:43.933 INFO  User login failed. 
14:32:43.933 INFO  Post /login 
14:32:43.948 INFO  User login failed. 
14:32:43.964 INFO  Post /login 
14:32:43.970 INFO  User login: nam@gmail.com 
14:32:43.986 INFO  Post /login 
14:32:44.017 INFO  User login failed. 
14:32:44.033 INFO  Post /login 
14:32:44.033 INFO  User login failed. 
14:32:44.049 INFO  Post /login 
14:32:44.049 INFO  User login failed. 
14:32:44.071 INFO  Post /login 
14:32:44.086 INFO  User login failed. 
14:32:44.102 INFO  Post /login 
14:32:44.118 INFO  User login failed. 
14:32:44.133 INFO  Post /login 
14:32:44.149 INFO  User login failed. 
14:32:44.149 INFO  Post /login 
14:32:44.164 INFO  User login failed. 
14:32:44.171 INFO  GET /logout 
14:32:44.171 INFO  Post /login 
14:32:44.171 INFO  User login: qwe@gmail.com 
14:32:44.202 INFO  Post /login 
14:32:44.218 INFO  User login: qwe@gmail.com 
14:32:44.672 INFO  Post /login 
14:32:44.703 INFO  User login: qwe@gmail.com 
14:32:45.166 INFO  Post /login 
14:32:45.235 INFO  User login: qwe@gmail.com 
14:32:45.420 INFO  Post /login 
14:32:45.475 INFO  User login: qwe@gmail.com 
14:32:45.805 INFO  Post /login 
14:32:45.837 INFO  User login: qwe@gmail.com 
14:32:46.175 INFO  Post /login 
14:32:46.175 INFO  User login: qwe@gmail.com 
14:32:46.575 INFO  Post /login 
14:32:46.575 INFO  User login: qwe@gmail.com 
14:32:46.769 INFO  Post /login 
14:32:46.791 INFO  User login: qwe@gmail.com 
14:32:46.879 INFO  Post /login 
14:32:46.885 INFO  User login: qwe@gmail.com 
14:32:46.916 INFO  Post /login 
14:32:46.916 INFO  User login: qwe@gmail.com 
14:32:46.932 INFO  Post /login 
14:32:46.947 INFO  User login: qwe@gmail.com 
14:32:46.976 INFO  Post /login 
14:32:46.992 INFO  User login: qwe@gmail.com 
14:32:47.023 INFO  Post /login 
14:32:47.054 INFO  User login: qwe@gmail.com 
14:32:47.108 INFO  Post /login 
14:32:47.123 INFO  User login: qwe@gmail.com 
14:32:47.155 INFO  Post /login 
14:32:47.155 INFO  User login: qwe@gmail.com 
14:32:47.192 INFO  Post /login 
14:32:47.208 INFO  User login: qwe@gmail.com 
14:32:47.477 INFO  Post /login 
14:32:47.508 INFO  User login: qwe@gmail.com 
14:32:47.825 INFO  Post /login 
14:32:47.872 INFO  User login: qwe@gmail.com 
14:32:47.979 INFO  Post /login 
14:32:48.026 INFO  User login: qwe@gmail.com 
14:32:48.326 INFO  Post /login 
14:32:48.342 INFO  User login: qwe@gmail.com 
14:32:48.379 INFO  Post /login 
14:32:48.449 INFO  User login: qwe@gmail.com 
14:32:48.511 INFO  Post /login 
14:32:48.526 INFO  User login: qwe@gmail.com 
14:32:48.558 INFO  Post /login 
14:32:48.580 INFO  User login: qwe@gmail.com 
14:32:48.595 INFO  Post /login 
14:32:48.627 INFO  User login: qwe@gmail.com 
14:32:48.680 INFO  Post /login 
14:32:48.696 INFO  User login: qwe@gmail.com 
14:32:48.768 INFO  Post /login 
14:32:48.774 INFO  User login: qwe@gmail.com 
14:32:48.843 INFO  Post /login 
14:32:48.874 INFO  User login: qwe@gmail.com 
14:32:48.943 INFO  Post /login 
14:32:48.959 INFO  User login: qwe@gmail.com 
14:32:49.028 INFO  Post /login 
14:32:49.044 INFO  User login: qwe@gmail.com 
14:32:49.297 INFO  Post /login 
14:32:49.313 INFO  User login: qwe@gmail.com 
14:32:49.745 INFO  Post /login 
14:32:49.760 INFO  User login: qwe@gmail.com 
14:32:50.099 INFO  Post /login 
14:32:50.115 INFO  User login: qwe@gmail.com 
14:32:50.354 INFO  Post /login 
14:32:50.373 INFO  User login: qwe@gmail.com 
14:32:50.477 INFO  Post /login 
14:32:50.484 INFO  User login: qwe@gmail.com 
14:32:50.800 INFO  Post /login 
14:32:50.816 INFO  User login: qwe@gmail.com 
14:32:51.048 INFO  Post /login 
14:32:51.085 INFO  User login: qwe@gmail.com 
14:32:51.410 INFO  Post /login 
14:32:51.418 INFO  User login: qwe@gmail.com 
14:32:52.019 INFO  Post /login 
14:32:52.035 INFO  User login: qwe@gmail.com 
14:32:52.188 INFO  Post /login 
14:32:52.204 INFO  User login: qwe@gmail.com 
14:32:52.304 INFO  Post /login 
14:32:52.320 INFO  User login: qwe@gmail.com 
14:32:52.438 INFO  Post /login 
14:32:52.449 INFO  User login: qwe@gmail.com 
14:32:52.476 INFO  Post /login 
14:32:52.520 INFO  User login: qwe@gmail.com 
14:32:52.569 INFO  Post /login 
14:32:52.589 INFO  User login: qwe@gmail.com 
14:32:52.636 INFO  Post /login 
14:32:52.651 INFO  User login: qwe@gmail.com 
14:32:52.683 INFO  Post /login 
14:32:52.689 INFO  User login: qwe@gmail.com 
14:32:52.705 INFO  Post /login 
14:32:52.720 INFO  User login: qwe@gmail.com 
14:32:52.736 INFO  Post /login 
14:32:52.752 INFO  User login: qwe@gmail.com 
14:32:52.783 INFO  Post /login 
14:32:52.821 INFO  User login: qwe@gmail.com 
14:32:52.868 INFO  Post /login 
14:32:52.890 INFO  User login: qwe@gmail.com 
14:32:52.937 INFO  Post /login 
14:32:52.952 INFO  User login: qwe@gmail.com 
14:32:52.968 INFO  Post /login 
14:32:52.984 INFO  User login: qwe@gmail.com 
14:32:53.006 INFO  Post /login 
14:32:53.021 INFO  User login: qwe@gmail.com 
14:32:53.053 INFO  Post /login 
14:32:53.068 INFO  User login: qwe@gmail.com 
14:32:53.090 INFO  Post /login 
14:32:53.090 INFO  User login: qwe@gmail.com 
14:32:53.122 INFO  Post /login 
14:32:53.168 INFO  User login: qwe@gmail.com 
14:32:53.237 INFO  Post /login 
14:32:53.253 INFO  User login: qwe@gmail.com 
14:32:53.291 INFO  Post /login 
14:32:53.291 INFO  User login: qwe@gmail.com 
14:32:53.322 INFO  Post /login 
14:32:53.338 INFO  User login: qwe@gmail.com 
14:32:53.355 INFO  Post /login 
14:32:53.371 INFO  User login: qwe@gmail.com 
14:32:53.554 INFO  Post /login 
14:32:53.569 INFO  User login: qwe@gmail.com 
14:32:54.039 INFO  Post /login 
14:32:54.055 INFO  User login: qwe@gmail.com 
14:32:54.224 INFO  Post /login 
14:32:54.255 INFO  User login: qwe@gmail.com 
14:32:54.393 INFO  Post /login 
14:32:54.471 INFO  User login: qwe@gmail.com 
14:32:54.610 INFO  Post /login 
14:32:54.610 INFO  User login: qwe@gmail.com 
14:32:54.710 INFO  Post /login 
14:32:54.710 INFO  User login: qwe@gmail.com 
14:32:54.841 INFO  Post /login 
14:32:54.873 INFO  User login: qwe@gmail.com 
14:32:55.026 INFO  Post /login 
14:32:55.042 INFO  User login: qwe@gmail.com 
14:32:55.073 INFO  Post /login 
14:32:55.073 INFO  User login: qwe@gmail.com 
14:32:55.111 INFO  Post /login 
14:32:55.127 INFO  User login: qwe@gmail.com 
14:34:24.929 INFO  Post /login 
14:34:24.991 INFO  User login: qwe@gmail.com 
14:34:25.079 INFO  Post /login 
14:34:25.133 INFO  User login: qwe@gmail.com 
14:34:25.318 INFO  Post /login 
14:34:25.346 INFO  User login: qwe@gmail.com 
14:34:25.402 INFO  Post /login 
14:34:25.442 INFO  User login: qwe@gmail.com 
14:34:25.665 INFO  Post /login 
14:34:25.696 INFO  User login: qwe@gmail.com 
14:34:25.982 INFO  Post /login 
14:34:25.997 INFO  User login: qwe@gmail.com 
14:34:26.135 INFO  Post /login 
14:34:26.151 INFO  User login: qwe@gmail.com 
14:34:26.251 INFO  Post /login 
14:34:26.267 INFO  User login: qwe@gmail.com 
14:34:26.298 INFO  Post /login 
14:34:26.320 INFO  User login: qwe@gmail.com 
14:34:26.374 INFO  Post /login 
14:34:26.389 INFO  User login: qwe@gmail.com 
14:34:26.405 INFO  /admin/courses/addTrainingProgram: Add Training Program :test create name of new training program 
14:34:26.536 INFO  Post /login 
14:34:26.536 INFO  User login: qwe@gmail.com 
14:34:26.621 INFO  /admin/courses/addTrainingProgram: Add Training Program :Linux Programming 
14:34:26.636 INFO  Post /login 
14:34:26.652 INFO  User login: qwe@gmail.com 
14:34:26.667 INFO  /admin/updateTrainingProgram: Update Training Program :undefined 
14:34:26.868 INFO  Post /login 
14:34:26.868 INFO  User login: qwe@gmail.com 
14:34:26.937 INFO  /admin/updateTrainingProgram: Update Training Program :undefined 
14:34:26.953 INFO  Post /login 
14:34:26.968 INFO  User login: qwe@gmail.com 
14:34:26.984 INFO  Get Delete Command 
14:35:34.846 INFO  Post /login 
14:35:34.884 INFO  User login: qwe@gmail.com 
14:35:34.984 INFO  Post /login 
14:35:35.015 INFO  User login: qwe@gmail.com 
14:35:35.216 INFO  Post /login 
14:35:35.216 INFO  User login: qwe@gmail.com 
14:35:35.301 INFO  Post /login 
14:35:35.316 INFO  User login: qwe@gmail.com 
14:35:35.532 INFO  Post /login 
14:35:35.548 INFO  User login: qwe@gmail.com 
14:35:35.670 INFO  Post /login 
14:35:35.670 INFO  User login: qwe@gmail.com 
14:35:35.802 INFO  Post /login 
14:35:35.802 INFO  User login: qwe@gmail.com 
14:35:35.902 INFO  Post /login 
14:35:35.902 INFO  User login: qwe@gmail.com 
14:35:35.934 INFO  Post /login 
14:35:35.949 INFO  User login: qwe@gmail.com 
14:35:36.018 INFO  Post /login 
14:35:36.049 INFO  User login: qwe@gmail.com 
14:35:36.065 INFO  /admin/courses/addTrainingProgram: Add Training Program :test create name of new training program 
14:35:36.165 INFO  Post /login 
14:35:36.172 INFO  User login: qwe@gmail.com 
14:35:36.250 INFO  /admin/courses/addTrainingProgram: Add Training Program :Linux Programming 
14:35:36.266 INFO  Post /login 
14:35:36.288 INFO  User login: qwe@gmail.com 
14:35:36.303 INFO  /admin/updateTrainingProgram: Update Training Program :undefined 
14:35:36.488 INFO  Post /login 
14:35:36.504 INFO  User login: qwe@gmail.com 
14:35:36.573 INFO  /admin/updateTrainingProgram: Update Training Program :undefined 
14:35:36.573 INFO  Post /login 
14:35:36.588 INFO  User login: qwe@gmail.com 
14:35:36.604 INFO  Get Delete Command 
14:35:36.773 INFO  Post /login 
14:35:36.789 INFO  User login: qwe@gmail.com 
14:35:36.820 INFO  Get Delete Command 
14:35:36.820 INFO  Post /login 
14:35:36.836 INFO  User login: qwe@gmail.com 
14:35:36.874 INFO  Post /login 
14:35:36.889 INFO  User login: qwe@gmail.com 
14:35:36.924 INFO  Post /login 
14:35:36.940 INFO  User login: qwe@gmail.com 
14:35:36.955 INFO  Post /login 
14:35:36.974 INFO  User login: qwe@gmail.com 
14:35:37.375 INFO  Post /login 
14:35:37.390 INFO  User login: qwe@gmail.com 
14:35:38.255 INFO  Post /login 
14:35:38.277 INFO  User login: qwe@gmail.com 
14:35:41.705 INFO  Post /login 
14:35:41.721 INFO  User login: qwe@gmail.com 
14:35:41.821 INFO  /admin/updateClass: update Class :undefined 
14:35:42.507 INFO  Post /login 
14:35:42.507 INFO  User login: qwe@gmail.com 
14:35:43.024 INFO  Post /login 
14:35:43.039 INFO  User login: qwe@gmail.com 
14:35:43.086 INFO  Post /login 
14:35:43.108 INFO  User login: qwe@gmail.com 
14:35:43.140 INFO  Post /login 
14:35:43.155 INFO  User login: qwe@gmail.com 
14:35:43.857 INFO  Post /login 
14:35:43.873 INFO  User login: qwe@gmail.com 
14:35:44.544 INFO  Post /login 
14:35:44.559 INFO  User login: qwe@gmail.com 
14:35:44.898 INFO  Post /login 
14:35:44.944 INFO  User login: qwe@gmail.com 
14:35:44.976 INFO  Post /login 
14:35:44.976 INFO  User login: qwe@gmail.com 
14:35:45.013 INFO  Post /login 
14:35:45.029 INFO  User login: qwe@gmail.com 
14:35:45.044 INFO  Post /login 
14:35:45.060 INFO  User login: qwe@gmail.com 
14:35:45.091 INFO  Post /login 
14:35:45.113 INFO  User login: qwe@gmail.com 
14:35:45.129 INFO  Post /login 
14:35:45.160 INFO  User login: qwe@gmail.com 
14:35:45.176 INFO  Post /login 
14:35:45.191 INFO  User login: qwe@gmail.com 
14:35:45.213 INFO  Post /login 
14:35:45.229 INFO  User login: qwe@gmail.com 
14:35:45.260 INFO  Post /login 
14:35:45.292 INFO  User login: qwe@gmail.com 
14:35:45.356 INFO  Post /login 
14:35:45.356 INFO  User login: qwe@gmail.com 
14:35:45.387 INFO  Post /login 
14:35:45.414 INFO  User login: qwe@gmail.com 
14:35:45.460 INFO  Post /login 
14:35:45.476 INFO  User login: qwe@gmail.com 
14:35:45.507 INFO  Post /login 
14:35:45.561 INFO  User login: qwe@gmail.com 
14:35:45.614 INFO  /common/course/getClassByCourseID:  
14:35:45.677 INFO  Post /login 
14:35:45.692 INFO  User login: qwe@gmail.com 
14:35:45.714 INFO  Post /login 
14:35:45.761 INFO  User login: qwe@gmail.com 
14:35:45.815 INFO  Post /login 
14:35:45.846 INFO  User login: qwe@gmail.com 
14:35:45.877 INFO  /common/course/getClassByCourseID:  
14:35:45.893 INFO  Post /login 
14:35:45.908 INFO  User login: qwe@gmail.com 
14:35:45.946 INFO  Post /login 
14:35:45.962 INFO  User login: qwe@gmail.com 
14:35:45.993 INFO  Post /login 
14:35:46.015 INFO  User login: qwe@gmail.com 
14:35:46.031 INFO  Post /login 
14:35:46.031 INFO  User login: qwe@gmail.com 
14:35:46.062 INFO  Post /login 
14:35:46.131 INFO  User login: qwe@gmail.com 
14:35:46.247 INFO  Post /login 
14:35:46.247 INFO  User login: qwe@gmail.com 
14:35:46.294 INFO  Post /login 
14:35:46.316 INFO  User login: qwe@gmail.com 
14:35:46.332 INFO  Post /login 
14:35:46.362 INFO  User login failed. 
14:35:46.362 INFO  Post /login 
14:35:46.416 INFO  User login: s3595082@rmit.edu.vn 
14:35:46.447 INFO  Post /login 
14:35:46.479 INFO  User login failed. 
14:35:46.479 INFO  Post /login 
14:35:46.510 INFO  User login failed. 
14:35:46.516 INFO  Post /login 
14:35:46.532 INFO  User login: nam@gmail.com 
14:35:46.563 INFO  Post /login 
14:35:46.563 INFO  User login failed. 
14:35:46.579 INFO  Post /login 
14:35:46.594 INFO  User login failed. 
14:35:46.594 INFO  Post /login 
14:35:46.648 INFO  User login failed. 
14:35:46.648 INFO  Post /login 
14:35:46.663 INFO  User login failed. 
14:35:46.663 INFO  Post /login 
14:35:46.695 INFO  User login failed. 
14:35:46.695 INFO  Post /login 
14:35:46.717 INFO  User login failed. 
14:35:46.717 INFO  Post /login 
14:35:46.748 INFO  User login failed. 
14:35:46.748 INFO  GET /logout 
14:35:46.764 INFO  Post /login 
14:35:46.795 INFO  User login: qwe@gmail.com 
14:35:46.817 INFO  Post /login 
14:35:46.848 INFO  User login: qwe@gmail.com 
14:35:47.355 INFO  Post /login 
14:35:47.357 INFO  User login: qwe@gmail.com 
14:35:47.925 INFO  Post /login 
14:35:47.940 INFO  User login: qwe@gmail.com 
14:35:48.172 INFO  Post /login 
14:35:48.188 INFO  User login: qwe@gmail.com 
14:35:48.658 INFO  Post /login 
14:35:48.673 INFO  User login: qwe@gmail.com 
14:35:49.062 INFO  Post /login 
14:35:49.062 INFO  User login: qwe@gmail.com 
14:35:49.372 INFO  Post /login 
14:35:49.388 INFO  User login: qwe@gmail.com 
14:35:49.564 INFO  Post /login 
14:35:49.564 INFO  User login: qwe@gmail.com 
14:35:49.679 INFO  Post /login 
14:35:49.679 INFO  User login: qwe@gmail.com 
14:35:49.711 INFO  Post /login 
14:35:49.733 INFO  User login: qwe@gmail.com 
14:35:49.748 INFO  Post /login 
14:35:49.764 INFO  User login: qwe@gmail.com 
14:35:49.783 INFO  Post /login 
14:35:49.799 INFO  User login: qwe@gmail.com 
14:35:49.814 INFO  Post /login 
14:35:49.833 INFO  User login: qwe@gmail.com 
14:35:49.849 INFO  Post /login 
14:35:49.864 INFO  User login: qwe@gmail.com 
14:35:49.895 INFO  Post /login 
14:35:49.895 INFO  User login: qwe@gmail.com 
14:35:49.933 INFO  Post /login 
14:35:49.964 INFO  User login: qwe@gmail.com 
14:35:50.234 INFO  Post /login 
14:35:50.250 INFO  User login: qwe@gmail.com 
14:35:50.553 INFO  Post /login 
14:35:50.553 INFO  User login: qwe@gmail.com 
14:35:50.700 INFO  Post /login 
14:35:50.715 INFO  User login: qwe@gmail.com 
14:35:50.945 INFO  Post /login 
14:35:50.952 INFO  User login: qwe@gmail.com 
14:35:50.970 INFO  Post /login 
14:35:50.986 INFO  User login: qwe@gmail.com 
14:35:51.033 INFO  Post /login 
14:35:51.056 INFO  User login: qwe@gmail.com 
14:35:51.072 INFO  Post /login 
14:35:51.088 INFO  User login: qwe@gmail.com 
14:35:51.119 INFO  Post /login 
14:35:51.138 INFO  User login: qwe@gmail.com 
14:35:51.185 INFO  Post /login 
14:35:51.201 INFO  User login: qwe@gmail.com 
14:35:51.301 INFO  Post /login 
14:35:51.316 INFO  User login: qwe@gmail.com 
14:35:51.394 INFO  Post /login 
14:35:51.410 INFO  User login: qwe@gmail.com 
14:35:51.470 INFO  Post /login 
14:35:51.501 INFO  User login: qwe@gmail.com 
14:35:51.570 INFO  Post /login 
14:35:51.570 INFO  User login: qwe@gmail.com 
14:35:51.918 INFO  Post /login 
14:35:51.918 INFO  User login: qwe@gmail.com 
14:35:52.347 INFO  Post /login 
14:35:52.360 INFO  User login: qwe@gmail.com 
14:35:52.673 INFO  Post /login 
14:35:52.689 INFO  User login: qwe@gmail.com 
14:35:52.958 INFO  Post /login 
14:35:52.974 INFO  User login: qwe@gmail.com 
14:35:53.105 INFO  Post /login 
14:35:53.105 INFO  User login: qwe@gmail.com 
14:35:53.560 INFO  Post /login 
14:35:53.576 INFO  User login: qwe@gmail.com 
14:35:53.823 INFO  Post /login 
14:35:53.845 INFO  User login: qwe@gmail.com 
14:35:54.196 INFO  Post /login 
14:35:54.212 INFO  User login: qwe@gmail.com 
14:35:54.766 INFO  Post /login 
14:35:54.782 INFO  User login: qwe@gmail.com 
14:35:54.998 INFO  Post /login 
14:35:55.014 INFO  User login: qwe@gmail.com 
14:35:55.130 INFO  Post /login 
14:35:55.130 INFO  User login: qwe@gmail.com 
14:35:55.246 INFO  Post /login 
14:35:55.305 INFO  User login: qwe@gmail.com 
14:35:55.338 INFO  Post /login 
14:35:55.346 INFO  User login: qwe@gmail.com 
14:35:55.374 INFO  Post /login 
14:35:55.406 INFO  User login: qwe@gmail.com 
14:35:55.453 INFO  Post /login 
14:35:55.453 INFO  User login: qwe@gmail.com 
14:35:55.484 INFO  Post /login 
14:35:55.499 INFO  User login: qwe@gmail.com 
14:35:55.531 INFO  Post /login 
14:35:55.546 INFO  User login: qwe@gmail.com 
14:35:55.568 INFO  Post /login 
14:35:55.600 INFO  User login: qwe@gmail.com 
14:35:55.631 INFO  Post /login 
14:35:55.653 INFO  User login: qwe@gmail.com 
14:35:55.716 INFO  Post /login 
14:35:55.716 INFO  User login: qwe@gmail.com 
14:35:55.785 INFO  Post /login 
14:35:55.800 INFO  User login: qwe@gmail.com 
14:35:55.854 INFO  Post /login 
14:35:55.854 INFO  User login: qwe@gmail.com 
14:35:55.885 INFO  Post /login 
14:35:55.901 INFO  User login: qwe@gmail.com 
14:35:55.947 INFO  Post /login 
14:35:55.954 INFO  User login: qwe@gmail.com 
14:35:55.985 INFO  Post /login 
14:35:56.001 INFO  User login: qwe@gmail.com 
14:35:56.048 INFO  Post /login 
14:35:56.070 INFO  User login: qwe@gmail.com 
14:35:56.117 INFO  Post /login 
14:35:56.117 INFO  User login: qwe@gmail.com 
14:35:56.148 INFO  Post /login 
14:35:56.170 INFO  User login: qwe@gmail.com 
14:35:56.201 INFO  Post /login 
14:35:56.271 INFO  User login: qwe@gmail.com 
14:35:56.317 INFO  Post /login 
14:35:56.416 INFO  User login: qwe@gmail.com 
14:35:56.618 INFO  Post /login 
14:35:56.634 INFO  User login: qwe@gmail.com 
14:35:56.934 INFO  Post /login 
14:35:56.950 INFO  User login: qwe@gmail.com 
14:35:57.151 INFO  Post /login 
14:35:57.157 INFO  User login: qwe@gmail.com 
14:35:57.304 INFO  Post /login 
14:35:57.339 INFO  User login: qwe@gmail.com 
14:35:57.420 INFO  Post /login 
14:35:57.436 INFO  User login: qwe@gmail.com 
14:35:57.521 INFO  Post /login 
14:35:57.536 INFO  User login: qwe@gmail.com 
14:35:57.690 INFO  Post /login 
14:35:57.690 INFO  User login: qwe@gmail.com 
14:35:57.859 INFO  Post /login 
14:35:57.875 INFO  User login: qwe@gmail.com 
14:35:57.906 INFO  Post /login 
14:35:57.921 INFO  User login: qwe@gmail.com 
14:35:57.937 INFO  Post /login 
14:35:57.959 INFO  User login: qwe@gmail.com 
14:52:33.947 INFO  Post /login 
14:52:34.002 INFO  User login: qwe@gmail.com 
14:52:34.071 INFO  Post /login 
14:52:34.084 INFO  User login: qwe@gmail.com 
14:52:34.342 INFO  Post /login 
14:52:34.356 INFO  User login: qwe@gmail.com 
14:52:34.440 INFO  Post /login 
14:52:34.455 INFO  User login: qwe@gmail.com 
14:52:34.672 INFO  Post /login 
14:52:34.702 INFO  User login: qwe@gmail.com 
14:52:34.777 INFO  Post /login 
14:52:34.802 INFO  User login: qwe@gmail.com 
14:52:34.976 INFO  Post /login 
14:52:35.000 INFO  User login: qwe@gmail.com 
14:52:35.208 INFO  Post /login 
14:52:35.225 INFO  User login: qwe@gmail.com 
14:52:35.241 INFO  Post /login 
14:52:35.256 INFO  User login: qwe@gmail.com 
14:52:35.319 INFO  Post /login 
14:52:35.347 INFO  User login: qwe@gmail.com 
14:52:35.358 INFO  /admin/courses/addTrainingProgram: Add Training Program :test create name of new training program 
14:52:35.472 INFO  Post /login 
14:52:35.514 INFO  User login: qwe@gmail.com 
14:52:35.546 INFO  /admin/courses/addTrainingProgram: Add Training Program :Linux Programming 
14:52:35.561 INFO  Post /login 
14:52:35.577 INFO  User login: qwe@gmail.com 
14:52:35.605 INFO  /admin/updateTrainingProgram: Update Training Program :undefined 
14:52:35.777 INFO  Post /login 
14:52:35.789 INFO  User login: qwe@gmail.com 
14:52:35.867 INFO  /admin/updateTrainingProgram: Update Training Program :undefined 
14:52:35.880 INFO  Post /login 
14:52:35.894 INFO  User login: qwe@gmail.com 
14:52:35.915 INFO  Get Delete Command 
14:52:36.089 INFO  Post /login 
14:52:36.136 INFO  User login: qwe@gmail.com 
14:52:36.152 INFO  Get Delete Command 
14:52:36.167 INFO  Post /login 
14:52:36.189 INFO  User login: qwe@gmail.com 
14:52:36.225 INFO  Post /login 
14:52:36.243 INFO  User login: qwe@gmail.com 
14:52:36.274 INFO  Post /login 
14:52:36.289 INFO  User login: qwe@gmail.com 
14:52:36.321 INFO  Post /login 
14:52:36.355 INFO  User login: qwe@gmail.com 
14:52:36.738 INFO  Post /login 
14:52:36.753 INFO  User login: qwe@gmail.com 
14:52:37.709 INFO  Post /login 
14:52:37.724 INFO  User login: qwe@gmail.com 
14:52:38.456 INFO  Post /login 
14:52:38.487 INFO  User login: qwe@gmail.com 
14:52:38.789 INFO  /admin/updateClass: update Class :undefined 
14:52:38.942 INFO  Post /login 
14:52:38.958 INFO  User login: qwe@gmail.com 
14:52:39.529 INFO  Post /login 
14:52:39.560 INFO  User login: qwe@gmail.com 
14:52:39.625 INFO  Post /login 
14:52:39.729 INFO  User login: qwe@gmail.com 
14:52:39.771 INFO  Post /login 
14:52:39.785 INFO  User login: qwe@gmail.com 
14:52:40.546 INFO  Post /login 
14:52:40.578 INFO  User login: qwe@gmail.com 
14:52:41.132 INFO  Post /login 
14:52:41.147 INFO  User login: qwe@gmail.com 
14:52:41.401 INFO  Post /login 
14:52:41.579 INFO  User login: qwe@gmail.com 
14:52:41.624 INFO  Post /login 
14:52:41.640 INFO  User login: qwe@gmail.com 
14:52:41.671 INFO  Post /login 
14:52:41.702 INFO  User login: qwe@gmail.com 
14:52:41.733 INFO  Post /login 
14:52:41.766 INFO  User login: qwe@gmail.com 
14:52:41.798 INFO  Post /login 
14:52:41.821 INFO  User login: qwe@gmail.com 
14:52:41.840 INFO  Post /login 
14:52:41.856 INFO  User login: qwe@gmail.com 
14:52:41.887 INFO  Post /login 
14:52:41.903 INFO  User login: qwe@gmail.com 
14:52:41.934 INFO  Post /login 
14:52:41.965 INFO  User login: qwe@gmail.com 
14:52:41.999 INFO  Post /login 
14:52:42.011 INFO  User login: qwe@gmail.com 
14:52:42.025 INFO  Post /login 
14:52:42.087 INFO  User login: qwe@gmail.com 
14:52:42.150 INFO  Post /login 
14:52:42.166 INFO  User login: qwe@gmail.com 
14:52:42.211 INFO  Post /login 
14:52:42.220 INFO  User login: qwe@gmail.com 
14:52:42.246 INFO  Post /login 
14:52:42.253 INFO  User login: qwe@gmail.com 
14:52:42.267 INFO  /common/course/getClassByCourseID:  
14:52:42.304 INFO  Post /login 
14:52:42.319 INFO  User login: qwe@gmail.com 
14:52:42.351 INFO  Post /login 
14:52:42.371 INFO  User login: qwe@gmail.com 
14:52:42.409 INFO  Post /login 
14:52:42.424 INFO  User login: qwe@gmail.com 
14:52:42.440 INFO  /common/course/getClassByCourseID:  
14:52:42.456 INFO  Post /login 
14:52:42.471 INFO  User login: qwe@gmail.com 
14:52:42.504 INFO  Post /login 
14:52:42.520 INFO  User login: qwe@gmail.com 
14:52:42.551 INFO  Post /login 
14:52:42.582 INFO  User login: qwe@gmail.com 
14:52:42.618 INFO  Post /login 
14:52:42.625 INFO  User login: qwe@gmail.com 
14:52:42.641 INFO  Post /login 
14:52:42.656 INFO  User login: qwe@gmail.com 
14:52:42.824 INFO  Post /login 
14:52:42.905 INFO  User login: qwe@gmail.com 
14:52:42.936 INFO  Post /login 
14:52:42.983 INFO  User login: qwe@gmail.com 
14:52:43.009 INFO  Post /login 
14:52:43.025 INFO  User login failed. 
14:52:43.026 INFO  Post /login 
14:52:43.057 INFO  User login: s3595082@rmit.edu.vn 
14:52:43.073 INFO  Post /login 
14:52:43.106 INFO  User login failed. 
14:52:43.106 INFO  Post /login 
14:52:43.137 INFO  User login failed. 
14:52:43.153 INFO  Post /login 
14:52:43.207 INFO  User login: nam@gmail.com 
14:52:43.211 INFO  Post /login 
14:52:43.221 INFO  User login failed. 
14:52:43.225 INFO  Post /login 
14:52:43.225 INFO  User login failed. 
14:52:43.241 INFO  Post /login 
14:52:43.272 INFO  User login failed. 
14:52:43.288 INFO  Post /login 
14:52:43.322 INFO  User login failed. 
14:52:43.322 INFO  Post /login 
14:52:43.405 INFO  User login failed. 
14:52:43.411 INFO  Post /login 
14:52:43.426 INFO  User login failed. 
14:52:43.441 INFO  Post /login 
14:52:43.457 INFO  User login failed. 
14:52:43.457 INFO  GET /logout 
14:52:43.457 INFO  Post /login 
14:52:43.472 INFO  User login: qwe@gmail.com 
14:52:43.497 INFO  Post /login 
14:52:43.522 INFO  User login: qwe@gmail.com 
14:52:44.062 INFO  Post /login 
14:52:44.070 INFO  User login: qwe@gmail.com 
14:52:44.518 INFO  Post /login 
14:52:44.534 INFO  User login: qwe@gmail.com 
14:52:44.771 INFO  Post /login 
14:52:44.838 INFO  User login: qwe@gmail.com 
14:52:45.216 INFO  Post /login 
14:52:45.263 INFO  User login: qwe@gmail.com 
14:52:45.591 INFO  Post /login 
14:52:45.654 INFO  User login: qwe@gmail.com 
14:52:46.071 INFO  Post /login 
14:52:46.086 INFO  User login: qwe@gmail.com 
14:52:46.258 INFO  Post /login 
14:52:46.289 INFO  User login: qwe@gmail.com 
14:52:46.368 INFO  Post /login 
14:52:46.377 INFO  User login: qwe@gmail.com 
14:52:46.405 INFO  Post /login 
14:52:46.413 INFO  User login: qwe@gmail.com 
14:52:46.425 INFO  Post /login 
14:52:46.444 INFO  User login: qwe@gmail.com 
14:52:46.459 INFO  Post /login 
14:52:46.459 INFO  User login: qwe@gmail.com 
14:52:46.490 INFO  Post /login 
14:52:46.512 INFO  User login: qwe@gmail.com 
14:52:46.527 INFO  Post /login 
14:52:46.543 INFO  User login: qwe@gmail.com 
14:52:46.574 INFO  Post /login 
14:52:46.590 INFO  User login: qwe@gmail.com 
14:52:46.628 INFO  Post /login 
14:52:46.674 INFO  User login: qwe@gmail.com 
14:52:46.875 INFO  Post /login 
14:52:46.875 INFO  User login: qwe@gmail.com 
14:52:47.214 INFO  Post /login 
14:52:47.214 INFO  User login: qwe@gmail.com 
14:52:47.340 INFO  Post /login 
14:52:47.351 INFO  User login: qwe@gmail.com 
14:52:47.646 INFO  Post /login 
14:52:47.661 INFO  User login: qwe@gmail.com 
14:52:47.708 INFO  Post /login 
14:52:47.730 INFO  User login: qwe@gmail.com 
14:52:47.762 INFO  Post /login 
14:52:47.762 INFO  User login: qwe@gmail.com 
14:52:47.796 INFO  Post /login 
14:52:47.815 INFO  User login: qwe@gmail.com 
14:52:47.846 INFO  Post /login 
14:52:47.846 INFO  User login: qwe@gmail.com 
14:52:47.909 INFO  Post /login 
14:52:47.915 INFO  User login: qwe@gmail.com 
14:52:47.993 INFO  Post /login 
14:52:48.015 INFO  User login: qwe@gmail.com 
14:52:48.078 INFO  Post /login 
14:52:48.109 INFO  User login: qwe@gmail.com 
14:52:48.163 INFO  Post /login 
14:52:48.178 INFO  User login: qwe@gmail.com 
14:52:48.245 INFO  Post /login 
14:52:48.254 INFO  User login: qwe@gmail.com 
14:52:48.549 INFO  Post /login 
14:52:48.564 INFO  User login: qwe@gmail.com 
14:52:48.897 INFO  Post /login 
14:52:48.919 INFO  User login: qwe@gmail.com 
14:52:49.219 INFO  Post /login 
14:52:49.235 INFO  User login: qwe@gmail.com 
14:52:49.497 INFO  Post /login 
14:52:49.513 INFO  User login: qwe@gmail.com 
14:52:49.620 INFO  Post /login 
14:52:49.636 INFO  User login: qwe@gmail.com 
14:52:49.968 INFO  Post /login 
14:52:49.983 INFO  User login: qwe@gmail.com 
14:52:50.359 INFO  Post /login 
14:52:50.395 INFO  User login: qwe@gmail.com 
14:52:50.757 INFO  Post /login 
14:52:50.773 INFO  User login: qwe@gmail.com 
14:52:51.300 INFO  Post /login 
14:52:51.315 INFO  User login: qwe@gmail.com 
14:52:51.499 INFO  Post /login 
14:52:51.506 INFO  User login: qwe@gmail.com 
14:52:51.637 INFO  Post /login 
14:52:51.644 INFO  User login: qwe@gmail.com 
14:52:51.759 INFO  Post /login 
14:52:51.767 INFO  User login: qwe@gmail.com 
14:52:51.798 INFO  Post /login 
14:52:51.814 INFO  User login: qwe@gmail.com 
14:52:51.864 INFO  Post /login 
14:52:51.875 INFO  User login: qwe@gmail.com 
14:52:51.932 INFO  Post /login 
14:52:51.947 INFO  User login: qwe@gmail.com 
14:52:51.999 INFO  Post /login 
14:52:52.012 INFO  User login: qwe@gmail.com 
14:52:52.042 INFO  Post /login 
14:52:52.049 INFO  User login: qwe@gmail.com 
14:52:52.080 INFO  Post /login 
14:52:52.104 INFO  User login: qwe@gmail.com 
14:52:52.129 INFO  Post /login 
14:52:52.144 INFO  User login: qwe@gmail.com 
14:52:52.175 INFO  Post /login 
14:52:52.185 INFO  User login: qwe@gmail.com 
14:52:52.229 INFO  Post /login 
14:52:52.244 INFO  User login: qwe@gmail.com 
14:52:52.260 INFO  Post /login 
14:52:52.307 INFO  User login: qwe@gmail.com 
14:52:52.371 INFO  Post /login 
14:52:52.371 INFO  User login: qwe@gmail.com 
14:52:52.416 INFO  Post /login 
14:52:52.424 INFO  User login: qwe@gmail.com 
14:52:52.445 INFO  Post /login 
14:52:52.460 INFO  User login: qwe@gmail.com 
14:52:52.576 INFO  Post /login 
14:52:52.592 INFO  User login: qwe@gmail.com 
14:52:52.608 INFO  Post /login 
14:52:52.630 INFO  User login: qwe@gmail.com 
14:52:52.645 INFO  Post /login 
14:52:52.661 INFO  User login: qwe@gmail.com 
14:52:52.692 INFO  Post /login 
14:52:52.708 INFO  User login: qwe@gmail.com 
14:52:52.730 INFO  Post /login 
14:52:52.746 INFO  User login: qwe@gmail.com 
14:52:52.846 INFO  Post /login 
14:52:52.862 INFO  User login: qwe@gmail.com 
14:52:53.078 INFO  Post /login 
14:52:53.093 INFO  User login: qwe@gmail.com 
14:52:53.278 INFO  Post /login 
14:52:53.294 INFO  User login: qwe@gmail.com 
14:52:53.447 INFO  Post /login 
14:52:53.463 INFO  User login: qwe@gmail.com 
14:52:53.563 INFO  Post /login 
14:52:53.579 INFO  User login: qwe@gmail.com 
14:52:53.663 INFO  Post /login 
14:52:53.679 INFO  User login: qwe@gmail.com 
14:52:53.779 INFO  Post /login 
14:52:53.779 INFO  User login: qwe@gmail.com 
14:52:53.980 INFO  Post /login 
14:52:53.980 INFO  User login: qwe@gmail.com 
14:52:54.011 INFO  Post /login 
14:52:54.033 INFO  User login: qwe@gmail.com 
14:52:54.064 INFO  Post /login 
14:52:54.064 INFO  User login: qwe@gmail.com 
15:22:15.419 INFO  Post /login 
15:22:15.524 INFO  User login failed. 
15:22:19.582 INFO  Post /login 
15:22:19.595 INFO  User login: qwe@gmail.com 

