09:35:47.798 INFO  Post /login 
09:35:47.832 INFO  User login: qwe@gmail.com 
09:38:55.000 INFO  Post /login 
09:38:55.041 INFO  User login: qwe@gmail.com 
10:45:45.664 INFO  Post /login 
10:45:45.699 INFO  User login: qwe@gmail.com 
11:20:09.427 INFO  /common/course/getClassByCourseID:  
11:27:15.625 INFO  /common/course/getClassByCourseID:  
11:28:17.832 INFO  /common/course/getClassByCourseID:  
13:08:22.391 INFO  /common/course/getClassByCourseID:  
15:33:26.184 INFO  Post /login 
15:33:26.282 INFO  User login failed. 
15:33:31.102 INFO  Post /login 
15:33:31.119 INFO  User login failed. 
15:33:34.101 INFO  Post /login 
15:33:34.129 INFO  User login failed. 
15:33:40.982 INFO  Post /login 
15:33:41.115 INFO  User login failed. 
15:33:45.134 INFO  Post /login 
15:33:45.149 INFO  User login failed. 
15:33:56.013 INFO  Post /login 
15:33:56.100 INFO  User login failed. 
15:34:03.674 INFO  Post /login 
15:34:03.693 INFO  User login failed. 
15:34:29.922 INFO  Post /login 
15:34:29.969 INFO  User login failed. 
15:34:36.857 INFO  Post /login 
15:34:36.892 INFO  User login failed. 
15:37:37.617 INFO  Post /login 
15:37:37.689 INFO  User login failed. 
15:39:20.260 INFO  Post /login 
15:39:20.276 INFO  User login: qwe@gmail.com 
15:40:02.637 INFO  GET /logout 
15:40:20.012 INFO  Post /login 
15:40:20.097 INFO  User login: qwe@gmail.com 
15:46:40.859 INFO  Post /login 
15:46:40.926 INFO  User login: qwe@gmail.com 
15:46:47.182 INFO  Post /login 
15:46:47.203 INFO  User login: abcs@gmail.com 
15:46:52.230 INFO  Post /login 
15:46:52.241 INFO  User login: qwe@gmail.com 
15:46:59.134 INFO  Post /login 
15:46:59.144 INFO  User login: abcs@gmail.com 
15:47:04.831 INFO  Post /login 
15:47:04.840 INFO  User login: qwe@gmail.com 
15:47:09.176 INFO  Post /login 
15:47:09.189 INFO  User login: abcs@gmail.com 
